[ 2017-02-22T10:33:02+08:00 ] 127.0.0.1 /
INFO: [ app_begin ] --START--
INFO: Run Behavior\ReadHtmlCache [ RunTime:0.003479s ]
INFO: [ app_begin ] --END-- [ RunTime:0.009609s ]
INFO: [ view_parse ] --START--
NOTIC: [2] ucfirst() expects parameter 1 to be string, array given E:\weixin\ThinkPHP\Library\Think\Storage.class.php 第 36 行.
INFO: Run Behavior\ParseTemplate [ RunTime:0.009471s ]
INFO: [ view_parse ] --END-- [ RunTime:0.010981s ]
INFO: [ view_filter ] --START--
INFO: Run Behavior\WriteHtmlCache [ RunTime:0.014829s ]
INFO: [ view_filter ] --END-- [ RunTime:0.016239s ]
INFO: [ app_end ] --START--
INFO: Run Behavior\ShowPageTrace [ RunTime:0.009538s ]
INFO: [ app_end ] --END-- [ RunTime:0.011195s ]

[ 2017-02-22T10:33:10+08:00 ] 127.0.0.1 /index.php/Admin/weixin/add
INFO: [ app_begin ] --START--
INFO: Run Behavior\ReadHtmlCache [ RunTime:0.001098s ]
INFO: [ app_begin ] --END-- [ RunTime:0.002905s ]
NOTIC: [8] A session had already been started - ignoring session_start() E:\weixin\ThinkPHP\Common\functions.php 第 1098 行.

[ 2017-02-22T10:33:10+08:00 ] 127.0.0.1 /index.php/Admin/login/index.html
INFO: [ app_begin ] --START--
INFO: Run Behavior\ReadHtmlCache [ RunTime:0.001224s ]
INFO: [ app_begin ] --END-- [ RunTime:0.003197s ]
INFO: [ view_parse ] --START--
INFO: [ template_filter ] --START--
INFO: Run Behavior\ContentReplace [ RunTime:0.000654s ]
INFO: [ template_filter ] --END-- [ RunTime:0.002455s ]
INFO: Run Behavior\ParseTemplate [ RunTime:0.092428s ]
INFO: [ view_parse ] --END-- [ RunTime:0.094058s ]
INFO: [ view_filter ] --START--
INFO: Run Behavior\WriteHtmlCache [ RunTime:0.001117s ]
INFO: [ view_filter ] --END-- [ RunTime:0.003006s ]
INFO: [ app_end ] --START--
INFO: Run Behavior\ShowPageTrace [ RunTime:0.001186s ]
INFO: [ app_end ] --END-- [ RunTime:0.002633s ]

[ 2017-02-22T10:33:18+08:00 ] 127.0.0.1 /index.php/Admin/login/index.html
INFO: [ app_begin ] --START--
INFO: Run Behavior\ReadHtmlCache [ RunTime:0.001276s ]
INFO: [ app_begin ] --END-- [ RunTime:0.003292s ]

[ 2017-02-22T10:33:18+08:00 ] 127.0.0.1 /index.php/Admin/weixin/index.html
INFO: [ app_begin ] --START--
INFO: Run Behavior\ReadHtmlCache [ RunTime:0.000976s ]
INFO: [ app_begin ] --END-- [ RunTime:0.002518s ]
NOTIC: [8] A session had already been started - ignoring session_start() E:\weixin\ThinkPHP\Common\functions.php 第 1098 行.
INFO: [ view_parse ] --START--
INFO: [ template_filter ] --START--
INFO: Run Behavior\ContentReplace [ RunTime:0.001371s ]
INFO: [ template_filter ] --END-- [ RunTime:0.004404s ]
INFO: Run Behavior\ParseTemplate [ RunTime:0.120002s ]
INFO: [ view_parse ] --END-- [ RunTime:0.122549s ]
INFO: [ view_filter ] --START--
INFO: Run Behavior\WriteHtmlCache [ RunTime:0.000928s ]
INFO: [ view_filter ] --END-- [ RunTime:0.002465s ]
INFO: [ app_end ] --START--
INFO: Run Behavior\ShowPageTrace [ RunTime:0.001373s ]
INFO: [ app_end ] --END-- [ RunTime:0.002981s ]

[ 2017-02-22T10:33:23+08:00 ] 127.0.0.1 /index.php/Admin/weixin/add
INFO: [ app_begin ] --START--
INFO: Run Behavior\ReadHtmlCache [ RunTime:0.001124s ]
INFO: [ app_begin ] --END-- [ RunTime:0.003252s ]
NOTIC: [8] A session had already been started - ignoring session_start() E:\weixin\ThinkPHP\Common\functions.php 第 1098 行.
SQL: SHOW COLUMNS FROM `access_token` [ RunTime:0.004677s ]
SQL: SELECT * FROM `access_token` LIMIT 1   [ RunTime:0.004738s ]
SQL: UPDATE `access_token` SET `access_token`='F3Bq4mLU5m6EL54FlMg8P5eS0JoIES1bPYN82nNKp6HByvpBubafl9eca2Du5SqGDmLWcsGtQg3oGc7a9-750fErmd5V31J_PwGij6nqkHFlIx0VhxTTh1bekTfHMx4_OXMbACAENC' WHERE ( id=1 ) [ RunTime:0.006451s ]
INFO: [ view_parse ] --START--
INFO: [ template_filter ] --START--
INFO: Run Behavior\ContentReplace [ RunTime:0.000731s ]
INFO: [ template_filter ] --END-- [ RunTime:0.002843s ]
INFO: Run Behavior\ParseTemplate [ RunTime:0.069717s ]
INFO: [ view_parse ] --END-- [ RunTime:0.072521s ]
INFO: [ view_filter ] --START--
INFO: Run Behavior\WriteHtmlCache [ RunTime:0.001233s ]
INFO: [ view_filter ] --END-- [ RunTime:0.003285s ]
INFO: [ app_end ] --START--
INFO: Run Behavior\ShowPageTrace [ RunTime:0.001834s ]
INFO: [ app_end ] --END-- [ RunTime:0.003836s ]

[ 2017-02-22T10:34:19+08:00 ] 127.0.0.1 /index.php/Admin/weixin/add
INFO: [ app_begin ] --START--
INFO: Run Behavior\ReadHtmlCache [ RunTime:0.001129s ]
INFO: [ app_begin ] --END-- [ RunTime:0.003200s ]
NOTIC: [8] A session had already been started - ignoring session_start() E:\weixin\ThinkPHP\Common\functions.php 第 1098 行.
SQL: SHOW COLUMNS FROM `access_token` [ RunTime:0.004835s ]
SQL: SELECT * FROM `access_token` LIMIT 1   [ RunTime:0.005390s ]
SQL: SELECT `access_token` FROM `access_token` WHERE ( id=1 ) LIMIT 1   [ RunTime:0.005567s ]
INFO: [ app_end ] --START--
INFO: Run Behavior\ShowPageTrace [ RunTime:0.003071s ]
INFO: [ app_end ] --END-- [ RunTime:0.005661s ]

[ 2017-02-22T10:35:19+08:00 ] 127.0.0.1 /index.php/Admin/weixin/add
INFO: [ app_begin ] --START--
INFO: Run Behavior\ReadHtmlCache [ RunTime:0.000960s ]
INFO: [ app_begin ] --END-- [ RunTime:0.002419s ]
NOTIC: [8] A session had already been started - ignoring session_start() E:\weixin\ThinkPHP\Common\functions.php 第 1098 行.
SQL: SHOW COLUMNS FROM `access_token` [ RunTime:0.006161s ]
SQL: SELECT * FROM `access_token` LIMIT 1   [ RunTime:0.005303s ]
SQL: SELECT `access_token` FROM `access_token` WHERE ( id=1 ) LIMIT 1   [ RunTime:0.006088s ]
INFO: [ app_end ] --START--
INFO: Run Behavior\ShowPageTrace [ RunTime:0.003833s ]
INFO: [ app_end ] --END-- [ RunTime:0.007430s ]

[ 2017-02-22T10:35:22+08:00 ] 127.0.0.1 /index.php/Admin/weixin/add
INFO: [ app_begin ] --START--
INFO: Run Behavior\ReadHtmlCache [ RunTime:0.000919s ]
INFO: [ app_begin ] --END-- [ RunTime:0.002488s ]
NOTIC: [8] A session had already been started - ignoring session_start() E:\weixin\ThinkPHP\Common\functions.php 第 1098 行.
SQL: SHOW COLUMNS FROM `access_token` [ RunTime:0.004389s ]
SQL: SELECT * FROM `access_token` LIMIT 1   [ RunTime:0.005510s ]
SQL: SELECT `access_token` FROM `access_token` WHERE ( id=1 ) LIMIT 1   [ RunTime:0.003820s ]
INFO: [ app_end ] --START--
INFO: Run Behavior\ShowPageTrace [ RunTime:0.001014s ]
INFO: [ app_end ] --END-- [ RunTime:0.002132s ]

[ 2017-02-22T10:35:23+08:00 ] 127.0.0.1 /index.php/Admin/weixin/add
INFO: [ app_begin ] --START--
INFO: Run Behavior\ReadHtmlCache [ RunTime:0.001257s ]
INFO: [ app_begin ] --END-- [ RunTime:0.002930s ]
NOTIC: [8] A session had already been started - ignoring session_start() E:\weixin\ThinkPHP\Common\functions.php 第 1098 行.
SQL: SHOW COLUMNS FROM `access_token` [ RunTime:0.006643s ]
SQL: SELECT * FROM `access_token` LIMIT 1   [ RunTime:0.006244s ]
SQL: SELECT `access_token` FROM `access_token` WHERE ( id=1 ) LIMIT 1   [ RunTime:0.006818s ]
INFO: [ app_end ] --START--
INFO: Run Behavior\ShowPageTrace [ RunTime:0.003165s ]
INFO: [ app_end ] --END-- [ RunTime:0.007534s ]

[ 2017-02-22T10:35:23+08:00 ] 127.0.0.1 /index.php/Admin/weixin/add
INFO: [ app_begin ] --START--
INFO: Run Behavior\ReadHtmlCache [ RunTime:0.001162s ]
INFO: [ app_begin ] --END-- [ RunTime:0.003019s ]
NOTIC: [8] A session had already been started - ignoring session_start() E:\weixin\ThinkPHP\Common\functions.php 第 1098 行.
SQL: SHOW COLUMNS FROM `access_token` [ RunTime:0.006534s ]
SQL: SELECT * FROM `access_token` LIMIT 1   [ RunTime:0.006895s ]
SQL: SELECT `access_token` FROM `access_token` WHERE ( id=1 ) LIMIT 1   [ RunTime:0.005273s ]
INFO: [ app_end ] --START--
INFO: Run Behavior\ShowPageTrace [ RunTime:0.001108s ]
INFO: [ app_end ] --END-- [ RunTime:0.002262s ]

[ 2017-02-22T10:35:24+08:00 ] 127.0.0.1 /index.php/Admin/weixin/add
INFO: [ app_begin ] --START--
INFO: Run Behavior\ReadHtmlCache [ RunTime:0.001077s ]
INFO: [ app_begin ] --END-- [ RunTime:0.003062s ]
NOTIC: [8] A session had already been started - ignoring session_start() E:\weixin\ThinkPHP\Common\functions.php 第 1098 行.
SQL: SHOW COLUMNS FROM `access_token` [ RunTime:0.006148s ]
SQL: SELECT * FROM `access_token` LIMIT 1   [ RunTime:0.006104s ]
SQL: SELECT `access_token` FROM `access_token` WHERE ( id=1 ) LIMIT 1   [ RunTime:0.005227s ]
INFO: [ app_end ] --START--
INFO: Run Behavior\ShowPageTrace [ RunTime:0.001552s ]
INFO: [ app_end ] --END-- [ RunTime:0.003329s ]

[ 2017-02-22T10:35:25+08:00 ] 127.0.0.1 /index.php/Admin/weixin/add
INFO: [ app_begin ] --START--
INFO: Run Behavior\ReadHtmlCache [ RunTime:0.001073s ]
INFO: [ app_begin ] --END-- [ RunTime:0.002784s ]
NOTIC: [8] A session had already been started - ignoring session_start() E:\weixin\ThinkPHP\Common\functions.php 第 1098 行.
SQL: SHOW COLUMNS FROM `access_token` [ RunTime:0.005296s ]
SQL: SELECT * FROM `access_token` LIMIT 1   [ RunTime:0.006821s ]
SQL: SELECT `access_token` FROM `access_token` WHERE ( id=1 ) LIMIT 1   [ RunTime:0.004866s ]
INFO: [ app_end ] --START--
INFO: Run Behavior\ShowPageTrace [ RunTime:0.002036s ]
INFO: [ app_end ] --END-- [ RunTime:0.004636s ]

[ 2017-02-22T10:35:27+08:00 ] 127.0.0.1 /index.php/Admin/weixin/add
INFO: [ app_begin ] --START--
INFO: Run Behavior\ReadHtmlCache [ RunTime:0.001117s ]
INFO: [ app_begin ] --END-- [ RunTime:0.003469s ]
NOTIC: [8] A session had already been started - ignoring session_start() E:\weixin\ThinkPHP\Common\functions.php 第 1098 行.
SQL: SHOW COLUMNS FROM `access_token` [ RunTime:0.006434s ]
SQL: SELECT * FROM `access_token` LIMIT 1   [ RunTime:0.005375s ]
SQL: SELECT `access_token` FROM `access_token` WHERE ( id=1 ) LIMIT 1   [ RunTime:0.006722s ]
INFO: [ app_end ] --START--
INFO: Run Behavior\ShowPageTrace [ RunTime:0.002880s ]
INFO: [ app_end ] --END-- [ RunTime:0.007516s ]

[ 2017-02-22T10:35:28+08:00 ] 127.0.0.1 /index.php/Admin/weixin/add
INFO: [ app_begin ] --START--
INFO: Run Behavior\ReadHtmlCache [ RunTime:0.000915s ]
INFO: [ app_begin ] --END-- [ RunTime:0.002361s ]
NOTIC: [8] A session had already been started - ignoring session_start() E:\weixin\ThinkPHP\Common\functions.php 第 1098 行.
SQL: SHOW COLUMNS FROM `access_token` [ RunTime:0.005051s ]
SQL: SELECT * FROM `access_token` LIMIT 1   [ RunTime:0.005155s ]
SQL: SELECT `access_token` FROM `access_token` WHERE ( id=1 ) LIMIT 1   [ RunTime:0.004288s ]
INFO: [ app_end ] --START--
INFO: Run Behavior\ShowPageTrace [ RunTime:0.002171s ]
INFO: [ app_end ] --END-- [ RunTime:0.004348s ]

[ 2017-02-22T10:35:29+08:00 ] 127.0.0.1 /index.php/Admin/weixin/add
INFO: [ app_begin ] --START--
INFO: Run Behavior\ReadHtmlCache [ RunTime:0.001063s ]
INFO: [ app_begin ] --END-- [ RunTime:0.002730s ]
NOTIC: [8] A session had already been started - ignoring session_start() E:\weixin\ThinkPHP\Common\functions.php 第 1098 行.
SQL: SHOW COLUMNS FROM `access_token` [ RunTime:0.004493s ]
SQL: SELECT * FROM `access_token` LIMIT 1   [ RunTime:0.005410s ]
SQL: SELECT `access_token` FROM `access_token` WHERE ( id=1 ) LIMIT 1   [ RunTime:0.005053s ]
INFO: [ app_end ] --START--
INFO: Run Behavior\ShowPageTrace [ RunTime:0.001783s ]
INFO: [ app_end ] --END-- [ RunTime:0.003785s ]

[ 2017-02-22T10:35:29+08:00 ] 127.0.0.1 /index.php/Admin/weixin/add
INFO: [ app_begin ] --START--
INFO: Run Behavior\ReadHtmlCache [ RunTime:0.001677s ]
INFO: [ app_begin ] --END-- [ RunTime:0.003773s ]
NOTIC: [8] A session had already been started - ignoring session_start() E:\weixin\ThinkPHP\Common\functions.php 第 1098 行.
SQL: SHOW COLUMNS FROM `access_token` [ RunTime:0.005508s ]
SQL: SELECT * FROM `access_token` LIMIT 1   [ RunTime:0.005297s ]
SQL: SELECT `access_token` FROM `access_token` WHERE ( id=1 ) LIMIT 1   [ RunTime:0.005346s ]
INFO: [ app_end ] --START--
INFO: Run Behavior\ShowPageTrace [ RunTime:0.003590s ]
INFO: [ app_end ] --END-- [ RunTime:0.007211s ]

[ 2017-02-22T10:35:30+08:00 ] 127.0.0.1 /index.php/Admin/weixin/add
INFO: [ app_begin ] --START--
INFO: Run Behavior\ReadHtmlCache [ RunTime:0.001418s ]
INFO: [ app_begin ] --END-- [ RunTime:0.003443s ]
NOTIC: [8] A session had already been started - ignoring session_start() E:\weixin\ThinkPHP\Common\functions.php 第 1098 行.
SQL: SHOW COLUMNS FROM `access_token` [ RunTime:0.004800s ]
SQL: SELECT * FROM `access_token` LIMIT 1   [ RunTime:0.005329s ]
SQL: SELECT `access_token` FROM `access_token` WHERE ( id=1 ) LIMIT 1   [ RunTime:0.005636s ]
INFO: [ app_end ] --START--
INFO: Run Behavior\ShowPageTrace [ RunTime:0.001458s ]
INFO: [ app_end ] --END-- [ RunTime:0.002746s ]

[ 2017-02-22T11:10:04+08:00 ] 127.0.0.1 /index.php/Admin/weixin/add
INFO: [ app_begin ] --START--
INFO: Run Behavior\ReadHtmlCache [ RunTime:0.059227s ]
INFO: [ app_begin ] --END-- [ RunTime:0.138929s ]
NOTIC: [8] A session had already been started - ignoring session_start() E:\weixin\ThinkPHP\Common\functions.php 第 1098 行.
SQL: SHOW COLUMNS FROM `access_token` [ RunTime:0.004615s ]
SQL: SELECT * FROM `access_token` LIMIT 1   [ RunTime:0.005355s ]
SQL: SELECT `access_token` FROM `access_token` WHERE ( id=1 ) LIMIT 1   [ RunTime:0.005520s ]
INFO: [ app_end ] --START--
INFO: Run Behavior\ShowPageTrace [ RunTime:0.051473s ]
INFO: [ app_end ] --END-- [ RunTime:0.055258s ]

[ 2017-02-22T11:10:06+08:00 ] 127.0.0.1 /index.php/Admin/weixin/add
INFO: [ app_begin ] --START--
INFO: Run Behavior\ReadHtmlCache [ RunTime:0.001056s ]
INFO: [ app_begin ] --END-- [ RunTime:0.002472s ]
NOTIC: [8] A session had already been started - ignoring session_start() E:\weixin\ThinkPHP\Common\functions.php 第 1098 行.
SQL: SHOW COLUMNS FROM `access_token` [ RunTime:0.004588s ]
SQL: SELECT * FROM `access_token` LIMIT 1   [ RunTime:0.005029s ]
SQL: SELECT `access_token` FROM `access_token` WHERE ( id=1 ) LIMIT 1   [ RunTime:0.005192s ]
INFO: [ app_end ] --START--
INFO: Run Behavior\ShowPageTrace [ RunTime:0.002250s ]
INFO: [ app_end ] --END-- [ RunTime:0.004915s ]

[ 2017-02-22T11:10:08+08:00 ] 127.0.0.1 /index.php/Admin/weixin/add
INFO: [ app_begin ] --START--
INFO: Run Behavior\ReadHtmlCache [ RunTime:0.001791s ]
INFO: [ app_begin ] --END-- [ RunTime:0.003506s ]
NOTIC: [8] A session had already been started - ignoring session_start() E:\weixin\ThinkPHP\Common\functions.php 第 1098 行.
SQL: SHOW COLUMNS FROM `access_token` [ RunTime:0.004916s ]
SQL: SELECT * FROM `access_token` LIMIT 1   [ RunTime:0.005545s ]
SQL: SELECT `access_token` FROM `access_token` WHERE ( id=1 ) LIMIT 1   [ RunTime:0.004858s ]
INFO: [ app_end ] --START--
INFO: Run Behavior\ShowPageTrace [ RunTime:0.001041s ]
INFO: [ app_end ] --END-- [ RunTime:0.002131s ]

[ 2017-02-22T11:10:09+08:00 ] 127.0.0.1 /index.php/Admin/weixin/add
INFO: [ app_begin ] --START--
INFO: Run Behavior\ReadHtmlCache [ RunTime:0.002024s ]
INFO: [ app_begin ] --END-- [ RunTime:0.008983s ]
NOTIC: [8] A session had already been started - ignoring session_start() E:\weixin\ThinkPHP\Common\functions.php 第 1098 行.
SQL: SHOW COLUMNS FROM `access_token` [ RunTime:0.007043s ]
SQL: SELECT * FROM `access_token` LIMIT 1   [ RunTime:0.006339s ]
SQL: SELECT `access_token` FROM `access_token` WHERE ( id=1 ) LIMIT 1   [ RunTime:0.006108s ]
INFO: [ app_end ] --START--
INFO: Run Behavior\ShowPageTrace [ RunTime:0.001075s ]
INFO: [ app_end ] --END-- [ RunTime:0.002300s ]

[ 2017-02-22T11:11:06+08:00 ] 127.0.0.1 /index.php/Admin/weixin/add
INFO: [ app_begin ] --START--
INFO: Run Behavior\ReadHtmlCache [ RunTime:0.001090s ]
INFO: [ app_begin ] --END-- [ RunTime:0.002843s ]
NOTIC: [8] A session had already been started - ignoring session_start() E:\weixin\ThinkPHP\Common\functions.php 第 1098 行.
NOTIC: [2] mysql_connect(): Access denied for user ''@'123.113.96.142' (using password: NO) E:\weixin\ThinkPHP\Library\Think\Db\Driver\Mysql.class.php 第 52 行.
ERR: Access denied for user ''@'123.113.96.142' (using password: NO)

[ 2017-02-22T11:22:22+08:00 ] 127.0.0.1 /index.php/Admin/weixin/add
INFO: [ app_begin ] --START--
INFO: Run Behavior\ReadHtmlCache [ RunTime:0.001244s ]
INFO: [ app_begin ] --END-- [ RunTime:0.003055s ]
NOTIC: [8] A session had already been started - ignoring session_start() E:\weixin\ThinkPHP\Common\functions.php 第 1098 行.
NOTIC: [2] mysql_connect(): Host '123.113.96.142' is not allowed to connect to this MySQL server E:\weixin\ThinkPHP\Library\Think\Db\Driver\Mysql.class.php 第 52 行.
ERR: Host '123.113.96.142' is not allowed to connect to this MySQL server

[ 2017-02-22T11:22:27+08:00 ] 127.0.0.1 /index.php/Admin/weixin/add
INFO: [ app_begin ] --START--
INFO: Run Behavior\ReadHtmlCache [ RunTime:0.000915s ]
INFO: [ app_begin ] --END-- [ RunTime:0.002453s ]
NOTIC: [8] A session had already been started - ignoring session_start() E:\weixin\ThinkPHP\Common\functions.php 第 1098 行.
NOTIC: [2] mysql_connect(): Host '123.113.96.142' is not allowed to connect to this MySQL server E:\weixin\ThinkPHP\Library\Think\Db\Driver\Mysql.class.php 第 52 行.
ERR: Host '123.113.96.142' is not allowed to connect to this MySQL server

[ 2017-02-22T11:22:28+08:00 ] 127.0.0.1 /index.php/Admin/weixin/add
INFO: [ app_begin ] --START--
INFO: Run Behavior\ReadHtmlCache [ RunTime:0.001279s ]
INFO: [ app_begin ] --END-- [ RunTime:0.003161s ]
NOTIC: [8] A session had already been started - ignoring session_start() E:\weixin\ThinkPHP\Common\functions.php 第 1098 行.
NOTIC: [2] mysql_connect(): Host '123.113.96.142' is not allowed to connect to this MySQL server E:\weixin\ThinkPHP\Library\Think\Db\Driver\Mysql.class.php 第 52 行.
ERR: Host '123.113.96.142' is not allowed to connect to this MySQL server

[ 2017-02-22T11:22:28+08:00 ] 127.0.0.1 /index.php/Admin/weixin/add
INFO: [ app_begin ] --START--
INFO: Run Behavior\ReadHtmlCache [ RunTime:0.001120s ]
INFO: [ app_begin ] --END-- [ RunTime:0.002829s ]
NOTIC: [8] A session had already been started - ignoring session_start() E:\weixin\ThinkPHP\Common\functions.php 第 1098 行.
NOTIC: [2] mysql_connect(): Host '123.113.96.142' is not allowed to connect to this MySQL server E:\weixin\ThinkPHP\Library\Think\Db\Driver\Mysql.class.php 第 52 行.
ERR: Host '123.113.96.142' is not allowed to connect to this MySQL server

[ 2017-02-22T11:22:29+08:00 ] 127.0.0.1 /index.php/Admin/weixin/add
INFO: [ app_begin ] --START--
INFO: Run Behavior\ReadHtmlCache [ RunTime:0.001430s ]
INFO: [ app_begin ] --END-- [ RunTime:0.003130s ]
NOTIC: [8] A session had already been started - ignoring session_start() E:\weixin\ThinkPHP\Common\functions.php 第 1098 行.
NOTIC: [2] mysql_connect(): Host '123.113.96.142' is not allowed to connect to this MySQL server E:\weixin\ThinkPHP\Library\Think\Db\Driver\Mysql.class.php 第 52 行.
ERR: Host '123.113.96.142' is not allowed to connect to this MySQL server

[ 2017-02-22T11:22:29+08:00 ] 127.0.0.1 /index.php/Admin/weixin/add
INFO: [ app_begin ] --START--
INFO: Run Behavior\ReadHtmlCache [ RunTime:0.001080s ]
INFO: [ app_begin ] --END-- [ RunTime:0.002553s ]
NOTIC: [8] A session had already been started - ignoring session_start() E:\weixin\ThinkPHP\Common\functions.php 第 1098 行.
NOTIC: [2] mysql_connect(): Host '123.113.96.142' is not allowed to connect to this MySQL server E:\weixin\ThinkPHP\Library\Think\Db\Driver\Mysql.class.php 第 52 行.
ERR: Host '123.113.96.142' is not allowed to connect to this MySQL server

[ 2017-02-22T11:22:29+08:00 ] 127.0.0.1 /index.php/Admin/weixin/add
INFO: [ app_begin ] --START--
INFO: Run Behavior\ReadHtmlCache [ RunTime:0.000993s ]
INFO: [ app_begin ] --END-- [ RunTime:0.002500s ]
NOTIC: [8] A session had already been started - ignoring session_start() E:\weixin\ThinkPHP\Common\functions.php 第 1098 行.
NOTIC: [2] mysql_connect(): Host '123.113.96.142' is not allowed to connect to this MySQL server E:\weixin\ThinkPHP\Library\Think\Db\Driver\Mysql.class.php 第 52 行.
ERR: Host '123.113.96.142' is not allowed to connect to this MySQL server

[ 2017-02-22T11:22:29+08:00 ] 127.0.0.1 /index.php/Admin/weixin/add
INFO: [ app_begin ] --START--
INFO: Run Behavior\ReadHtmlCache [ RunTime:0.001587s ]
INFO: [ app_begin ] --END-- [ RunTime:0.003665s ]
NOTIC: [8] A session had already been started - ignoring session_start() E:\weixin\ThinkPHP\Common\functions.php 第 1098 行.
NOTIC: [2] mysql_connect(): Host '123.113.96.142' is not allowed to connect to this MySQL server E:\weixin\ThinkPHP\Library\Think\Db\Driver\Mysql.class.php 第 52 行.
ERR: Host '123.113.96.142' is not allowed to connect to this MySQL server

[ 2017-02-22T11:22:30+08:00 ] 127.0.0.1 /index.php/Admin/weixin/add
INFO: [ app_begin ] --START--
INFO: Run Behavior\ReadHtmlCache [ RunTime:0.000943s ]
INFO: [ app_begin ] --END-- [ RunTime:0.002450s ]
NOTIC: [8] A session had already been started - ignoring session_start() E:\weixin\ThinkPHP\Common\functions.php 第 1098 行.
NOTIC: [2] mysql_connect(): Host '123.113.96.142' is not allowed to connect to this MySQL server E:\weixin\ThinkPHP\Library\Think\Db\Driver\Mysql.class.php 第 52 行.
ERR: Host '123.113.96.142' is not allowed to connect to this MySQL server

[ 2017-02-22T11:22:30+08:00 ] 127.0.0.1 /index.php/Admin/weixin/add
INFO: [ app_begin ] --START--
INFO: Run Behavior\ReadHtmlCache [ RunTime:0.000913s ]
INFO: [ app_begin ] --END-- [ RunTime:0.002385s ]
NOTIC: [8] A session had already been started - ignoring session_start() E:\weixin\ThinkPHP\Common\functions.php 第 1098 行.
NOTIC: [2] mysql_connect(): Host '123.113.96.142' is not allowed to connect to this MySQL server E:\weixin\ThinkPHP\Library\Think\Db\Driver\Mysql.class.php 第 52 行.
ERR: Host '123.113.96.142' is not allowed to connect to this MySQL server

[ 2017-02-22T11:28:08+08:00 ] 127.0.0.1 /index.php/Admin/weixin/add
INFO: [ app_begin ] --START--
INFO: Run Behavior\ReadHtmlCache [ RunTime:0.001155s ]
INFO: [ app_begin ] --END-- [ RunTime:0.002894s ]
NOTIC: [8] A session had already been started - ignoring session_start() E:\weixin\ThinkPHP\Common\functions.php 第 1098 行.
NOTIC: [2] mysql_connect(): Host '123.113.96.142' is not allowed to connect to this MySQL server E:\weixin\ThinkPHP\Library\Think\Db\Driver\Mysql.class.php 第 52 行.
ERR: Host '123.113.96.142' is not allowed to connect to this MySQL server

[ 2017-02-22T11:28:10+08:00 ] 127.0.0.1 /index.php/Admin/weixin/add
INFO: [ app_begin ] --START--
INFO: Run Behavior\ReadHtmlCache [ RunTime:0.000924s ]
INFO: [ app_begin ] --END-- [ RunTime:0.002479s ]
NOTIC: [8] A session had already been started - ignoring session_start() E:\weixin\ThinkPHP\Common\functions.php 第 1098 行.
NOTIC: [2] mysql_connect(): Host '123.113.96.142' is not allowed to connect to this MySQL server E:\weixin\ThinkPHP\Library\Think\Db\Driver\Mysql.class.php 第 52 行.
ERR: Host '123.113.96.142' is not allowed to connect to this MySQL server

[ 2017-02-22T11:28:11+08:00 ] 127.0.0.1 /index.php/Admin/weixin/add
INFO: [ app_begin ] --START--
INFO: Run Behavior\ReadHtmlCache [ RunTime:0.001790s ]
INFO: [ app_begin ] --END-- [ RunTime:0.005343s ]
NOTIC: [8] A session had already been started - ignoring session_start() E:\weixin\ThinkPHP\Common\functions.php 第 1098 行.
NOTIC: [2] mysql_connect(): Host '123.113.96.142' is not allowed to connect to this MySQL server E:\weixin\ThinkPHP\Library\Think\Db\Driver\Mysql.class.php 第 52 行.
ERR: Host '123.113.96.142' is not allowed to connect to this MySQL server

[ 2017-02-22T11:28:11+08:00 ] 127.0.0.1 /index.php/Admin/weixin/add
INFO: [ app_begin ] --START--
INFO: Run Behavior\ReadHtmlCache [ RunTime:0.000915s ]
INFO: [ app_begin ] --END-- [ RunTime:0.002385s ]
NOTIC: [8] A session had already been started - ignoring session_start() E:\weixin\ThinkPHP\Common\functions.php 第 1098 行.
NOTIC: [2] mysql_connect(): Host '123.113.96.142' is not allowed to connect to this MySQL server E:\weixin\ThinkPHP\Library\Think\Db\Driver\Mysql.class.php 第 52 行.
ERR: Host '123.113.96.142' is not allowed to connect to this MySQL server

[ 2017-02-22T11:28:12+08:00 ] 127.0.0.1 /index.php/Admin/weixin/add
INFO: [ app_begin ] --START--
INFO: Run Behavior\ReadHtmlCache [ RunTime:0.001295s ]
INFO: [ app_begin ] --END-- [ RunTime:0.003446s ]
NOTIC: [8] A session had already been started - ignoring session_start() E:\weixin\ThinkPHP\Common\functions.php 第 1098 行.
NOTIC: [2] mysql_connect(): Host '123.113.96.142' is not allowed to connect to this MySQL server E:\weixin\ThinkPHP\Library\Think\Db\Driver\Mysql.class.php 第 52 行.
ERR: Host '123.113.96.142' is not allowed to connect to this MySQL server

[ 2017-02-22T11:28:12+08:00 ] 127.0.0.1 /index.php/Admin/weixin/add
INFO: [ app_begin ] --START--
INFO: Run Behavior\ReadHtmlCache [ RunTime:0.001212s ]
INFO: [ app_begin ] --END-- [ RunTime:0.003550s ]
NOTIC: [8] A session had already been started - ignoring session_start() E:\weixin\ThinkPHP\Common\functions.php 第 1098 行.
NOTIC: [2] mysql_connect(): Host '123.113.96.142' is not allowed to connect to this MySQL server E:\weixin\ThinkPHP\Library\Think\Db\Driver\Mysql.class.php 第 52 行.
ERR: Host '123.113.96.142' is not allowed to connect to this MySQL server

[ 2017-02-22T11:28:13+08:00 ] 127.0.0.1 /index.php/Admin/weixin/add
INFO: [ app_begin ] --START--
INFO: Run Behavior\ReadHtmlCache [ RunTime:0.001183s ]
INFO: [ app_begin ] --END-- [ RunTime:0.003315s ]
NOTIC: [8] A session had already been started - ignoring session_start() E:\weixin\ThinkPHP\Common\functions.php 第 1098 行.
NOTIC: [2] mysql_connect(): Host '123.113.96.142' is not allowed to connect to this MySQL server E:\weixin\ThinkPHP\Library\Think\Db\Driver\Mysql.class.php 第 52 行.
ERR: Host '123.113.96.142' is not allowed to connect to this MySQL server

[ 2017-02-22T11:28:13+08:00 ] 127.0.0.1 /index.php/Admin/weixin/add
INFO: [ app_begin ] --START--
INFO: Run Behavior\ReadHtmlCache [ RunTime:0.001092s ]
INFO: [ app_begin ] --END-- [ RunTime:0.002825s ]
NOTIC: [8] A session had already been started - ignoring session_start() E:\weixin\ThinkPHP\Common\functions.php 第 1098 行.
NOTIC: [2] mysql_connect(): Host '123.113.96.142' is not allowed to connect to this MySQL server E:\weixin\ThinkPHP\Library\Think\Db\Driver\Mysql.class.php 第 52 行.
ERR: Host '123.113.96.142' is not allowed to connect to this MySQL server

[ 2017-02-22T11:28:13+08:00 ] 127.0.0.1 /index.php/Admin/weixin/add
INFO: [ app_begin ] --START--
INFO: Run Behavior\ReadHtmlCache [ RunTime:0.001073s ]
INFO: [ app_begin ] --END-- [ RunTime:0.002782s ]
NOTIC: [8] A session had already been started - ignoring session_start() E:\weixin\ThinkPHP\Common\functions.php 第 1098 行.
NOTIC: [2] mysql_connect(): Host '123.113.96.142' is not allowed to connect to this MySQL server E:\weixin\ThinkPHP\Library\Think\Db\Driver\Mysql.class.php 第 52 行.
ERR: Host '123.113.96.142' is not allowed to connect to this MySQL server

[ 2017-02-22T11:28:38+08:00 ] 127.0.0.1 /index.php/Admin/weixin/add
INFO: [ app_begin ] --START--
INFO: Run Behavior\ReadHtmlCache [ RunTime:0.001168s ]
INFO: [ app_begin ] --END-- [ RunTime:0.003211s ]
NOTIC: [8] A session had already been started - ignoring session_start() E:\weixin\ThinkPHP\Common\functions.php 第 1098 行.
SQL: SHOW COLUMNS FROM `access_token` [ RunTime:0.004861s ]
SQL: SELECT * FROM `access_token` LIMIT 1   [ RunTime:0.004548s ]
SQL: SELECT `access_token` FROM `access_token` WHERE ( id=1 ) LIMIT 1   [ RunTime:0.004718s ]
INFO: [ app_end ] --START--
INFO: Run Behavior\ShowPageTrace [ RunTime:0.001826s ]
INFO: [ app_end ] --END-- [ RunTime:0.003348s ]

[ 2017-02-22T13:52:23+08:00 ] 127.0.0.1 /index.php/Admin/weixin/add
INFO: [ app_begin ] --START--
INFO: Run Behavior\ReadHtmlCache [ RunTime:0.007902s ]
INFO: [ app_begin ] --END-- [ RunTime:0.010101s ]
NOTIC: [8] A session had already been started - ignoring session_start() E:\weixin\ThinkPHP\Common\functions.php 第 1098 行.
SQL: SHOW COLUMNS FROM `access_token` [ RunTime:0.004830s ]
SQL: SELECT * FROM `access_token` LIMIT 1   [ RunTime:0.005256s ]
SQL: UPDATE `access_token` SET `access_token`='OzUi8R_YHlb7nZt0cHsPAsahRlOlvKrifWKqJSYWPbfVfmYkU5zsezEABlSI0tMgvuH0Bq7vBUqH3WAiDj9Td5s87f_nHbAJkaip6-tf3WUSQXaABADBI' WHERE ( id=1 ) [ RunTime:0.006616s ]
INFO: [ app_end ] --START--
INFO: Run Behavior\ShowPageTrace [ RunTime:0.014602s ]
INFO: [ app_end ] --END-- [ RunTime:0.017842s ]

[ 2017-02-22T15:52:46+08:00 ] 127.0.0.1 /index.php/Admin/weixin/add
INFO: [ app_begin ] --START--
INFO: Run Behavior\ReadHtmlCache [ RunTime:0.085073s ]
INFO: [ app_begin ] --END-- [ RunTime:0.086998s ]
NOTIC: [8] A session had already been started - ignoring session_start() E:\weixin\ThinkPHP\Common\functions.php 第 1098 行.
SQL: SHOW COLUMNS FROM `access_token` [ RunTime:0.004816s ]
SQL: SELECT * FROM `access_token` LIMIT 1   [ RunTime:0.004398s ]
SQL: UPDATE `access_token` SET `access_token`='7ubYIQjokHK2fDS_l6F6Vfc61lF2BpcAVqqVIe6LFGZRd2s9X8683Uo0XMMPa5bH3YQSGC5I07sPw7yktobRMAxsD3fYIgiaIv2zBqNPgwkYDSbAFAINC' WHERE ( id=1 ) [ RunTime:0.005008s ]
INFO: [ app_end ] --START--
INFO: Run Behavior\ShowPageTrace [ RunTime:0.022103s ]
INFO: [ app_end ] --END-- [ RunTime:0.027087s ]

[ 2017-02-22T15:53:05+08:00 ] 127.0.0.1 /index.php/Admin/weixin/add
INFO: [ app_begin ] --START--
INFO: Run Behavior\ReadHtmlCache [ RunTime:0.001008s ]
INFO: [ app_begin ] --END-- [ RunTime:0.002671s ]
NOTIC: [8] A session had already been started - ignoring session_start() E:\weixin\ThinkPHP\Common\functions.php 第 1098 行.
SQL: SHOW COLUMNS FROM `access_token` [ RunTime:0.004278s ]
SQL: SELECT * FROM `access_token` LIMIT 1   [ RunTime:0.005269s ]
SQL: SELECT `access_token` FROM `access_token` WHERE ( id=1 ) LIMIT 1   [ RunTime:0.005462s ]
INFO: [ app_end ] --START--
INFO: Run Behavior\ShowPageTrace [ RunTime:0.001097s ]
INFO: [ app_end ] --END-- [ RunTime:0.002543s ]

[ 2017-02-22T15:53:13+08:00 ] 127.0.0.1 /index.php/Admin/weixin/add
INFO: [ app_begin ] --START--
INFO: Run Behavior\ReadHtmlCache [ RunTime:0.000936s ]
INFO: [ app_begin ] --END-- [ RunTime:0.002832s ]
NOTIC: [8] A session had already been started - ignoring session_start() E:\weixin\ThinkPHP\Common\functions.php 第 1098 行.
SQL: SHOW COLUMNS FROM `access_token` [ RunTime:0.006363s ]
SQL: SELECT * FROM `access_token` LIMIT 1   [ RunTime:0.004370s ]
SQL: SELECT `access_token` FROM `access_token` WHERE ( id=1 ) LIMIT 1   [ RunTime:0.005355s ]
INFO: [ app_end ] --START--
INFO: Run Behavior\ShowPageTrace [ RunTime:0.001068s ]
INFO: [ app_end ] --END-- [ RunTime:0.002207s ]

[ 2017-02-22T15:53:14+08:00 ] 127.0.0.1 /index.php/Admin/weixin/add
INFO: [ app_begin ] --START--
INFO: Run Behavior\ReadHtmlCache [ RunTime:0.001894s ]
INFO: [ app_begin ] --END-- [ RunTime:0.003753s ]
NOTIC: [8] A session had already been started - ignoring session_start() E:\weixin\ThinkPHP\Common\functions.php 第 1098 行.
SQL: SHOW COLUMNS FROM `access_token` [ RunTime:0.005294s ]
SQL: SELECT * FROM `access_token` LIMIT 1   [ RunTime:0.004902s ]
SQL: SELECT `access_token` FROM `access_token` WHERE ( id=1 ) LIMIT 1   [ RunTime:0.006014s ]
INFO: [ app_end ] --START--
INFO: Run Behavior\ShowPageTrace [ RunTime:0.001241s ]
INFO: [ app_end ] --END-- [ RunTime:0.002529s ]

[ 2017-02-22T15:55:07+08:00 ] 127.0.0.1 /index.php/Admin/weixin/add
INFO: [ app_begin ] --START--
INFO: Run Behavior\ReadHtmlCache [ RunTime:0.000999s ]
INFO: [ app_begin ] --END-- [ RunTime:0.002513s ]
NOTIC: [8] A session had already been started - ignoring session_start() E:\weixin\ThinkPHP\Common\functions.php 第 1098 行.
SQL: SHOW COLUMNS FROM `access_token` [ RunTime:0.005495s ]
SQL: SELECT * FROM `access_token` LIMIT 1   [ RunTime:0.004909s ]
SQL: SELECT `access_token` FROM `access_token` WHERE ( id=1 ) LIMIT 1   [ RunTime:0.004791s ]
INFO: [ app_end ] --START--
INFO: Run Behavior\ShowPageTrace [ RunTime:0.001728s ]
INFO: [ app_end ] --END-- [ RunTime:0.003278s ]

[ 2017-02-22T16:37:08+08:00 ] 127.0.0.1 /index.php/Admin/weixin/add
INFO: [ app_begin ] --START--
INFO: Run Behavior\ReadHtmlCache [ RunTime:0.008997s ]
INFO: [ app_begin ] --END-- [ RunTime:0.011202s ]
NOTIC: [8] A session had already been started - ignoring session_start() E:\weixin\ThinkPHP\Common\functions.php 第 1098 行.
SQL: SHOW COLUMNS FROM `access_token` [ RunTime:0.005218s ]
SQL: SELECT * FROM `access_token` LIMIT 1   [ RunTime:0.005270s ]
SQL: SELECT `access_token` FROM `access_token` WHERE ( id=1 ) LIMIT 1   [ RunTime:0.005988s ]
INFO: [ app_end ] --START--
INFO: Run Behavior\ShowPageTrace [ RunTime:0.030190s ]
INFO: [ app_end ] --END-- [ RunTime:0.031392s ]

[ 2017-02-22T16:37:11+08:00 ] 127.0.0.1 /index.php/Admin/weixin/add
INFO: [ app_begin ] --START--
INFO: Run Behavior\ReadHtmlCache [ RunTime:0.002116s ]
INFO: [ app_begin ] --END-- [ RunTime:0.005970s ]
NOTIC: [8] A session had already been started - ignoring session_start() E:\weixin\ThinkPHP\Common\functions.php 第 1098 行.
SQL: SHOW COLUMNS FROM `access_token` [ RunTime:0.004791s ]
SQL: SELECT * FROM `access_token` LIMIT 1   [ RunTime:0.005497s ]
SQL: SELECT `access_token` FROM `access_token` WHERE ( id=1 ) LIMIT 1   [ RunTime:0.005727s ]
INFO: [ app_end ] --START--
INFO: Run Behavior\ShowPageTrace [ RunTime:0.001048s ]
INFO: [ app_end ] --END-- [ RunTime:0.002268s ]

[ 2017-02-22T16:37:12+08:00 ] 127.0.0.1 /index.php/Admin/weixin/add
INFO: [ app_begin ] --START--
INFO: Run Behavior\ReadHtmlCache [ RunTime:0.001073s ]
INFO: [ app_begin ] --END-- [ RunTime:0.003840s ]
NOTIC: [8] A session had already been started - ignoring session_start() E:\weixin\ThinkPHP\Common\functions.php 第 1098 行.
SQL: SHOW COLUMNS FROM `access_token` [ RunTime:0.004534s ]
SQL: SELECT * FROM `access_token` LIMIT 1   [ RunTime:0.004156s ]
SQL: SELECT `access_token` FROM `access_token` WHERE ( id=1 ) LIMIT 1   [ RunTime:0.005226s ]
INFO: [ app_end ] --START--
INFO: Run Behavior\ShowPageTrace [ RunTime:0.001045s ]
INFO: [ app_end ] --END-- [ RunTime:0.002207s ]

