[ 2017-02-23T10:35:03+08:00 ] 127.0.0.1 /
INFO: [ app_begin ] --START--
INFO: Run Behavior\ReadHtmlCache [ RunTime:0.016478s ]
INFO: [ app_begin ] --END-- [ RunTime:0.019472s ]
INFO: [ view_parse ] --START--
NOTIC: [2] ucfirst() expects parameter 1 to be string, array given E:\weixin\ThinkPHP\Library\Think\Storage.class.php 第 36 行.
INFO: Run Behavior\ParseTemplate [ RunTime:0.029376s ]
INFO: [ view_parse ] --END-- [ RunTime:0.031343s ]
INFO: [ view_filter ] --START--
INFO: Run Behavior\WriteHtmlCache [ RunTime:0.013743s ]
INFO: [ view_filter ] --END-- [ RunTime:0.016608s ]
INFO: [ app_end ] --START--
INFO: Run Behavior\ShowPageTrace [ RunTime:0.014820s ]
INFO: [ app_end ] --END-- [ RunTime:0.017888s ]

[ 2017-02-23T10:35:09+08:00 ] 127.0.0.1 /index.php/Admin/weixin/add
INFO: [ app_begin ] --START--
INFO: Run Behavior\ReadHtmlCache [ RunTime:0.001573s ]
INFO: [ app_begin ] --END-- [ RunTime:0.004304s ]
NOTIC: [8] A session had already been started - ignoring session_start() E:\weixin\ThinkPHP\Common\functions.php 第 1098 行.

[ 2017-02-23T10:35:09+08:00 ] 127.0.0.1 /index.php/Admin/login/index.html
INFO: [ app_begin ] --START--
INFO: Run Behavior\ReadHtmlCache [ RunTime:0.001442s ]
INFO: [ app_begin ] --END-- [ RunTime:0.003697s ]
INFO: [ view_parse ] --START--
INFO: [ template_filter ] --START--
INFO: Run Behavior\ContentReplace [ RunTime:0.000957s ]
INFO: [ template_filter ] --END-- [ RunTime:0.003958s ]
INFO: Run Behavior\ParseTemplate [ RunTime:0.225164s ]
INFO: [ view_parse ] --END-- [ RunTime:0.226801s ]
INFO: [ view_filter ] --START--
INFO: Run Behavior\WriteHtmlCache [ RunTime:0.001486s ]
INFO: [ view_filter ] --END-- [ RunTime:0.003507s ]
INFO: [ app_end ] --START--
INFO: Run Behavior\ShowPageTrace [ RunTime:0.001573s ]
INFO: [ app_end ] --END-- [ RunTime:0.004244s ]

[ 2017-02-23T10:35:22+08:00 ] 127.0.0.1 /index.php/Admin/login/index.html
INFO: [ app_begin ] --START--
INFO: Run Behavior\ReadHtmlCache [ RunTime:0.001660s ]
INFO: [ app_begin ] --END-- [ RunTime:0.004281s ]

[ 2017-02-23T10:35:22+08:00 ] 127.0.0.1 /index.php/Admin/weixin/index.html
INFO: [ app_begin ] --START--
INFO: Run Behavior\ReadHtmlCache [ RunTime:0.001007s ]
INFO: [ app_begin ] --END-- [ RunTime:0.002465s ]
NOTIC: [8] A session had already been started - ignoring session_start() E:\weixin\ThinkPHP\Common\functions.php 第 1098 行.
INFO: [ view_parse ] --START--
INFO: [ template_filter ] --START--
INFO: Run Behavior\ContentReplace [ RunTime:0.000716s ]
INFO: [ template_filter ] --END-- [ RunTime:0.002650s ]
INFO: Run Behavior\ParseTemplate [ RunTime:0.156562s ]
INFO: [ view_parse ] --END-- [ RunTime:0.159861s ]
INFO: [ view_filter ] --START--
INFO: Run Behavior\WriteHtmlCache [ RunTime:0.001264s ]
INFO: [ view_filter ] --END-- [ RunTime:0.003300s ]
INFO: [ app_end ] --START--
INFO: Run Behavior\ShowPageTrace [ RunTime:0.001733s ]
INFO: [ app_end ] --END-- [ RunTime:0.003707s ]

[ 2017-02-23T10:35:28+08:00 ] 127.0.0.1 /index.php/Admin/weixin/add
INFO: [ app_begin ] --START--
INFO: Run Behavior\ReadHtmlCache [ RunTime:0.000891s ]
INFO: [ app_begin ] --END-- [ RunTime:0.002374s ]
NOTIC: [8] A session had already been started - ignoring session_start() E:\weixin\ThinkPHP\Common\functions.php 第 1098 行.
SQL: SHOW COLUMNS FROM `access_token` [ RunTime:0.004401s ]
SQL: SELECT * FROM `access_token` LIMIT 1   [ RunTime:0.005482s ]
SQL: UPDATE `access_token` SET `access_token`='jzrhovcRW5xkqus4jbQaOvFu86QH6-ar8Oay70UCAoDkBEsBLTmzzC-WU53GxHa69wUN1pC142-RbUum8I47dFhHfqnouk65YPMRfGGXK9jIzG3Fi_GoCqCQS9NcDsxZUCTgAJAJRI' WHERE ( id=1 ) [ RunTime:0.005228s ]
SQL: SELECT `access_token` FROM `access_token` WHERE ( id=1 ) LIMIT 1   [ RunTime:0.005390s ]
INFO: [ app_end ] --START--
INFO: Run Behavior\ShowPageTrace [ RunTime:0.003125s ]
INFO: [ app_end ] --END-- [ RunTime:0.007306s ]

[ 2017-02-23T10:36:52+08:00 ] 127.0.0.1 /index.php/Admin/weixin/add
INFO: [ app_begin ] --START--
INFO: Run Behavior\ReadHtmlCache [ RunTime:0.000891s ]
INFO: [ app_begin ] --END-- [ RunTime:0.002354s ]
NOTIC: [8] A session had already been started - ignoring session_start() E:\weixin\ThinkPHP\Common\functions.php 第 1098 行.
SQL: SHOW COLUMNS FROM `access_token` [ RunTime:0.006594s ]
SQL: SELECT * FROM `access_token` LIMIT 1   [ RunTime:0.007205s ]
SQL: SELECT `access_token` FROM `access_token` WHERE ( id=1 ) LIMIT 1   [ RunTime:0.006154s ]
INFO: [ app_end ] --START--
INFO: Run Behavior\ShowPageTrace [ RunTime:0.003645s ]
INFO: [ app_end ] --END-- [ RunTime:0.007828s ]

[ 2017-02-23T10:36:53+08:00 ] 127.0.0.1 /index.php/Admin/weixin/add
INFO: [ app_begin ] --START--
INFO: Run Behavior\ReadHtmlCache [ RunTime:0.001051s ]
INFO: [ app_begin ] --END-- [ RunTime:0.002712s ]
NOTIC: [8] A session had already been started - ignoring session_start() E:\weixin\ThinkPHP\Common\functions.php 第 1098 行.
SQL: SHOW COLUMNS FROM `access_token` [ RunTime:0.007214s ]
SQL: SELECT * FROM `access_token` LIMIT 1   [ RunTime:0.006568s ]
SQL: SELECT `access_token` FROM `access_token` WHERE ( id=1 ) LIMIT 1   [ RunTime:0.006154s ]
INFO: [ app_end ] --START--
INFO: Run Behavior\ShowPageTrace [ RunTime:0.001649s ]
INFO: [ app_end ] --END-- [ RunTime:0.003399s ]

[ 2017-02-23T10:36:54+08:00 ] 127.0.0.1 /index.php/Admin/weixin/add
INFO: [ app_begin ] --START--
INFO: Run Behavior\ReadHtmlCache [ RunTime:0.001059s ]
INFO: [ app_begin ] --END-- [ RunTime:0.002744s ]
NOTIC: [8] A session had already been started - ignoring session_start() E:\weixin\ThinkPHP\Common\functions.php 第 1098 行.
SQL: SHOW COLUMNS FROM `access_token` [ RunTime:0.004686s ]
SQL: SELECT * FROM `access_token` LIMIT 1   [ RunTime:0.005913s ]
SQL: SELECT `access_token` FROM `access_token` WHERE ( id=1 ) LIMIT 1   [ RunTime:0.006048s ]
INFO: [ app_end ] --START--
INFO: Run Behavior\ShowPageTrace [ RunTime:0.001237s ]
INFO: [ app_end ] --END-- [ RunTime:0.002733s ]

[ 2017-02-23T11:54:53+08:00 ] 127.0.0.1 /index.php/Admin/weixin/add
INFO: [ app_begin ] --START--
INFO: Run Behavior\ReadHtmlCache [ RunTime:0.022130s ]
INFO: [ app_begin ] --END-- [ RunTime:0.104800s ]
NOTIC: [8] A session had already been started - ignoring session_start() E:\weixin\ThinkPHP\Common\functions.php 第 1098 行.
SQL: SHOW COLUMNS FROM `access_token` [ RunTime:0.004397s ]
SQL: SELECT * FROM `access_token` LIMIT 1   [ RunTime:0.004459s ]
SQL: SELECT `access_token` FROM `access_token` WHERE ( id=1 ) LIMIT 1   [ RunTime:0.004694s ]
INFO: [ app_end ] --START--
INFO: Run Behavior\ShowPageTrace [ RunTime:0.084172s ]
INFO: [ app_end ] --END-- [ RunTime:0.089011s ]

[ 2017-02-23T13:43:35+08:00 ] 127.0.0.1 /index.php/Admin/weixin/add
INFO: [ app_begin ] --START--
INFO: Run Behavior\ReadHtmlCache [ RunTime:0.014361s ]
INFO: [ app_begin ] --END-- [ RunTime:0.019021s ]
NOTIC: [8] A session had already been started - ignoring session_start() E:\weixin\ThinkPHP\Common\functions.php 第 1098 行.
SQL: SHOW COLUMNS FROM `access_token` [ RunTime:0.007107s ]
SQL: SELECT * FROM `access_token` LIMIT 1   [ RunTime:0.005252s ]
SQL: UPDATE `access_token` SET `access_token`='OzUi8R_YHlb7nZt0cHsPAkQjeis4O4erywOpw7D8Ic9sv0ueBjQ8MWS4t0jNFA5GDh_lFkPiM3JUOUklg7NfoI-rtIsEQNVsgffQIXkhrexJrDVSOsk_XvV6gUCgsBErRKKgAIAYRR' WHERE ( id=1 ) [ RunTime:0.006628s ]
SQL: SELECT `access_token` FROM `access_token` WHERE ( id=1 ) LIMIT 1   [ RunTime:0.005770s ]
INFO: [ app_end ] --START--
INFO: Run Behavior\ShowPageTrace [ RunTime:0.024430s ]
INFO: [ app_end ] --END-- [ RunTime:0.027942s ]

[ 2017-02-23T13:58:46+08:00 ] 127.0.0.1 /index.php/Admin/weixin/add
INFO: [ app_begin ] --START--
INFO: Run Behavior\ReadHtmlCache [ RunTime:0.010863s ]
INFO: [ app_begin ] --END-- [ RunTime:0.012795s ]
NOTIC: [8] A session had already been started - ignoring session_start() E:\weixin\ThinkPHP\Common\functions.php 第 1098 行.
SQL: SHOW COLUMNS FROM `access_token` [ RunTime:0.006631s ]
SQL: SELECT * FROM `access_token` LIMIT 1   [ RunTime:0.006062s ]
SQL: SELECT `access_token` FROM `access_token` WHERE ( id=1 ) LIMIT 1   [ RunTime:0.006577s ]
INFO: [ app_end ] --START--
INFO: Run Behavior\ShowPageTrace [ RunTime:0.017609s ]
INFO: [ app_end ] --END-- [ RunTime:0.020490s ]

[ 2017-02-23T13:58:49+08:00 ] 127.0.0.1 /index.php/Admin/weixin/add
INFO: [ app_begin ] --START--
INFO: Run Behavior\ReadHtmlCache [ RunTime:0.001281s ]
INFO: [ app_begin ] --END-- [ RunTime:0.004119s ]
NOTIC: [8] A session had already been started - ignoring session_start() E:\weixin\ThinkPHP\Common\functions.php 第 1098 行.
SQL: SHOW COLUMNS FROM `access_token` [ RunTime:0.006212s ]
SQL: SELECT * FROM `access_token` LIMIT 1   [ RunTime:0.006166s ]
SQL: SELECT `access_token` FROM `access_token` WHERE ( id=1 ) LIMIT 1   [ RunTime:0.005571s ]
INFO: [ app_end ] --START--
INFO: Run Behavior\ShowPageTrace [ RunTime:0.001149s ]
INFO: [ app_end ] --END-- [ RunTime:0.002327s ]

[ 2017-02-23T13:58:50+08:00 ] 127.0.0.1 /index.php/Admin/weixin/add
INFO: [ app_begin ] --START--
INFO: Run Behavior\ReadHtmlCache [ RunTime:0.001576s ]
INFO: [ app_begin ] --END-- [ RunTime:0.004554s ]
NOTIC: [8] A session had already been started - ignoring session_start() E:\weixin\ThinkPHP\Common\functions.php 第 1098 行.
SQL: SHOW COLUMNS FROM `access_token` [ RunTime:0.007072s ]
SQL: SELECT * FROM `access_token` LIMIT 1   [ RunTime:0.005825s ]
SQL: SELECT `access_token` FROM `access_token` WHERE ( id=1 ) LIMIT 1   [ RunTime:0.006458s ]
INFO: [ app_end ] --START--
INFO: Run Behavior\ShowPageTrace [ RunTime:0.002541s ]
INFO: [ app_end ] --END-- [ RunTime:0.004491s ]

[ 2017-02-23T13:58:50+08:00 ] 127.0.0.1 /index.php/Admin/weixin/add
INFO: [ app_begin ] --START--
INFO: Run Behavior\ReadHtmlCache [ RunTime:0.001164s ]
INFO: [ app_begin ] --END-- [ RunTime:0.003480s ]
NOTIC: [8] A session had already been started - ignoring session_start() E:\weixin\ThinkPHP\Common\functions.php 第 1098 行.
SQL: SHOW COLUMNS FROM `access_token` [ RunTime:0.004021s ]
SQL: SELECT * FROM `access_token` LIMIT 1   [ RunTime:0.004970s ]
SQL: SELECT `access_token` FROM `access_token` WHERE ( id=1 ) LIMIT 1   [ RunTime:0.004585s ]
INFO: [ app_end ] --START--
INFO: Run Behavior\ShowPageTrace [ RunTime:0.001261s ]
INFO: [ app_end ] --END-- [ RunTime:0.002669s ]

[ 2017-02-23T16:21:32+08:00 ] 127.0.0.1 /index.php/Admin/weixin/add
INFO: [ app_begin ] --START--
INFO: Run Behavior\ReadHtmlCache [ RunTime:0.019801s ]
INFO: [ app_begin ] --END-- [ RunTime:0.024288s ]
NOTIC: [8] A session had already been started - ignoring session_start() E:\weixin\ThinkPHP\Common\functions.php 第 1098 行.
INFO: [ app_end ] --START--
INFO: Run Behavior\ShowPageTrace [ RunTime:0.047138s ]
INFO: [ app_end ] --END-- [ RunTime:0.049157s ]

[ 2017-02-23T16:22:27+08:00 ] 127.0.0.1 /index.php/Admin/weixin/add
INFO: [ app_begin ] --START--
INFO: Run Behavior\ReadHtmlCache [ RunTime:0.001467s ]
INFO: [ app_begin ] --END-- [ RunTime:0.003774s ]
NOTIC: [8] A session had already been started - ignoring session_start() E:\weixin\ThinkPHP\Common\functions.php 第 1098 行.
INFO: [ app_end ] --START--
INFO: Run Behavior\ShowPageTrace [ RunTime:0.002419s ]
INFO: [ app_end ] --END-- [ RunTime:0.005116s ]

[ 2017-02-23T16:25:20+08:00 ] 127.0.0.1 /index.php/Admin/weixin/add
INFO: [ app_begin ] --START--
INFO: Run Behavior\ReadHtmlCache [ RunTime:0.000961s ]
INFO: [ app_begin ] --END-- [ RunTime:0.002410s ]
NOTIC: [8] A session had already been started - ignoring session_start() E:\weixin\ThinkPHP\Common\functions.php 第 1098 行.
INFO: [ app_end ] --START--
INFO: Run Behavior\ShowPageTrace [ RunTime:0.003551s ]
INFO: [ app_end ] --END-- [ RunTime:0.007747s ]

[ 2017-02-23T16:33:10+08:00 ] 127.0.0.1 /index.php/Admin/weixin/add
INFO: [ app_begin ] --START--
INFO: Run Behavior\ReadHtmlCache [ RunTime:0.008662s ]
INFO: [ app_begin ] --END-- [ RunTime:0.013574s ]
NOTIC: [8] A session had already been started - ignoring session_start() E:\weixin\ThinkPHP\Common\functions.php 第 1098 行.
INFO: [ app_end ] --START--
INFO: Run Behavior\ShowPageTrace [ RunTime:0.013261s ]
INFO: [ app_end ] --END-- [ RunTime:0.015925s ]

[ 2017-02-23T16:45:08+08:00 ] 127.0.0.1 /index.php/Admin/weixin/add
INFO: [ app_begin ] --START--
INFO: Run Behavior\ReadHtmlCache [ RunTime:0.001320s ]
INFO: [ app_begin ] --END-- [ RunTime:0.003294s ]
NOTIC: [8] A session had already been started - ignoring session_start() E:\weixin\ThinkPHP\Common\functions.php 第 1098 行.
INFO: [ app_end ] --START--
INFO: Run Behavior\ShowPageTrace [ RunTime:0.003913s ]
INFO: [ app_end ] --END-- [ RunTime:0.009214s ]

[ 2017-02-23T18:56:40+08:00 ] 127.0.0.1 /index.php/Admin/weixin/add
INFO: [ app_begin ] --START--
INFO: Run Behavior\ReadHtmlCache [ RunTime:0.029926s ]
INFO: [ app_begin ] --END-- [ RunTime:0.037495s ]
NOTIC: [8] A session had already been started - ignoring session_start() E:\weixin\ThinkPHP\Common\functions.php 第 1098 行.
INFO: [ app_end ] --START--
INFO: Run Behavior\ShowPageTrace [ RunTime:0.066179s ]
INFO: [ app_end ] --END-- [ RunTime:0.069822s ]

[ 2017-02-23T18:56:55+08:00 ] 127.0.0.1 /index.php/Admin/weixin/add
INFO: [ app_begin ] --START--
INFO: Run Behavior\ReadHtmlCache [ RunTime:0.001064s ]
INFO: [ app_begin ] --END-- [ RunTime:0.002996s ]
NOTIC: [8] A session had already been started - ignoring session_start() E:\weixin\ThinkPHP\Common\functions.php 第 1098 行.
INFO: [ app_end ] --START--
INFO: Run Behavior\ShowPageTrace [ RunTime:0.001979s ]
INFO: [ app_end ] --END-- [ RunTime:0.004153s ]

[ 2017-02-23T18:57:36+08:00 ] 127.0.0.1 /index.php/Admin/weixin/add
INFO: [ app_begin ] --START--
INFO: Run Behavior\ReadHtmlCache [ RunTime:0.001066s ]
INFO: [ app_begin ] --END-- [ RunTime:0.002802s ]
NOTIC: [8] A session had already been started - ignoring session_start() E:\weixin\ThinkPHP\Common\functions.php 第 1098 行.
INFO: [ app_end ] --START--
INFO: Run Behavior\ShowPageTrace [ RunTime:0.001600s ]
INFO: [ app_end ] --END-- [ RunTime:0.003616s ]

[ 2017-02-23T18:57:42+08:00 ] 127.0.0.1 /index.php/Admin/weixin/add
INFO: [ app_begin ] --START--
INFO: Run Behavior\ReadHtmlCache [ RunTime:0.000992s ]
INFO: [ app_begin ] --END-- [ RunTime:0.002610s ]
NOTIC: [8] A session had already been started - ignoring session_start() E:\weixin\ThinkPHP\Common\functions.php 第 1098 行.
INFO: [ app_end ] --START--
INFO: Run Behavior\ShowPageTrace [ RunTime:0.001060s ]
INFO: [ app_end ] --END-- [ RunTime:0.002253s ]

