[ 2017-04-12T10:53:04+08:00 ] 127.0.0.1 /
INFO: [ app_begin ] --START--
INFO: Run Behavior\ReadHtmlCache [ RunTime:0.040674s ]
INFO: [ app_begin ] --END-- [ RunTime:0.146141s ]
INFO: [ view_parse ] --START--
INFO: [ template_filter ] --START--
INFO: Run Behavior\ContentReplace [ RunTime:0.000496s ]
INFO: [ template_filter ] --END-- [ RunTime:0.002098s ]
INFO: Run Behavior\ParseTemplate [ RunTime:0.759926s ]
INFO: [ view_parse ] --END-- [ RunTime:0.761429s ]
INFO: [ view_filter ] --START--
INFO: Run Behavior\WriteHtmlCache [ RunTime:0.039545s ]
INFO: [ view_filter ] --END-- [ RunTime:0.041367s ]
INFO: [ app_end ] --START--
INFO: Run Behavior\ShowPageTrace [ RunTime:0.088501s ]
INFO: [ app_end ] --END-- [ RunTime:0.090461s ]

[ 2017-04-12T11:17:23+08:00 ] 127.0.0.1 /
INFO: [ app_begin ] --START--
INFO: Run Behavior\ReadHtmlCache [ RunTime:0.105109s ]
INFO: [ app_begin ] --END-- [ RunTime:0.157165s ]
INFO: [ view_parse ] --START--
INFO: [ template_filter ] --START--
INFO: Run Behavior\ContentReplace [ RunTime:0.000422s ]
INFO: [ template_filter ] --END-- [ RunTime:0.001505s ]
INFO: Run Behavior\ParseTemplate [ RunTime:0.083102s ]
INFO: [ view_parse ] --END-- [ RunTime:0.084744s ]
INFO: [ view_filter ] --START--
INFO: Run Behavior\WriteHtmlCache [ RunTime:0.001933s ]
INFO: [ view_filter ] --END-- [ RunTime:0.003280s ]
INFO: [ app_end ] --START--
INFO: Run Behavior\ShowPageTrace [ RunTime:0.041841s ]
INFO: [ app_end ] --END-- [ RunTime:0.043823s ]

