[ 2017-02-16T17:17:19+08:00 ] 127.0.0.1 /
INFO: [ app_begin ] --START--
INFO: Run Behavior\ReadHtmlCache [ RunTime:0.002060s ]
INFO: [ app_begin ] --END-- [ RunTime:0.004650s ]
INFO: [ view_parse ] --START--
NOTIC: [2] ucfirst() expects parameter 1 to be string, array given E:\weixin\ThinkPHP\Library\Think\Storage.class.php 第 36 行.
INFO: Run Behavior\ParseTemplate [ RunTime:0.002782s ]
INFO: [ view_parse ] --END-- [ RunTime:0.004023s ]
INFO: [ view_filter ] --START--
INFO: Run Behavior\WriteHtmlCache [ RunTime:0.001412s ]
INFO: [ view_filter ] --END-- [ RunTime:0.002720s ]
INFO: [ app_end ] --START--
INFO: Run Behavior\ShowPageTrace [ RunTime:0.001775s ]
INFO: [ app_end ] --END-- [ RunTime:0.003072s ]

[ 2017-02-16T17:17:25+08:00 ] 127.0.0.1 /admin
INFO: [ app_begin ] --START--
INFO: Run Behavior\ReadHtmlCache [ RunTime:0.001114s ]
INFO: [ app_begin ] --END-- [ RunTime:0.002807s ]
INFO: [ view_parse ] --START--
NOTIC: [2] ucfirst() expects parameter 1 to be string, array given E:\weixin\ThinkPHP\Library\Think\Storage.class.php 第 36 行.
INFO: Run Behavior\ParseTemplate [ RunTime:0.003923s ]
INFO: [ view_parse ] --END-- [ RunTime:0.005475s ]
INFO: [ view_filter ] --START--
INFO: Run Behavior\WriteHtmlCache [ RunTime:0.001516s ]
INFO: [ view_filter ] --END-- [ RunTime:0.003135s ]
INFO: [ app_end ] --START--
INFO: Run Behavior\ShowPageTrace [ RunTime:0.001620s ]
INFO: [ app_end ] --END-- [ RunTime:0.003641s ]

[ 2017-02-16T17:17:47+08:00 ] 127.0.0.1 /admin
INFO: [ app_begin ] --START--
INFO: Run Behavior\ReadHtmlCache [ RunTime:0.000955s ]
INFO: [ app_begin ] --END-- [ RunTime:0.002563s ]
INFO: [ view_parse ] --START--
NOTIC: [2] ucfirst() expects parameter 1 to be string, array given E:\weixin\ThinkPHP\Library\Think\Storage.class.php 第 36 行.
INFO: Run Behavior\ParseTemplate [ RunTime:0.002011s ]
INFO: [ view_parse ] --END-- [ RunTime:0.003073s ]
INFO: [ view_filter ] --START--
INFO: Run Behavior\WriteHtmlCache [ RunTime:0.000669s ]
INFO: [ view_filter ] --END-- [ RunTime:0.001765s ]
INFO: [ app_end ] --START--
INFO: Run Behavior\ShowPageTrace [ RunTime:0.002046s ]
INFO: [ app_end ] --END-- [ RunTime:0.003308s ]

[ 2017-02-16T17:17:49+08:00 ] 127.0.0.1 /admin
INFO: [ app_begin ] --START--
INFO: Run Behavior\ReadHtmlCache [ RunTime:0.001647s ]
INFO: [ app_begin ] --END-- [ RunTime:0.003874s ]
INFO: [ view_parse ] --START--
NOTIC: [2] ucfirst() expects parameter 1 to be string, array given E:\weixin\ThinkPHP\Library\Think\Storage.class.php 第 36 行.
INFO: Run Behavior\ParseTemplate [ RunTime:0.002129s ]
INFO: [ view_parse ] --END-- [ RunTime:0.003406s ]
INFO: [ view_filter ] --START--
INFO: Run Behavior\WriteHtmlCache [ RunTime:0.000830s ]
INFO: [ view_filter ] --END-- [ RunTime:0.003107s ]
INFO: [ app_end ] --START--
INFO: Run Behavior\ShowPageTrace [ RunTime:0.001662s ]
INFO: [ app_end ] --END-- [ RunTime:0.004140s ]

[ 2017-02-16T17:17:49+08:00 ] 127.0.0.1 /admin
INFO: [ app_begin ] --START--
INFO: Run Behavior\ReadHtmlCache [ RunTime:0.001446s ]
INFO: [ app_begin ] --END-- [ RunTime:0.005237s ]
INFO: [ view_parse ] --START--
NOTIC: [2] ucfirst() expects parameter 1 to be string, array given E:\weixin\ThinkPHP\Library\Think\Storage.class.php 第 36 行.
INFO: Run Behavior\ParseTemplate [ RunTime:0.012944s ]
INFO: [ view_parse ] --END-- [ RunTime:0.017767s ]
INFO: [ view_filter ] --START--
INFO: Run Behavior\WriteHtmlCache [ RunTime:0.001980s ]
INFO: [ view_filter ] --END-- [ RunTime:0.013006s ]
INFO: [ app_end ] --START--
INFO: Run Behavior\ShowPageTrace [ RunTime:0.001374s ]
INFO: [ app_end ] --END-- [ RunTime:0.003366s ]

[ 2017-02-16T17:17:50+08:00 ] 127.0.0.1 /admin
INFO: [ app_begin ] --START--
INFO: Run Behavior\ReadHtmlCache [ RunTime:0.000968s ]
INFO: [ app_begin ] --END-- [ RunTime:0.002556s ]
INFO: [ view_parse ] --START--
NOTIC: [2] ucfirst() expects parameter 1 to be string, array given E:\weixin\ThinkPHP\Library\Think\Storage.class.php 第 36 行.
INFO: Run Behavior\ParseTemplate [ RunTime:0.002999s ]
INFO: [ view_parse ] --END-- [ RunTime:0.004920s ]
INFO: [ view_filter ] --START--
INFO: Run Behavior\WriteHtmlCache [ RunTime:0.000914s ]
INFO: [ view_filter ] --END-- [ RunTime:0.002401s ]
INFO: [ app_end ] --START--
INFO: Run Behavior\ShowPageTrace [ RunTime:0.001122s ]
INFO: [ app_end ] --END-- [ RunTime:0.003054s ]

[ 2017-02-16T17:17:51+08:00 ] 127.0.0.1 /admin
INFO: [ app_begin ] --START--
INFO: Run Behavior\ReadHtmlCache [ RunTime:0.000985s ]
INFO: [ app_begin ] --END-- [ RunTime:0.002456s ]
INFO: [ view_parse ] --START--
NOTIC: [2] ucfirst() expects parameter 1 to be string, array given E:\weixin\ThinkPHP\Library\Think\Storage.class.php 第 36 行.
INFO: Run Behavior\ParseTemplate [ RunTime:0.002135s ]
INFO: [ view_parse ] --END-- [ RunTime:0.003892s ]
INFO: [ view_filter ] --START--
INFO: Run Behavior\WriteHtmlCache [ RunTime:0.000834s ]
INFO: [ view_filter ] --END-- [ RunTime:0.002254s ]
INFO: [ app_end ] --START--
INFO: Run Behavior\ShowPageTrace [ RunTime:0.001331s ]
INFO: [ app_end ] --END-- [ RunTime:0.003259s ]

[ 2017-02-16T17:18:18+08:00 ] 127.0.0.1 /index.php/admin
INFO: [ app_begin ] --START--
INFO: Run Behavior\ReadHtmlCache [ RunTime:0.000952s ]
INFO: [ app_begin ] --END-- [ RunTime:0.002469s ]
INFO: [ view_parse ] --START--
NOTIC: [2] ucfirst() expects parameter 1 to be string, array given E:\weixin\ThinkPHP\Library\Think\Storage.class.php 第 36 行.
INFO: Run Behavior\ParseTemplate [ RunTime:0.002134s ]
INFO: [ view_parse ] --END-- [ RunTime:0.003407s ]
INFO: [ view_filter ] --START--
INFO: Run Behavior\WriteHtmlCache [ RunTime:0.000734s ]
INFO: [ view_filter ] --END-- [ RunTime:0.001825s ]
INFO: [ app_end ] --START--
INFO: Run Behavior\ShowPageTrace [ RunTime:0.000957s ]
INFO: [ app_end ] --END-- [ RunTime:0.002132s ]

[ 2017-02-16T17:18:39+08:00 ] 127.0.0.1 /admin/weixin/index
INFO: [ app_begin ] --START--
INFO: Run Behavior\ReadHtmlCache [ RunTime:0.001148s ]
INFO: [ app_begin ] --END-- [ RunTime:0.002935s ]

[ 2017-02-16T17:19:08+08:00 ] 127.0.0.1 /admin/weixin/index
INFO: [ app_begin ] --START--
INFO: Run Behavior\ReadHtmlCache [ RunTime:0.000968s ]
INFO: [ app_begin ] --END-- [ RunTime:0.002473s ]
ERR: 无法加载控制器:Weixin

[ 2017-02-16T17:20:08+08:00 ] 127.0.0.1 /admin/weixin/index
INFO: [ app_begin ] --START--
INFO: Run Behavior\ReadHtmlCache [ RunTime:0.001702s ]
INFO: [ app_begin ] --END-- [ RunTime:0.003552s ]
ERR: 无法加载控制器:Weixin

[ 2017-02-16T17:20:08+08:00 ] 127.0.0.1 /admin/weixin/index
INFO: [ app_begin ] --START--
INFO: Run Behavior\ReadHtmlCache [ RunTime:0.000932s ]
INFO: [ app_begin ] --END-- [ RunTime:0.002534s ]
ERR: 无法加载控制器:Weixin

[ 2017-02-16T17:20:26+08:00 ] 127.0.0.1 /admin/weixin/index
INFO: [ app_begin ] --START--
INFO: Run Behavior\ReadHtmlCache [ RunTime:0.001517s ]
INFO: [ app_begin ] --END-- [ RunTime:0.003982s ]
ERR: 无法加载控制器:Weixin

[ 2017-02-16T17:20:26+08:00 ] 127.0.0.1 /admin/weixin/index
INFO: [ app_begin ] --START--
INFO: Run Behavior\ReadHtmlCache [ RunTime:0.001099s ]
INFO: [ app_begin ] --END-- [ RunTime:0.003085s ]
ERR: 无法加载控制器:Weixin

[ 2017-02-16T17:20:27+08:00 ] 127.0.0.1 /admin/weixin/index
INFO: [ app_begin ] --START--
INFO: Run Behavior\ReadHtmlCache [ RunTime:0.001554s ]
INFO: [ app_begin ] --END-- [ RunTime:0.004145s ]
ERR: 无法加载控制器:Weixin

[ 2017-02-16T17:20:27+08:00 ] 127.0.0.1 /admin/weixin/index
INFO: [ app_begin ] --START--
INFO: Run Behavior\ReadHtmlCache [ RunTime:0.000957s ]
INFO: [ app_begin ] --END-- [ RunTime:0.002497s ]
ERR: 无法加载控制器:Weixin

[ 2017-02-16T17:20:27+08:00 ] 127.0.0.1 /admin/weixin/index
INFO: [ app_begin ] --START--
INFO: Run Behavior\ReadHtmlCache [ RunTime:0.000989s ]
INFO: [ app_begin ] --END-- [ RunTime:0.002735s ]
ERR: 无法加载控制器:Weixin

[ 2017-02-16T17:20:51+08:00 ] 127.0.0.1 /admin/weixin/index
INFO: [ app_begin ] --START--
INFO: Run Behavior\ReadHtmlCache [ RunTime:0.001079s ]
INFO: [ app_begin ] --END-- [ RunTime:0.002753s ]
ERR: 无法加载控制器:Weixin

[ 2017-02-16T17:20:52+08:00 ] 127.0.0.1 /admin/weixin/index
INFO: [ app_begin ] --START--
INFO: Run Behavior\ReadHtmlCache [ RunTime:0.001509s ]
INFO: [ app_begin ] --END-- [ RunTime:0.005117s ]
ERR: 无法加载控制器:Weixin

[ 2017-02-16T17:20:52+08:00 ] 127.0.0.1 /admin/weixin/index
INFO: [ app_begin ] --START--
INFO: Run Behavior\ReadHtmlCache [ RunTime:0.000949s ]
INFO: [ app_begin ] --END-- [ RunTime:0.002469s ]
ERR: 无法加载控制器:Weixin

[ 2017-02-16T17:20:53+08:00 ] 127.0.0.1 /admin/weixin/index
INFO: [ app_begin ] --START--
INFO: Run Behavior\ReadHtmlCache [ RunTime:0.000946s ]
INFO: [ app_begin ] --END-- [ RunTime:0.002423s ]
ERR: 无法加载控制器:Weixin

[ 2017-02-16T17:20:53+08:00 ] 127.0.0.1 /admin/weixin/index
INFO: [ app_begin ] --START--
INFO: Run Behavior\ReadHtmlCache [ RunTime:0.001057s ]
INFO: [ app_begin ] --END-- [ RunTime:0.002660s ]
ERR: 无法加载控制器:Weixin

[ 2017-02-16T17:21:25+08:00 ] 127.0.0.1 /admin/weixin/index
INFO: [ app_begin ] --START--
INFO: Run Behavior\ReadHtmlCache [ RunTime:0.000937s ]
INFO: [ app_begin ] --END-- [ RunTime:0.002409s ]
ERR: 无法加载控制器:Weixin

[ 2017-02-16T17:21:26+08:00 ] 127.0.0.1 /admin/weixin/index
INFO: [ app_begin ] --START--
INFO: Run Behavior\ReadHtmlCache [ RunTime:0.001039s ]
INFO: [ app_begin ] --END-- [ RunTime:0.003842s ]
ERR: 无法加载控制器:Weixin

[ 2017-02-16T17:21:26+08:00 ] 127.0.0.1 /admin/weixin/index
INFO: [ app_begin ] --START--
INFO: Run Behavior\ReadHtmlCache [ RunTime:0.001590s ]
INFO: [ app_begin ] --END-- [ RunTime:0.003792s ]
ERR: 无法加载控制器:Weixin

[ 2017-02-16T17:21:26+08:00 ] 127.0.0.1 /admin/weixin/index
INFO: [ app_begin ] --START--
INFO: Run Behavior\ReadHtmlCache [ RunTime:0.001410s ]
INFO: [ app_begin ] --END-- [ RunTime:0.005312s ]
ERR: 无法加载控制器:Weixin

[ 2017-02-16T17:21:27+08:00 ] 127.0.0.1 /admin/weixin/index
INFO: [ app_begin ] --START--
INFO: Run Behavior\ReadHtmlCache [ RunTime:0.000984s ]
INFO: [ app_begin ] --END-- [ RunTime:0.002490s ]
ERR: 无法加载控制器:Weixin

[ 2017-02-16T17:21:27+08:00 ] 127.0.0.1 /admin/weixin/index
INFO: [ app_begin ] --START--
INFO: Run Behavior\ReadHtmlCache [ RunTime:0.001696s ]
INFO: [ app_begin ] --END-- [ RunTime:0.004465s ]
ERR: 无法加载控制器:Weixin

[ 2017-02-16T17:22:21+08:00 ] 127.0.0.1 /admin/weixin/index
INFO: [ app_begin ] --START--
INFO: Run Behavior\ReadHtmlCache [ RunTime:0.001608s ]
INFO: [ app_begin ] --END-- [ RunTime:0.003712s ]

[ 2017-02-16T17:22:46+08:00 ] 127.0.0.1 /admin/weixin/index
INFO: [ app_begin ] --START--
INFO: Run Behavior\ReadHtmlCache [ RunTime:0.001084s ]
INFO: [ app_begin ] --END-- [ RunTime:0.002798s ]

[ 2017-02-16T17:22:46+08:00 ] 127.0.0.1 /admin/weixin/index
INFO: [ app_begin ] --START--
INFO: Run Behavior\ReadHtmlCache [ RunTime:0.001060s ]
INFO: [ app_begin ] --END-- [ RunTime:0.002729s ]

[ 2017-02-16T17:22:47+08:00 ] 127.0.0.1 /admin/weixin/index
INFO: [ app_begin ] --START--
INFO: Run Behavior\ReadHtmlCache [ RunTime:0.000966s ]
INFO: [ app_begin ] --END-- [ RunTime:0.002570s ]

[ 2017-02-16T17:22:47+08:00 ] 127.0.0.1 /admin/weixin/index
INFO: [ app_begin ] --START--
INFO: Run Behavior\ReadHtmlCache [ RunTime:0.000954s ]
INFO: [ app_begin ] --END-- [ RunTime:0.002522s ]

[ 2017-02-16T17:22:48+08:00 ] 127.0.0.1 /admin/weixin/index
INFO: [ app_begin ] --START--
INFO: Run Behavior\ReadHtmlCache [ RunTime:0.000917s ]
INFO: [ app_begin ] --END-- [ RunTime:0.002376s ]

[ 2017-02-16T17:22:48+08:00 ] 127.0.0.1 /admin/weixin/index
INFO: [ app_begin ] --START--
INFO: Run Behavior\ReadHtmlCache [ RunTime:0.001581s ]
INFO: [ app_begin ] --END-- [ RunTime:0.004452s ]

[ 2017-02-16T17:25:27+08:00 ] 127.0.0.1 /admin/weixin/index
INFO: [ app_begin ] --START--
INFO: Run Behavior\ReadHtmlCache [ RunTime:0.002573s ]
INFO: [ app_begin ] --END-- [ RunTime:0.004852s ]

[ 2017-02-16T17:25:30+08:00 ] 127.0.0.1 /admin/weixin/index
INFO: [ app_begin ] --START--
INFO: Run Behavior\ReadHtmlCache [ RunTime:0.002930s ]
INFO: [ app_begin ] --END-- [ RunTime:0.020698s ]

[ 2017-02-16T17:25:33+08:00 ] 127.0.0.1 /admin/weixin/index
INFO: [ app_begin ] --START--
INFO: Run Behavior\ReadHtmlCache [ RunTime:0.000964s ]
INFO: [ app_begin ] --END-- [ RunTime:0.002593s ]

[ 2017-02-16T17:26:05+08:00 ] 127.0.0.1 /admin/weixin/index
INFO: [ app_begin ] --START--
INFO: Run Behavior\ReadHtmlCache [ RunTime:0.001525s ]
INFO: [ app_begin ] --END-- [ RunTime:0.004534s ]

[ 2017-02-16T17:26:07+08:00 ] 127.0.0.1 /admin/weixin/index
INFO: [ app_begin ] --START--
INFO: Run Behavior\ReadHtmlCache [ RunTime:0.001506s ]
INFO: [ app_begin ] --END-- [ RunTime:0.003584s ]

[ 2017-02-16T17:26:08+08:00 ] 127.0.0.1 /admin/weixin/index
INFO: [ app_begin ] --START--
INFO: Run Behavior\ReadHtmlCache [ RunTime:0.001278s ]
INFO: [ app_begin ] --END-- [ RunTime:0.003020s ]

[ 2017-02-16T17:26:08+08:00 ] 127.0.0.1 /admin/weixin/index
INFO: [ app_begin ] --START--
INFO: Run Behavior\ReadHtmlCache [ RunTime:0.002065s ]
INFO: [ app_begin ] --END-- [ RunTime:0.005306s ]

[ 2017-02-16T17:26:09+08:00 ] 127.0.0.1 /admin/weixin/index
INFO: [ app_begin ] --START--
INFO: Run Behavior\ReadHtmlCache [ RunTime:0.001031s ]
INFO: [ app_begin ] --END-- [ RunTime:0.002528s ]

[ 2017-02-16T17:26:09+08:00 ] 127.0.0.1 /admin/weixin/index
INFO: [ app_begin ] --START--
INFO: Run Behavior\ReadHtmlCache [ RunTime:0.003446s ]
INFO: [ app_begin ] --END-- [ RunTime:0.006564s ]

[ 2017-02-16T17:26:09+08:00 ] 127.0.0.1 /admin/weixin/index
INFO: [ app_begin ] --START--
INFO: Run Behavior\ReadHtmlCache [ RunTime:0.000965s ]
INFO: [ app_begin ] --END-- [ RunTime:0.002462s ]

[ 2017-02-16T17:26:13+08:00 ] 127.0.0.1 /admin/weixin/index
INFO: [ app_begin ] --START--
INFO: Run Behavior\ReadHtmlCache [ RunTime:0.001187s ]
INFO: [ app_begin ] --END-- [ RunTime:0.003480s ]

[ 2017-02-16T17:27:45+08:00 ] 127.0.0.1 /admin/weixin/index
INFO: [ app_begin ] --START--
INFO: Run Behavior\ReadHtmlCache [ RunTime:0.001311s ]
INFO: [ app_begin ] --END-- [ RunTime:0.003797s ]

[ 2017-02-16T17:27:46+08:00 ] 127.0.0.1 /admin/weixin/index
INFO: [ app_begin ] --START--
INFO: Run Behavior\ReadHtmlCache [ RunTime:0.002242s ]
INFO: [ app_begin ] --END-- [ RunTime:0.003941s ]

[ 2017-02-16T17:27:46+08:00 ] 127.0.0.1 /admin/weixin/index
INFO: [ app_begin ] --START--
INFO: Run Behavior\ReadHtmlCache [ RunTime:0.002086s ]
INFO: [ app_begin ] --END-- [ RunTime:0.004787s ]

[ 2017-02-16T17:27:47+08:00 ] 127.0.0.1 /admin/weixin/index
INFO: [ app_begin ] --START--
INFO: Run Behavior\ReadHtmlCache [ RunTime:0.001071s ]
INFO: [ app_begin ] --END-- [ RunTime:0.004059s ]

[ 2017-02-16T17:27:47+08:00 ] 127.0.0.1 /admin/weixin/index
INFO: [ app_begin ] --START--
INFO: Run Behavior\ReadHtmlCache [ RunTime:0.003260s ]
INFO: [ app_begin ] --END-- [ RunTime:0.005358s ]

[ 2017-02-16T17:27:47+08:00 ] 127.0.0.1 /admin/weixin/index
INFO: [ app_begin ] --START--
INFO: Run Behavior\ReadHtmlCache [ RunTime:0.001185s ]
INFO: [ app_begin ] --END-- [ RunTime:0.003055s ]

[ 2017-02-16T17:28:02+08:00 ] 127.0.0.1 /admin/weixin/index
INFO: [ app_begin ] --START--
INFO: Run Behavior\ReadHtmlCache [ RunTime:0.001920s ]
INFO: [ app_begin ] --END-- [ RunTime:0.005225s ]

[ 2017-02-16T17:28:32+08:00 ] 127.0.0.1 /admin/weixin/index
INFO: [ app_begin ] --START--
INFO: Run Behavior\ReadHtmlCache [ RunTime:0.001293s ]
INFO: [ app_begin ] --END-- [ RunTime:0.003733s ]

[ 2017-02-16T17:31:12+08:00 ] 127.0.0.1 /admin/weixin/index
INFO: [ app_begin ] --START--
INFO: Run Behavior\ReadHtmlCache [ RunTime:0.001049s ]
INFO: [ app_begin ] --END-- [ RunTime:0.002575s ]

[ 2017-02-16T17:31:13+08:00 ] 127.0.0.1 /admin/weixin/index
INFO: [ app_begin ] --START--
INFO: Run Behavior\ReadHtmlCache [ RunTime:0.001499s ]
INFO: [ app_begin ] --END-- [ RunTime:0.003811s ]

[ 2017-02-16T17:31:26+08:00 ] 127.0.0.1 /admin/weixin/index
INFO: [ app_begin ] --START--
INFO: Run Behavior\ReadHtmlCache [ RunTime:0.001145s ]
INFO: [ app_begin ] --END-- [ RunTime:0.003242s ]

[ 2017-02-16T17:33:34+08:00 ] 127.0.0.1 /admin/weixin/index
INFO: [ app_begin ] --START--
INFO: Run Behavior\ReadHtmlCache [ RunTime:0.001024s ]
INFO: [ app_begin ] --END-- [ RunTime:0.002564s ]

[ 2017-02-16T17:33:35+08:00 ] 127.0.0.1 /admin/weixin/index
INFO: [ app_begin ] --START--
INFO: Run Behavior\ReadHtmlCache [ RunTime:0.001721s ]
INFO: [ app_begin ] --END-- [ RunTime:0.004979s ]

[ 2017-02-16T17:33:35+08:00 ] 127.0.0.1 /admin/weixin/index
INFO: [ app_begin ] --START--
INFO: Run Behavior\ReadHtmlCache [ RunTime:0.001111s ]
INFO: [ app_begin ] --END-- [ RunTime:0.003957s ]

[ 2017-02-16T17:33:36+08:00 ] 127.0.0.1 /admin/weixin/index
INFO: [ app_begin ] --START--
INFO: Run Behavior\ReadHtmlCache [ RunTime:0.000923s ]
INFO: [ app_begin ] --END-- [ RunTime:0.002387s ]

[ 2017-02-16T17:33:36+08:00 ] 127.0.0.1 /admin/weixin/index
INFO: [ app_begin ] --START--
INFO: Run Behavior\ReadHtmlCache [ RunTime:0.001557s ]
INFO: [ app_begin ] --END-- [ RunTime:0.003680s ]

[ 2017-02-16T17:33:36+08:00 ] 127.0.0.1 /admin/weixin/index
INFO: [ app_begin ] --START--
INFO: Run Behavior\ReadHtmlCache [ RunTime:0.000926s ]
INFO: [ app_begin ] --END-- [ RunTime:0.002721s ]

[ 2017-02-16T17:33:56+08:00 ] 127.0.0.1 /admin/weixin/index
INFO: [ app_begin ] --START--
INFO: Run Behavior\ReadHtmlCache [ RunTime:0.001465s ]
INFO: [ app_begin ] --END-- [ RunTime:0.003861s ]

[ 2017-02-16T17:33:57+08:00 ] 127.0.0.1 /admin/weixin/index
INFO: [ app_begin ] --START--
INFO: Run Behavior\ReadHtmlCache [ RunTime:0.003113s ]
INFO: [ app_begin ] --END-- [ RunTime:0.005676s ]

[ 2017-02-16T17:33:57+08:00 ] 127.0.0.1 /admin/weixin/index
INFO: [ app_begin ] --START--
INFO: Run Behavior\ReadHtmlCache [ RunTime:0.002252s ]
INFO: [ app_begin ] --END-- [ RunTime:0.004806s ]

[ 2017-02-16T17:33:57+08:00 ] 127.0.0.1 /admin/weixin/index
INFO: [ app_begin ] --START--
INFO: Run Behavior\ReadHtmlCache [ RunTime:0.000965s ]
INFO: [ app_begin ] --END-- [ RunTime:0.002551s ]

[ 2017-02-16T17:34:25+08:00 ] 127.0.0.1 /admin/weixin/index
INFO: [ app_begin ] --START--
INFO: Run Behavior\ReadHtmlCache [ RunTime:0.002125s ]
INFO: [ app_begin ] --END-- [ RunTime:0.005353s ]

[ 2017-02-16T17:34:26+08:00 ] 127.0.0.1 /admin/weixin/index
INFO: [ app_begin ] --START--
INFO: Run Behavior\ReadHtmlCache [ RunTime:0.001223s ]
INFO: [ app_begin ] --END-- [ RunTime:0.003195s ]

[ 2017-02-16T17:34:26+08:00 ] 127.0.0.1 /admin/weixin/index
INFO: [ app_begin ] --START--
INFO: Run Behavior\ReadHtmlCache [ RunTime:0.001509s ]
INFO: [ app_begin ] --END-- [ RunTime:0.003756s ]

[ 2017-02-16T17:34:27+08:00 ] 127.0.0.1 /admin/weixin/index
INFO: [ app_begin ] --START--
INFO: Run Behavior\ReadHtmlCache [ RunTime:0.001763s ]
INFO: [ app_begin ] --END-- [ RunTime:0.004268s ]

[ 2017-02-16T17:34:27+08:00 ] 127.0.0.1 /admin/weixin/index
INFO: [ app_begin ] --START--
INFO: Run Behavior\ReadHtmlCache [ RunTime:0.001712s ]
INFO: [ app_begin ] --END-- [ RunTime:0.005546s ]

[ 2017-02-16T17:34:27+08:00 ] 127.0.0.1 /admin/weixin/index
INFO: [ app_begin ] --START--
INFO: Run Behavior\ReadHtmlCache [ RunTime:0.002565s ]
INFO: [ app_begin ] --END-- [ RunTime:0.004946s ]

[ 2017-02-16T17:36:58+08:00 ] 127.0.0.1 /admin/weixin/index
INFO: [ app_begin ] --START--
INFO: Run Behavior\ReadHtmlCache [ RunTime:0.001323s ]
INFO: [ app_begin ] --END-- [ RunTime:0.003728s ]

[ 2017-02-16T17:36:59+08:00 ] 127.0.0.1 /admin/weixin/index
INFO: [ app_begin ] --START--
INFO: Run Behavior\ReadHtmlCache [ RunTime:0.001711s ]
INFO: [ app_begin ] --END-- [ RunTime:0.003948s ]

[ 2017-02-16T17:36:59+08:00 ] 127.0.0.1 /admin/weixin/index
INFO: [ app_begin ] --START--
INFO: Run Behavior\ReadHtmlCache [ RunTime:0.000951s ]
INFO: [ app_begin ] --END-- [ RunTime:0.002463s ]

[ 2017-02-16T17:37:00+08:00 ] 127.0.0.1 /admin/weixin/index
INFO: [ app_begin ] --START--
INFO: Run Behavior\ReadHtmlCache [ RunTime:0.001144s ]
INFO: [ app_begin ] --END-- [ RunTime:0.003077s ]

[ 2017-02-16T17:37:00+08:00 ] 127.0.0.1 /admin/weixin/index
INFO: [ app_begin ] --START--
INFO: Run Behavior\ReadHtmlCache [ RunTime:0.001361s ]
INFO: [ app_begin ] --END-- [ RunTime:0.003238s ]

[ 2017-02-16T17:38:23+08:00 ] 127.0.0.1 /admin/weixin/index
INFO: [ app_begin ] --START--
INFO: Run Behavior\ReadHtmlCache [ RunTime:0.002264s ]
INFO: [ app_begin ] --END-- [ RunTime:0.004781s ]

[ 2017-02-16T17:38:24+08:00 ] 127.0.0.1 /admin/weixin/index
INFO: [ app_begin ] --START--
INFO: Run Behavior\ReadHtmlCache [ RunTime:0.001139s ]
INFO: [ app_begin ] --END-- [ RunTime:0.003181s ]

[ 2017-02-16T17:38:24+08:00 ] 127.0.0.1 /admin/weixin/index
INFO: [ app_begin ] --START--
INFO: Run Behavior\ReadHtmlCache [ RunTime:0.002110s ]
INFO: [ app_begin ] --END-- [ RunTime:0.004640s ]

[ 2017-02-16T17:38:47+08:00 ] 127.0.0.1 /admin/weixin/index
INFO: [ app_begin ] --START--
INFO: Run Behavior\ReadHtmlCache [ RunTime:0.002422s ]
INFO: [ app_begin ] --END-- [ RunTime:0.004615s ]

[ 2017-02-16T17:38:48+08:00 ] 127.0.0.1 /admin/weixin/index
INFO: [ app_begin ] --START--
INFO: Run Behavior\ReadHtmlCache [ RunTime:0.001282s ]
INFO: [ app_begin ] --END-- [ RunTime:0.002859s ]

[ 2017-02-16T17:38:48+08:00 ] 127.0.0.1 /admin/weixin/index
INFO: [ app_begin ] --START--
INFO: Run Behavior\ReadHtmlCache [ RunTime:0.001545s ]
INFO: [ app_begin ] --END-- [ RunTime:0.003909s ]

[ 2017-02-16T17:38:48+08:00 ] 127.0.0.1 /admin/weixin/index
INFO: [ app_begin ] --START--
INFO: Run Behavior\ReadHtmlCache [ RunTime:0.003207s ]
INFO: [ app_begin ] --END-- [ RunTime:0.006234s ]

[ 2017-02-16T17:38:49+08:00 ] 127.0.0.1 /admin/weixin/index
INFO: [ app_begin ] --START--
INFO: Run Behavior\ReadHtmlCache [ RunTime:0.001019s ]
INFO: [ app_begin ] --END-- [ RunTime:0.003038s ]

[ 2017-02-16T17:39:19+08:00 ] 127.0.0.1 /admin/weixin/index
INFO: [ app_begin ] --START--
INFO: Run Behavior\ReadHtmlCache [ RunTime:0.001782s ]
INFO: [ app_begin ] --END-- [ RunTime:0.004690s ]
ERR: 无法加载控制器:Weixin

[ 2017-02-16T17:39:38+08:00 ] 127.0.0.1 /admin/weixin/index
INFO: [ app_begin ] --START--
INFO: Run Behavior\ReadHtmlCache [ RunTime:0.000950s ]
INFO: [ app_begin ] --END-- [ RunTime:0.002519s ]
ERR: 无法加载控制器:Weixin

[ 2017-02-16T17:39:38+08:00 ] 127.0.0.1 /admin/weixin/index
INFO: [ app_begin ] --START--
INFO: Run Behavior\ReadHtmlCache [ RunTime:0.001081s ]
INFO: [ app_begin ] --END-- [ RunTime:0.002973s ]
ERR: 无法加载控制器:Weixin

[ 2017-02-16T17:41:18+08:00 ] 127.0.0.1 /admin/weixin/index
INFO: [ app_begin ] --START--
INFO: Run Behavior\ReadHtmlCache [ RunTime:0.002241s ]
INFO: [ app_begin ] --END-- [ RunTime:0.004232s ]

[ 2017-02-16T17:41:57+08:00 ] 127.0.0.1 /admin/weixin/index
INFO: [ app_begin ] --START--
INFO: Run Behavior\ReadHtmlCache [ RunTime:0.001869s ]
INFO: [ app_begin ] --END-- [ RunTime:0.003762s ]
INFO: [ app_end ] --START--
INFO: Run Behavior\ShowPageTrace [ RunTime:0.068735s ]
INFO: [ app_end ] --END-- [ RunTime:0.069925s ]

[ 2017-02-16T17:44:58+08:00 ] 127.0.0.1 /admin/weixin/index
INFO: [ app_begin ] --START--
INFO: Run Behavior\ReadHtmlCache [ RunTime:0.001614s ]
INFO: [ app_begin ] --END-- [ RunTime:0.003761s ]

[ 2017-02-16T17:45:25+08:00 ] 127.0.0.1 /admin/weixin/index
INFO: [ app_begin ] --START--
INFO: Run Behavior\ReadHtmlCache [ RunTime:0.001022s ]
INFO: [ app_begin ] --END-- [ RunTime:0.002716s ]

[ 2017-02-16T17:45:26+08:00 ] 127.0.0.1 /admin/weixin/index
INFO: [ app_begin ] --START--
INFO: Run Behavior\ReadHtmlCache [ RunTime:0.001346s ]
INFO: [ app_begin ] --END-- [ RunTime:0.004031s ]

[ 2017-02-16T17:45:26+08:00 ] 127.0.0.1 /admin/weixin/index
INFO: [ app_begin ] --START--
INFO: Run Behavior\ReadHtmlCache [ RunTime:0.001207s ]
INFO: [ app_begin ] --END-- [ RunTime:0.003709s ]

[ 2017-02-16T17:45:26+08:00 ] 127.0.0.1 /admin/weixin/index
INFO: [ app_begin ] --START--
INFO: Run Behavior\ReadHtmlCache [ RunTime:0.002053s ]
INFO: [ app_begin ] --END-- [ RunTime:0.004335s ]

[ 2017-02-16T17:45:26+08:00 ] 127.0.0.1 /admin/weixin/index
INFO: [ app_begin ] --START--
INFO: Run Behavior\ReadHtmlCache [ RunTime:0.001342s ]
INFO: [ app_begin ] --END-- [ RunTime:0.004417s ]

[ 2017-02-16T17:46:20+08:00 ] 127.0.0.1 /admin/weixin/index
INFO: [ app_begin ] --START--
INFO: Run Behavior\ReadHtmlCache [ RunTime:0.001029s ]
INFO: [ app_begin ] --END-- [ RunTime:0.002660s ]

[ 2017-02-16T17:46:21+08:00 ] 127.0.0.1 /admin/weixin/index
INFO: [ app_begin ] --START--
INFO: Run Behavior\ReadHtmlCache [ RunTime:0.001017s ]
INFO: [ app_begin ] --END-- [ RunTime:0.002960s ]

[ 2017-02-16T17:46:21+08:00 ] 127.0.0.1 /admin/weixin/index
INFO: [ app_begin ] --START--
INFO: Run Behavior\ReadHtmlCache [ RunTime:0.001439s ]
INFO: [ app_begin ] --END-- [ RunTime:0.005737s ]

[ 2017-02-16T17:46:21+08:00 ] 127.0.0.1 /admin/weixin/index
INFO: [ app_begin ] --START--
INFO: Run Behavior\ReadHtmlCache [ RunTime:0.001022s ]
INFO: [ app_begin ] --END-- [ RunTime:0.002843s ]

[ 2017-02-16T17:46:21+08:00 ] 127.0.0.1 /admin/weixin/index
INFO: [ app_begin ] --START--
INFO: Run Behavior\ReadHtmlCache [ RunTime:0.001595s ]
INFO: [ app_begin ] --END-- [ RunTime:0.004571s ]

[ 2017-02-16T17:46:22+08:00 ] 127.0.0.1 /admin/weixin/index
INFO: [ app_begin ] --START--
INFO: Run Behavior\ReadHtmlCache [ RunTime:0.001173s ]
INFO: [ app_begin ] --END-- [ RunTime:0.003077s ]

[ 2017-02-16T17:46:22+08:00 ] 127.0.0.1 /admin/weixin/index
INFO: [ app_begin ] --START--
INFO: Run Behavior\ReadHtmlCache [ RunTime:0.001964s ]
INFO: [ app_begin ] --END-- [ RunTime:0.004465s ]

[ 2017-02-16T17:47:02+08:00 ] 127.0.0.1 /admin/weixin/index
INFO: [ app_begin ] --START--
INFO: Run Behavior\ReadHtmlCache [ RunTime:0.001356s ]
INFO: [ app_begin ] --END-- [ RunTime:0.003305s ]

[ 2017-02-16T17:47:39+08:00 ] 127.0.0.1 /admin/weixin/index
INFO: [ app_begin ] --START--
INFO: Run Behavior\ReadHtmlCache [ RunTime:0.001468s ]
INFO: [ app_begin ] --END-- [ RunTime:0.004928s ]

[ 2017-02-16T17:47:40+08:00 ] 127.0.0.1 /admin/weixin/index
INFO: [ app_begin ] --START--
INFO: Run Behavior\ReadHtmlCache [ RunTime:0.001926s ]
INFO: [ app_begin ] --END-- [ RunTime:0.004263s ]

[ 2017-02-16T17:47:40+08:00 ] 127.0.0.1 /admin/weixin/index
INFO: [ app_begin ] --START--
INFO: Run Behavior\ReadHtmlCache [ RunTime:0.000958s ]
INFO: [ app_begin ] --END-- [ RunTime:0.002935s ]

[ 2017-02-16T17:47:40+08:00 ] 127.0.0.1 /admin/weixin/index
INFO: [ app_begin ] --START--
INFO: Run Behavior\ReadHtmlCache [ RunTime:0.001294s ]
INFO: [ app_begin ] --END-- [ RunTime:0.003748s ]

[ 2017-02-16T17:47:41+08:00 ] 127.0.0.1 /admin/weixin/index
INFO: [ app_begin ] --START--
INFO: Run Behavior\ReadHtmlCache [ RunTime:0.001962s ]
INFO: [ app_begin ] --END-- [ RunTime:0.005314s ]

[ 2017-02-16T17:47:41+08:00 ] 127.0.0.1 /admin/weixin/index
INFO: [ app_begin ] --START--
INFO: Run Behavior\ReadHtmlCache [ RunTime:0.000968s ]
INFO: [ app_begin ] --END-- [ RunTime:0.002730s ]

[ 2017-02-16T17:47:52+08:00 ] 127.0.0.1 /admin/weixin/index
INFO: [ app_begin ] --START--
INFO: Run Behavior\ReadHtmlCache [ RunTime:0.001146s ]
INFO: [ app_begin ] --END-- [ RunTime:0.003004s ]

[ 2017-02-16T17:47:53+08:00 ] 127.0.0.1 /admin/weixin/index
INFO: [ app_begin ] --START--
INFO: Run Behavior\ReadHtmlCache [ RunTime:0.001816s ]
INFO: [ app_begin ] --END-- [ RunTime:0.003862s ]

[ 2017-02-16T17:47:53+08:00 ] 127.0.0.1 /admin/weixin/index
INFO: [ app_begin ] --START--
INFO: Run Behavior\ReadHtmlCache [ RunTime:0.000974s ]
INFO: [ app_begin ] --END-- [ RunTime:0.002526s ]

[ 2017-02-16T17:48:27+08:00 ] 127.0.0.1 /admin/weixin/index
INFO: [ app_begin ] --START--
INFO: Run Behavior\ReadHtmlCache [ RunTime:0.000998s ]
INFO: [ app_begin ] --END-- [ RunTime:0.002899s ]

[ 2017-02-16T17:48:35+08:00 ] 127.0.0.1 /admin/weixin/index
INFO: [ app_begin ] --START--
INFO: Run Behavior\ReadHtmlCache [ RunTime:0.001076s ]
INFO: [ app_begin ] --END-- [ RunTime:0.002675s ]
INFO: [ app_end ] --START--
INFO: Run Behavior\ShowPageTrace [ RunTime:0.001067s ]
INFO: [ app_end ] --END-- [ RunTime:0.002263s ]

[ 2017-02-16T17:49:35+08:00 ] 127.0.0.1 /admin/weixin/index
INFO: [ app_begin ] --START--
INFO: Run Behavior\ReadHtmlCache [ RunTime:0.002446s ]
INFO: [ app_begin ] --END-- [ RunTime:0.004696s ]
INFO: [ app_end ] --START--
INFO: Run Behavior\ShowPageTrace [ RunTime:0.000995s ]
INFO: [ app_end ] --END-- [ RunTime:0.002125s ]

[ 2017-02-16T17:49:48+08:00 ] 127.0.0.1 /admin/weixin/index
INFO: [ app_begin ] --START--
INFO: Run Behavior\ReadHtmlCache [ RunTime:0.000947s ]
INFO: [ app_begin ] --END-- [ RunTime:0.002537s ]
INFO: [ app_end ] --START--
INFO: Run Behavior\ShowPageTrace [ RunTime:0.001927s ]
INFO: [ app_end ] --END-- [ RunTime:0.004164s ]

[ 2017-02-16T17:50:52+08:00 ] 127.0.0.1 /admin/weixin/index
INFO: [ app_begin ] --START--
INFO: Run Behavior\ReadHtmlCache [ RunTime:0.002063s ]
INFO: [ app_begin ] --END-- [ RunTime:0.004840s ]

[ 2017-02-16T17:52:14+08:00 ] 127.0.0.1 /admin/weixin/index
INFO: [ app_begin ] --START--
INFO: Run Behavior\ReadHtmlCache [ RunTime:0.001004s ]
INFO: [ app_begin ] --END-- [ RunTime:0.002596s ]

[ 2017-02-16T17:52:29+08:00 ] 127.0.0.1 /admin/weixin/index
INFO: [ app_begin ] --START--
INFO: Run Behavior\ReadHtmlCache [ RunTime:0.001189s ]
INFO: [ app_begin ] --END-- [ RunTime:0.003811s ]

[ 2017-02-16T17:52:39+08:00 ] 127.0.0.1 /admin/weixin/index
INFO: [ app_begin ] --START--
INFO: Run Behavior\ReadHtmlCache [ RunTime:0.001442s ]
INFO: [ app_begin ] --END-- [ RunTime:0.003748s ]
INFO: [ app_end ] --START--
INFO: Run Behavior\ShowPageTrace [ RunTime:0.001319s ]
INFO: [ app_end ] --END-- [ RunTime:0.003006s ]

[ 2017-02-16T17:57:58+08:00 ] 127.0.0.1 /admin/weixin/index
INFO: [ app_begin ] --START--
INFO: Run Behavior\ReadHtmlCache [ RunTime:0.001300s ]
INFO: [ app_begin ] --END-- [ RunTime:0.003163s ]
INFO: [ app_end ] --START--
INFO: Run Behavior\ShowPageTrace [ RunTime:0.001150s ]
INFO: [ app_end ] --END-- [ RunTime:0.002296s ]

[ 2017-02-16T17:58:17+08:00 ] 127.0.0.1 /admin/weixin/index
INFO: [ app_begin ] --START--
INFO: Run Behavior\ReadHtmlCache [ RunTime:0.000969s ]
INFO: [ app_begin ] --END-- [ RunTime:0.002535s ]
INFO: [ app_end ] --START--
INFO: Run Behavior\ShowPageTrace [ RunTime:0.001069s ]
INFO: [ app_end ] --END-- [ RunTime:0.002323s ]

[ 2017-02-16T17:59:13+08:00 ] 127.0.0.1 /admin/weixin/index
INFO: [ app_begin ] --START--
INFO: Run Behavior\ReadHtmlCache [ RunTime:0.001570s ]
INFO: [ app_begin ] --END-- [ RunTime:0.004169s ]
INFO: [ app_end ] --START--
INFO: Run Behavior\ShowPageTrace [ RunTime:0.001087s ]
INFO: [ app_end ] --END-- [ RunTime:0.002512s ]

[ 2017-02-16T17:59:13+08:00 ] 127.0.0.1 /admin/weixin/index
INFO: [ app_begin ] --START--
INFO: Run Behavior\ReadHtmlCache [ RunTime:0.001092s ]
INFO: [ app_begin ] --END-- [ RunTime:0.002959s ]
INFO: [ app_end ] --START--
INFO: Run Behavior\ShowPageTrace [ RunTime:0.001533s ]
INFO: [ app_end ] --END-- [ RunTime:0.003371s ]

[ 2017-02-16T17:59:28+08:00 ] 127.0.0.1 /admin/weixin/index
INFO: [ app_begin ] --START--
INFO: Run Behavior\ReadHtmlCache [ RunTime:0.001082s ]
INFO: [ app_begin ] --END-- [ RunTime:0.002607s ]
INFO: [ app_end ] --START--
INFO: Run Behavior\ShowPageTrace [ RunTime:0.002062s ]
INFO: [ app_end ] --END-- [ RunTime:0.004411s ]

[ 2017-02-16T17:59:28+08:00 ] 127.0.0.1 /admin/weixin/index
INFO: [ app_begin ] --START--
INFO: Run Behavior\ReadHtmlCache [ RunTime:0.000949s ]
INFO: [ app_begin ] --END-- [ RunTime:0.002745s ]
INFO: [ app_end ] --START--
INFO: Run Behavior\ShowPageTrace [ RunTime:0.001516s ]
INFO: [ app_end ] --END-- [ RunTime:0.003448s ]

[ 2017-02-16T17:59:28+08:00 ] 127.0.0.1 /admin/weixin/index
INFO: [ app_begin ] --START--
INFO: Run Behavior\ReadHtmlCache [ RunTime:0.000973s ]
INFO: [ app_begin ] --END-- [ RunTime:0.002642s ]
INFO: [ app_end ] --START--
INFO: Run Behavior\ShowPageTrace [ RunTime:0.000980s ]
INFO: [ app_end ] --END-- [ RunTime:0.002150s ]

[ 2017-02-16T17:59:29+08:00 ] 127.0.0.1 /admin/weixin/index
INFO: [ app_begin ] --START--
INFO: Run Behavior\ReadHtmlCache [ RunTime:0.001010s ]
INFO: [ app_begin ] --END-- [ RunTime:0.002537s ]
INFO: [ app_end ] --START--
INFO: Run Behavior\ShowPageTrace [ RunTime:0.000973s ]
INFO: [ app_end ] --END-- [ RunTime:0.002099s ]

[ 2017-02-16T17:59:29+08:00 ] 127.0.0.1 /admin/weixin/index
INFO: [ app_begin ] --START--
INFO: Run Behavior\ReadHtmlCache [ RunTime:0.001102s ]
INFO: [ app_begin ] --END-- [ RunTime:0.003024s ]
INFO: [ app_end ] --START--
INFO: Run Behavior\ShowPageTrace [ RunTime:0.000997s ]
INFO: [ app_end ] --END-- [ RunTime:0.002126s ]

[ 2017-02-16T17:59:29+08:00 ] 127.0.0.1 /admin/weixin/index
INFO: [ app_begin ] --START--
INFO: Run Behavior\ReadHtmlCache [ RunTime:0.001572s ]
INFO: [ app_begin ] --END-- [ RunTime:0.003661s ]
INFO: [ app_end ] --START--
INFO: Run Behavior\ShowPageTrace [ RunTime:0.000961s ]
INFO: [ app_end ] --END-- [ RunTime:0.002490s ]

[ 2017-02-16T17:59:29+08:00 ] 127.0.0.1 /admin/weixin/index
INFO: [ app_begin ] --START--
INFO: Run Behavior\ReadHtmlCache [ RunTime:0.001850s ]
INFO: [ app_begin ] --END-- [ RunTime:0.004230s ]
INFO: [ app_end ] --START--
INFO: Run Behavior\ShowPageTrace [ RunTime:0.001359s ]
INFO: [ app_end ] --END-- [ RunTime:0.003111s ]

[ 2017-02-16T17:59:30+08:00 ] 127.0.0.1 /admin/weixin/index
INFO: [ app_begin ] --START--
INFO: Run Behavior\ReadHtmlCache [ RunTime:0.001007s ]
INFO: [ app_begin ] --END-- [ RunTime:0.002528s ]
INFO: [ app_end ] --START--
INFO: Run Behavior\ShowPageTrace [ RunTime:0.000972s ]
INFO: [ app_end ] --END-- [ RunTime:0.002156s ]

[ 2017-02-16T18:01:08+08:00 ] 127.0.0.1 /admin/weixin/index
INFO: [ app_begin ] --START--
INFO: Run Behavior\ReadHtmlCache [ RunTime:0.001033s ]
INFO: [ app_begin ] --END-- [ RunTime:0.002694s ]
INFO: [ app_end ] --START--
INFO: Run Behavior\ShowPageTrace [ RunTime:0.001028s ]
INFO: [ app_end ] --END-- [ RunTime:0.002161s ]

[ 2017-02-16T18:04:41+08:00 ] 127.0.0.1 /admin/weixin/index
INFO: [ app_begin ] --START--
INFO: Run Behavior\ReadHtmlCache [ RunTime:0.001342s ]
INFO: [ app_begin ] --END-- [ RunTime:0.003376s ]
INFO: [ app_end ] --START--
INFO: Run Behavior\ShowPageTrace [ RunTime:0.003486s ]
INFO: [ app_end ] --END-- [ RunTime:0.005383s ]

[ 2017-02-16T18:48:55+08:00 ] 127.0.0.1 /admin/weixin/index
INFO: [ app_begin ] --START--
INFO: Run Behavior\ReadHtmlCache [ RunTime:0.003428s ]
INFO: [ app_begin ] --END-- [ RunTime:0.009337s ]
INFO: [ app_end ] --START--
INFO: Run Behavior\ShowPageTrace [ RunTime:0.010692s ]
INFO: [ app_end ] --END-- [ RunTime:0.014548s ]

[ 2017-02-16T18:49:36+08:00 ] 127.0.0.1 /admin/weixin/index
INFO: [ app_begin ] --START--
INFO: Run Behavior\ReadHtmlCache [ RunTime:0.000931s ]
INFO: [ app_begin ] --END-- [ RunTime:0.002519s ]
INFO: [ app_end ] --START--
INFO: Run Behavior\ShowPageTrace [ RunTime:0.001492s ]
INFO: [ app_end ] --END-- [ RunTime:0.003028s ]

[ 2017-02-16T18:49:36+08:00 ] 127.0.0.1 /admin/weixin/index
INFO: [ app_begin ] --START--
INFO: Run Behavior\ReadHtmlCache [ RunTime:0.001264s ]
INFO: [ app_begin ] --END-- [ RunTime:0.003300s ]
INFO: [ app_end ] --START--
INFO: Run Behavior\ShowPageTrace [ RunTime:0.002028s ]
INFO: [ app_end ] --END-- [ RunTime:0.005031s ]

[ 2017-02-16T18:49:37+08:00 ] 127.0.0.1 /admin/weixin/index
INFO: [ app_begin ] --START--
INFO: Run Behavior\ReadHtmlCache [ RunTime:0.001297s ]
INFO: [ app_begin ] --END-- [ RunTime:0.003158s ]
INFO: [ app_end ] --START--
INFO: Run Behavior\ShowPageTrace [ RunTime:0.001231s ]
INFO: [ app_end ] --END-- [ RunTime:0.002957s ]

[ 2017-02-16T18:49:37+08:00 ] 127.0.0.1 /admin/weixin/index
INFO: [ app_begin ] --START--
INFO: Run Behavior\ReadHtmlCache [ RunTime:0.000938s ]
INFO: [ app_begin ] --END-- [ RunTime:0.002466s ]
INFO: [ app_end ] --START--
INFO: Run Behavior\ShowPageTrace [ RunTime:0.001560s ]
INFO: [ app_end ] --END-- [ RunTime:0.003912s ]

[ 2017-02-16T18:51:11+08:00 ] 127.0.0.1 /admin/weixin/index
INFO: [ app_begin ] --START--
INFO: Run Behavior\ReadHtmlCache [ RunTime:0.001263s ]
INFO: [ app_begin ] --END-- [ RunTime:0.002929s ]
INFO: [ app_end ] --START--
INFO: Run Behavior\ShowPageTrace [ RunTime:0.000990s ]
INFO: [ app_end ] --END-- [ RunTime:0.002196s ]

[ 2017-02-16T18:51:20+08:00 ] 127.0.0.1 /admin/weixin/index
INFO: [ app_begin ] --START--
INFO: Run Behavior\ReadHtmlCache [ RunTime:0.000978s ]
INFO: [ app_begin ] --END-- [ RunTime:0.002484s ]
INFO: [ app_end ] --START--
INFO: Run Behavior\ShowPageTrace [ RunTime:0.003080s ]
INFO: [ app_end ] --END-- [ RunTime:0.005401s ]

[ 2017-02-16T18:51:21+08:00 ] 127.0.0.1 /admin/weixin/index
INFO: [ app_begin ] --START--
INFO: Run Behavior\ReadHtmlCache [ RunTime:0.001135s ]
INFO: [ app_begin ] --END-- [ RunTime:0.002693s ]
INFO: [ app_end ] --START--
INFO: Run Behavior\ShowPageTrace [ RunTime:0.001038s ]
INFO: [ app_end ] --END-- [ RunTime:0.002386s ]

[ 2017-02-16T18:53:38+08:00 ] 127.0.0.1 /admin/weixin/index
INFO: [ app_begin ] --START--
INFO: Run Behavior\ReadHtmlCache [ RunTime:0.001101s ]
INFO: [ app_begin ] --END-- [ RunTime:0.002747s ]
INFO: [ app_end ] --START--
INFO: Run Behavior\ShowPageTrace [ RunTime:0.001382s ]
INFO: [ app_end ] --END-- [ RunTime:0.002499s ]

[ 2017-02-16T18:53:39+08:00 ] 127.0.0.1 /admin/weixin/index
INFO: [ app_begin ] --START--
INFO: Run Behavior\ReadHtmlCache [ RunTime:0.001632s ]
INFO: [ app_begin ] --END-- [ RunTime:0.004019s ]
INFO: [ app_end ] --START--
INFO: Run Behavior\ShowPageTrace [ RunTime:0.000961s ]
INFO: [ app_end ] --END-- [ RunTime:0.002212s ]

[ 2017-02-16T18:53:39+08:00 ] 127.0.0.1 /admin/weixin/index
INFO: [ app_begin ] --START--
INFO: Run Behavior\ReadHtmlCache [ RunTime:0.001389s ]
INFO: [ app_begin ] --END-- [ RunTime:0.003324s ]
INFO: [ app_end ] --START--
INFO: Run Behavior\ShowPageTrace [ RunTime:0.000974s ]
INFO: [ app_end ] --END-- [ RunTime:0.002458s ]

[ 2017-02-16T18:53:39+08:00 ] 127.0.0.1 /admin/weixin/index
INFO: [ app_begin ] --START--
INFO: Run Behavior\ReadHtmlCache [ RunTime:0.000961s ]
INFO: [ app_begin ] --END-- [ RunTime:0.002550s ]
INFO: [ app_end ] --START--
INFO: Run Behavior\ShowPageTrace [ RunTime:0.001159s ]
INFO: [ app_end ] --END-- [ RunTime:0.002420s ]

