[ 2017-03-01T09:35:45+08:00 ] 127.0.0.1 /
INFO: [ app_begin ] --START--
INFO: Run Behavior\ReadHtmlCache [ RunTime:0.013994s ]
INFO: [ app_begin ] --END-- [ RunTime:0.030943s ]
INFO: [ view_parse ] --START--
INFO: [ template_filter ] --START--
INFO: Run Behavior\ContentReplace [ RunTime:0.001090s ]
INFO: [ template_filter ] --END-- [ RunTime:0.004458s ]
INFO: Run Behavior\ParseTemplate [ RunTime:0.109232s ]
INFO: [ view_parse ] --END-- [ RunTime:0.113153s ]
INFO: [ view_filter ] --START--
INFO: Run Behavior\WriteHtmlCache [ RunTime:0.003331s ]
INFO: [ view_filter ] --END-- [ RunTime:0.006692s ]
INFO: [ app_end ] --START--
INFO: Run Behavior\ShowPageTrace [ RunTime:0.012660s ]
INFO: [ app_end ] --END-- [ RunTime:0.015244s ]

[ 2017-03-01T09:37:01+08:00 ] 127.0.0.1 /
INFO: [ app_begin ] --START--
INFO: Run Behavior\ReadHtmlCache [ RunTime:0.001184s ]
INFO: [ app_begin ] --END-- [ RunTime:0.002991s ]
INFO: [ view_parse ] --START--
INFO: [ template_filter ] --START--
INFO: Run Behavior\ContentReplace [ RunTime:0.000438s ]
INFO: [ template_filter ] --END-- [ RunTime:0.001743s ]
INFO: Run Behavior\ParseTemplate [ RunTime:0.019085s ]
INFO: [ view_parse ] --END-- [ RunTime:0.020411s ]
INFO: [ view_filter ] --START--
INFO: Run Behavior\WriteHtmlCache [ RunTime:0.000860s ]
INFO: [ view_filter ] --END-- [ RunTime:0.002132s ]
INFO: [ app_end ] --START--
INFO: Run Behavior\ShowPageTrace [ RunTime:0.002347s ]
INFO: [ app_end ] --END-- [ RunTime:0.003898s ]

[ 2017-03-01T09:48:07+08:00 ] 127.0.0.1 /
INFO: [ app_begin ] --START--
INFO: Run Behavior\ReadHtmlCache [ RunTime:0.012943s ]
INFO: [ app_begin ] --END-- [ RunTime:0.054852s ]
INFO: [ view_parse ] --START--
INFO: [ template_filter ] --START--
INFO: Run Behavior\ContentReplace [ RunTime:0.000626s ]
INFO: [ template_filter ] --END-- [ RunTime:0.002174s ]
INFO: Run Behavior\ParseTemplate [ RunTime:0.116543s ]
INFO: [ view_parse ] --END-- [ RunTime:0.118581s ]
INFO: [ view_filter ] --START--
INFO: Run Behavior\WriteHtmlCache [ RunTime:0.032040s ]
INFO: [ view_filter ] --END-- [ RunTime:0.033725s ]
INFO: [ app_end ] --START--
INFO: Run Behavior\ShowPageTrace [ RunTime:0.008663s ]
INFO: [ app_end ] --END-- [ RunTime:0.010340s ]

[ 2017-03-01T09:48:44+08:00 ] 127.0.0.1 /
INFO: [ app_begin ] --START--
INFO: Run Behavior\ReadHtmlCache [ RunTime:0.001429s ]
INFO: [ app_begin ] --END-- [ RunTime:0.003838s ]
INFO: [ view_parse ] --START--
INFO: [ template_filter ] --START--
INFO: Run Behavior\ContentReplace [ RunTime:0.000420s ]
INFO: [ template_filter ] --END-- [ RunTime:0.001507s ]
INFO: Run Behavior\ParseTemplate [ RunTime:0.048272s ]
INFO: [ view_parse ] --END-- [ RunTime:0.049444s ]
INFO: [ view_filter ] --START--
INFO: Run Behavior\WriteHtmlCache [ RunTime:0.000697s ]
INFO: [ view_filter ] --END-- [ RunTime:0.001827s ]
INFO: [ app_end ] --START--
INFO: Run Behavior\ShowPageTrace [ RunTime:0.001044s ]
INFO: [ app_end ] --END-- [ RunTime:0.002207s ]

[ 2017-03-01T09:50:29+08:00 ] 127.0.0.1 /
INFO: [ app_begin ] --START--
INFO: Run Behavior\ReadHtmlCache [ RunTime:0.001647s ]
INFO: [ app_begin ] --END-- [ RunTime:0.003254s ]
INFO: [ view_parse ] --START--
INFO: [ template_filter ] --START--
INFO: Run Behavior\ContentReplace [ RunTime:0.000558s ]
INFO: [ template_filter ] --END-- [ RunTime:0.002179s ]
INFO: Run Behavior\ParseTemplate [ RunTime:0.042584s ]
INFO: [ view_parse ] --END-- [ RunTime:0.043757s ]
INFO: [ view_filter ] --START--
INFO: Run Behavior\WriteHtmlCache [ RunTime:0.000720s ]
INFO: [ view_filter ] --END-- [ RunTime:0.001862s ]
INFO: [ app_end ] --START--
INFO: Run Behavior\ShowPageTrace [ RunTime:0.001281s ]
INFO: [ app_end ] --END-- [ RunTime:0.002825s ]

[ 2017-03-01T09:50:30+08:00 ] 127.0.0.1 /
INFO: [ app_begin ] --START--
INFO: Run Behavior\ReadHtmlCache [ RunTime:0.001085s ]
INFO: [ app_begin ] --END-- [ RunTime:0.002770s ]
INFO: [ view_parse ] --START--
INFO: [ template_filter ] --START--
INFO: Run Behavior\ContentReplace [ RunTime:0.000448s ]
INFO: [ template_filter ] --END-- [ RunTime:0.001805s ]
INFO: Run Behavior\ParseTemplate [ RunTime:0.041571s ]
INFO: [ view_parse ] --END-- [ RunTime:0.042781s ]
INFO: [ view_filter ] --START--
INFO: Run Behavior\WriteHtmlCache [ RunTime:0.000872s ]
INFO: [ view_filter ] --END-- [ RunTime:0.001963s ]
INFO: [ app_end ] --START--
INFO: Run Behavior\ShowPageTrace [ RunTime:0.001039s ]
INFO: [ app_end ] --END-- [ RunTime:0.002169s ]

[ 2017-03-01T09:52:39+08:00 ] 127.0.0.1 /
INFO: [ app_begin ] --START--
INFO: Run Behavior\ReadHtmlCache [ RunTime:0.001054s ]
INFO: [ app_begin ] --END-- [ RunTime:0.002592s ]
INFO: [ view_parse ] --START--
INFO: [ template_filter ] --START--
INFO: Run Behavior\ContentReplace [ RunTime:0.000378s ]
INFO: [ template_filter ] --END-- [ RunTime:0.001483s ]
INFO: Run Behavior\ParseTemplate [ RunTime:0.051247s ]
INFO: [ view_parse ] --END-- [ RunTime:0.053517s ]
INFO: [ view_filter ] --START--
INFO: Run Behavior\WriteHtmlCache [ RunTime:0.000758s ]
INFO: [ view_filter ] --END-- [ RunTime:0.001844s ]
INFO: [ app_end ] --START--
INFO: Run Behavior\ShowPageTrace [ RunTime:0.001205s ]
INFO: [ app_end ] --END-- [ RunTime:0.002452s ]

[ 2017-03-01T09:52:52+08:00 ] 127.0.0.1 /
INFO: [ app_begin ] --START--
INFO: Run Behavior\ReadHtmlCache [ RunTime:0.000973s ]
INFO: [ app_begin ] --END-- [ RunTime:0.002542s ]
INFO: [ view_parse ] --START--
INFO: [ template_filter ] --START--
INFO: Run Behavior\ContentReplace [ RunTime:0.000426s ]
INFO: [ template_filter ] --END-- [ RunTime:0.001721s ]
INFO: Run Behavior\ParseTemplate [ RunTime:0.041106s ]
INFO: [ view_parse ] --END-- [ RunTime:0.042602s ]
INFO: [ view_filter ] --START--
INFO: Run Behavior\WriteHtmlCache [ RunTime:0.000647s ]
INFO: [ view_filter ] --END-- [ RunTime:0.001748s ]
INFO: [ app_end ] --START--
INFO: Run Behavior\ShowPageTrace [ RunTime:0.001257s ]
INFO: [ app_end ] --END-- [ RunTime:0.002382s ]

[ 2017-03-01T09:53:36+08:00 ] 127.0.0.1 /
INFO: [ app_begin ] --START--
INFO: Run Behavior\ReadHtmlCache [ RunTime:0.000980s ]
INFO: [ app_begin ] --END-- [ RunTime:0.002513s ]
INFO: [ view_parse ] --START--
INFO: [ template_filter ] --START--
INFO: Run Behavior\ContentReplace [ RunTime:0.000824s ]
INFO: [ template_filter ] --END-- [ RunTime:0.002511s ]
INFO: Run Behavior\ParseTemplate [ RunTime:0.030863s ]
INFO: [ view_parse ] --END-- [ RunTime:0.033024s ]
INFO: [ view_filter ] --START--
INFO: Run Behavior\WriteHtmlCache [ RunTime:0.001072s ]
INFO: [ view_filter ] --END-- [ RunTime:0.002626s ]
INFO: [ app_end ] --START--
INFO: Run Behavior\ShowPageTrace [ RunTime:0.001386s ]
INFO: [ app_end ] --END-- [ RunTime:0.002886s ]

[ 2017-03-01T09:53:59+08:00 ] 127.0.0.1 /
INFO: [ app_begin ] --START--
INFO: Run Behavior\ReadHtmlCache [ RunTime:0.001096s ]
INFO: [ app_begin ] --END-- [ RunTime:0.002844s ]
INFO: [ view_parse ] --START--
INFO: [ template_filter ] --START--
INFO: Run Behavior\ContentReplace [ RunTime:0.000378s ]
INFO: [ template_filter ] --END-- [ RunTime:0.001704s ]
INFO: Run Behavior\ParseTemplate [ RunTime:0.044087s ]
INFO: [ view_parse ] --END-- [ RunTime:0.045771s ]
INFO: [ view_filter ] --START--
INFO: Run Behavior\WriteHtmlCache [ RunTime:0.000718s ]
INFO: [ view_filter ] --END-- [ RunTime:0.001914s ]
INFO: [ app_end ] --START--
INFO: Run Behavior\ShowPageTrace [ RunTime:0.000999s ]
INFO: [ app_end ] --END-- [ RunTime:0.002150s ]

[ 2017-03-01T09:54:44+08:00 ] 127.0.0.1 /
INFO: [ app_begin ] --START--
INFO: Run Behavior\ReadHtmlCache [ RunTime:0.000989s ]
INFO: [ app_begin ] --END-- [ RunTime:0.002470s ]
INFO: [ view_parse ] --START--
INFO: [ template_filter ] --START--
INFO: Run Behavior\ContentReplace [ RunTime:0.000399s ]
INFO: [ template_filter ] --END-- [ RunTime:0.001462s ]
INFO: Run Behavior\ParseTemplate [ RunTime:0.020103s ]
INFO: [ view_parse ] --END-- [ RunTime:0.021262s ]
INFO: [ view_filter ] --START--
INFO: Run Behavior\WriteHtmlCache [ RunTime:0.000801s ]
INFO: [ view_filter ] --END-- [ RunTime:0.001879s ]
INFO: [ app_end ] --START--
INFO: Run Behavior\ShowPageTrace [ RunTime:0.001235s ]
INFO: [ app_end ] --END-- [ RunTime:0.002951s ]

[ 2017-03-01T09:55:05+08:00 ] 127.0.0.1 /
INFO: [ app_begin ] --START--
INFO: Run Behavior\ReadHtmlCache [ RunTime:0.001009s ]
INFO: [ app_begin ] --END-- [ RunTime:0.002580s ]
INFO: [ view_parse ] --START--
INFO: [ template_filter ] --START--
INFO: Run Behavior\ContentReplace [ RunTime:0.000452s ]
INFO: [ template_filter ] --END-- [ RunTime:0.001775s ]
INFO: Run Behavior\ParseTemplate [ RunTime:0.046356s ]
INFO: [ view_parse ] --END-- [ RunTime:0.047694s ]
INFO: [ view_filter ] --START--
INFO: Run Behavior\WriteHtmlCache [ RunTime:0.000841s ]
INFO: [ view_filter ] --END-- [ RunTime:0.002252s ]
INFO: [ app_end ] --START--
INFO: Run Behavior\ShowPageTrace [ RunTime:0.001495s ]
INFO: [ app_end ] --END-- [ RunTime:0.002928s ]

[ 2017-03-01T09:55:09+08:00 ] 127.0.0.1 /
INFO: [ app_begin ] --START--
INFO: Run Behavior\ReadHtmlCache [ RunTime:0.001090s ]
INFO: [ app_begin ] --END-- [ RunTime:0.003044s ]
INFO: [ view_parse ] --START--
INFO: [ template_filter ] --START--
INFO: Run Behavior\ContentReplace [ RunTime:0.000420s ]
INFO: [ template_filter ] --END-- [ RunTime:0.001551s ]
INFO: Run Behavior\ParseTemplate [ RunTime:0.050734s ]
INFO: [ view_parse ] --END-- [ RunTime:0.053974s ]
INFO: [ view_filter ] --START--
INFO: Run Behavior\WriteHtmlCache [ RunTime:0.000729s ]
INFO: [ view_filter ] --END-- [ RunTime:0.001827s ]
INFO: [ app_end ] --START--
INFO: Run Behavior\ShowPageTrace [ RunTime:0.001083s ]
INFO: [ app_end ] --END-- [ RunTime:0.002347s ]

[ 2017-03-01T09:55:27+08:00 ] 127.0.0.1 /
INFO: [ app_begin ] --START--
INFO: Run Behavior\ReadHtmlCache [ RunTime:0.001261s ]
INFO: [ app_begin ] --END-- [ RunTime:0.003061s ]
INFO: [ view_parse ] --START--
INFO: [ template_filter ] --START--
INFO: Run Behavior\ContentReplace [ RunTime:0.000442s ]
INFO: [ template_filter ] --END-- [ RunTime:0.001808s ]
INFO: Run Behavior\ParseTemplate [ RunTime:0.018634s ]
INFO: [ view_parse ] --END-- [ RunTime:0.020021s ]
INFO: [ view_filter ] --START--
INFO: Run Behavior\WriteHtmlCache [ RunTime:0.002496s ]
INFO: [ view_filter ] --END-- [ RunTime:0.004008s ]
INFO: [ app_end ] --START--
INFO: Run Behavior\ShowPageTrace [ RunTime:0.001187s ]
INFO: [ app_end ] --END-- [ RunTime:0.002388s ]

[ 2017-03-01T09:55:46+08:00 ] 127.0.0.1 /
INFO: [ app_begin ] --START--
INFO: Run Behavior\ReadHtmlCache [ RunTime:0.000944s ]
INFO: [ app_begin ] --END-- [ RunTime:0.002564s ]
INFO: [ view_parse ] --START--
INFO: [ template_filter ] --START--
INFO: Run Behavior\ContentReplace [ RunTime:0.000460s ]
INFO: [ template_filter ] --END-- [ RunTime:0.001822s ]
INFO: Run Behavior\ParseTemplate [ RunTime:0.046733s ]
INFO: [ view_parse ] --END-- [ RunTime:0.048666s ]
INFO: [ view_filter ] --START--
INFO: Run Behavior\WriteHtmlCache [ RunTime:0.000902s ]
INFO: [ view_filter ] --END-- [ RunTime:0.002198s ]
INFO: [ app_end ] --START--
INFO: Run Behavior\ShowPageTrace [ RunTime:0.001216s ]
INFO: [ app_end ] --END-- [ RunTime:0.002549s ]

[ 2017-03-01T09:56:04+08:00 ] 127.0.0.1 /
INFO: [ app_begin ] --START--
INFO: Run Behavior\ReadHtmlCache [ RunTime:0.000931s ]
INFO: [ app_begin ] --END-- [ RunTime:0.002789s ]
INFO: [ view_parse ] --START--
INFO: [ template_filter ] --START--
INFO: Run Behavior\ContentReplace [ RunTime:0.000755s ]
INFO: [ template_filter ] --END-- [ RunTime:0.002721s ]
INFO: Run Behavior\ParseTemplate [ RunTime:0.070472s ]
INFO: [ view_parse ] --END-- [ RunTime:0.073158s ]
INFO: [ view_filter ] --START--
INFO: Run Behavior\WriteHtmlCache [ RunTime:0.001144s ]
INFO: [ view_filter ] --END-- [ RunTime:0.002915s ]
INFO: [ app_end ] --START--
INFO: Run Behavior\ShowPageTrace [ RunTime:0.001627s ]
INFO: [ app_end ] --END-- [ RunTime:0.003531s ]

[ 2017-03-01T09:56:19+08:00 ] 127.0.0.1 /
INFO: [ app_begin ] --START--
INFO: Run Behavior\ReadHtmlCache [ RunTime:0.001056s ]
INFO: [ app_begin ] --END-- [ RunTime:0.002500s ]
INFO: [ view_parse ] --START--
INFO: [ template_filter ] --START--
INFO: Run Behavior\ContentReplace [ RunTime:0.000715s ]
INFO: [ template_filter ] --END-- [ RunTime:0.002425s ]
INFO: Run Behavior\ParseTemplate [ RunTime:0.047199s ]
INFO: [ view_parse ] --END-- [ RunTime:0.049313s ]
INFO: [ view_filter ] --START--
INFO: Run Behavior\WriteHtmlCache [ RunTime:0.000814s ]
INFO: [ view_filter ] --END-- [ RunTime:0.002081s ]
INFO: [ app_end ] --START--
INFO: Run Behavior\ShowPageTrace [ RunTime:0.001551s ]
INFO: [ app_end ] --END-- [ RunTime:0.002871s ]

[ 2017-03-01T09:56:21+08:00 ] 127.0.0.1 /
INFO: [ app_begin ] --START--
INFO: Run Behavior\ReadHtmlCache [ RunTime:0.001248s ]
INFO: [ app_begin ] --END-- [ RunTime:0.003185s ]
INFO: [ view_parse ] --START--
INFO: [ template_filter ] --START--
INFO: Run Behavior\ContentReplace [ RunTime:0.000372s ]
INFO: [ template_filter ] --END-- [ RunTime:0.001500s ]
INFO: Run Behavior\ParseTemplate [ RunTime:0.048966s ]
INFO: [ view_parse ] --END-- [ RunTime:0.050651s ]
INFO: [ view_filter ] --START--
INFO: Run Behavior\WriteHtmlCache [ RunTime:0.000903s ]
INFO: [ view_filter ] --END-- [ RunTime:0.002196s ]
INFO: [ app_end ] --START--
INFO: Run Behavior\ShowPageTrace [ RunTime:0.001025s ]
INFO: [ app_end ] --END-- [ RunTime:0.002178s ]

[ 2017-03-01T09:56:40+08:00 ] 127.0.0.1 /
INFO: [ app_begin ] --START--
INFO: Run Behavior\ReadHtmlCache [ RunTime:0.001712s ]
INFO: [ app_begin ] --END-- [ RunTime:0.003839s ]
INFO: [ view_parse ] --START--
INFO: [ template_filter ] --START--
INFO: Run Behavior\ContentReplace [ RunTime:0.000640s ]
INFO: [ template_filter ] --END-- [ RunTime:0.002117s ]
INFO: Run Behavior\ParseTemplate [ RunTime:0.042205s ]
INFO: [ view_parse ] --END-- [ RunTime:0.043538s ]
INFO: [ view_filter ] --START--
INFO: Run Behavior\WriteHtmlCache [ RunTime:0.000657s ]
INFO: [ view_filter ] --END-- [ RunTime:0.001759s ]
INFO: [ app_end ] --START--
INFO: Run Behavior\ShowPageTrace [ RunTime:0.000990s ]
INFO: [ app_end ] --END-- [ RunTime:0.002140s ]

[ 2017-03-01T09:57:00+08:00 ] 127.0.0.1 /
INFO: [ app_begin ] --START--
INFO: Run Behavior\ReadHtmlCache [ RunTime:0.001185s ]
INFO: [ app_begin ] --END-- [ RunTime:0.003260s ]
INFO: [ view_parse ] --START--
INFO: [ template_filter ] --START--
INFO: Run Behavior\ContentReplace [ RunTime:0.000591s ]
INFO: [ template_filter ] --END-- [ RunTime:0.002822s ]
INFO: Run Behavior\ParseTemplate [ RunTime:0.065970s ]
INFO: [ view_parse ] --END-- [ RunTime:0.068637s ]
INFO: [ view_filter ] --START--
INFO: Run Behavior\WriteHtmlCache [ RunTime:0.001143s ]
INFO: [ view_filter ] --END-- [ RunTime:0.002866s ]
INFO: [ app_end ] --START--
INFO: Run Behavior\ShowPageTrace [ RunTime:0.001802s ]
INFO: [ app_end ] --END-- [ RunTime:0.003596s ]

[ 2017-03-01T09:57:14+08:00 ] 127.0.0.1 /
INFO: [ app_begin ] --START--
INFO: Run Behavior\ReadHtmlCache [ RunTime:0.001614s ]
INFO: [ app_begin ] --END-- [ RunTime:0.004763s ]
INFO: [ view_parse ] --START--
INFO: [ template_filter ] --START--
INFO: Run Behavior\ContentReplace [ RunTime:0.000493s ]
INFO: [ template_filter ] --END-- [ RunTime:0.001847s ]
INFO: Run Behavior\ParseTemplate [ RunTime:0.044572s ]
INFO: [ view_parse ] --END-- [ RunTime:0.045782s ]
INFO: [ view_filter ] --START--
INFO: Run Behavior\WriteHtmlCache [ RunTime:0.000917s ]
INFO: [ view_filter ] --END-- [ RunTime:0.002163s ]
INFO: [ app_end ] --START--
INFO: Run Behavior\ShowPageTrace [ RunTime:0.001104s ]
INFO: [ app_end ] --END-- [ RunTime:0.002502s ]

[ 2017-03-01T09:57:29+08:00 ] 127.0.0.1 /
INFO: [ app_begin ] --START--
INFO: Run Behavior\ReadHtmlCache [ RunTime:0.001096s ]
INFO: [ app_begin ] --END-- [ RunTime:0.002840s ]
INFO: [ view_parse ] --START--
INFO: [ template_filter ] --START--
INFO: Run Behavior\ContentReplace [ RunTime:0.000506s ]
INFO: [ template_filter ] --END-- [ RunTime:0.002099s ]
INFO: Run Behavior\ParseTemplate [ RunTime:0.063916s ]
INFO: [ view_parse ] --END-- [ RunTime:0.067566s ]
INFO: [ view_filter ] --START--
INFO: Run Behavior\WriteHtmlCache [ RunTime:0.000991s ]
INFO: [ view_filter ] --END-- [ RunTime:0.002405s ]
INFO: [ app_end ] --START--
INFO: Run Behavior\ShowPageTrace [ RunTime:0.001443s ]
INFO: [ app_end ] --END-- [ RunTime:0.002966s ]

[ 2017-03-01T09:57:33+08:00 ] 127.0.0.1 /
INFO: [ app_begin ] --START--
INFO: Run Behavior\ReadHtmlCache [ RunTime:0.000960s ]
INFO: [ app_begin ] --END-- [ RunTime:0.002459s ]
INFO: [ view_parse ] --START--
INFO: [ template_filter ] --START--
INFO: Run Behavior\ContentReplace [ RunTime:0.000481s ]
INFO: [ template_filter ] --END-- [ RunTime:0.001880s ]
INFO: Run Behavior\ParseTemplate [ RunTime:0.073872s ]
INFO: [ view_parse ] --END-- [ RunTime:0.075928s ]
INFO: [ view_filter ] --START--
INFO: Run Behavior\WriteHtmlCache [ RunTime:0.000919s ]
INFO: [ view_filter ] --END-- [ RunTime:0.002312s ]
INFO: [ app_end ] --START--
INFO: Run Behavior\ShowPageTrace [ RunTime:0.001223s ]
INFO: [ app_end ] --END-- [ RunTime:0.002584s ]

[ 2017-03-01T09:57:46+08:00 ] 127.0.0.1 /
INFO: [ app_begin ] --START--
INFO: Run Behavior\ReadHtmlCache [ RunTime:0.000990s ]
INFO: [ app_begin ] --END-- [ RunTime:0.002665s ]
INFO: [ view_parse ] --START--
INFO: [ template_filter ] --START--
INFO: Run Behavior\ContentReplace [ RunTime:0.000460s ]
INFO: [ template_filter ] --END-- [ RunTime:0.001848s ]
INFO: Run Behavior\ParseTemplate [ RunTime:0.040613s ]
INFO: [ view_parse ] --END-- [ RunTime:0.041799s ]
INFO: [ view_filter ] --START--
INFO: Run Behavior\WriteHtmlCache [ RunTime:0.001031s ]
INFO: [ view_filter ] --END-- [ RunTime:0.002333s ]
INFO: [ app_end ] --START--
INFO: Run Behavior\ShowPageTrace [ RunTime:0.001020s ]
INFO: [ app_end ] --END-- [ RunTime:0.002204s ]

[ 2017-03-01T09:58:06+08:00 ] 127.0.0.1 /
INFO: [ app_begin ] --START--
INFO: Run Behavior\ReadHtmlCache [ RunTime:0.001045s ]
INFO: [ app_begin ] --END-- [ RunTime:0.002603s ]
INFO: [ view_parse ] --START--
INFO: [ template_filter ] --START--
INFO: Run Behavior\ContentReplace [ RunTime:0.000510s ]
INFO: [ template_filter ] --END-- [ RunTime:0.002159s ]
INFO: Run Behavior\ParseTemplate [ RunTime:0.041709s ]
INFO: [ view_parse ] --END-- [ RunTime:0.042926s ]
INFO: [ view_filter ] --START--
INFO: Run Behavior\WriteHtmlCache [ RunTime:0.000709s ]
INFO: [ view_filter ] --END-- [ RunTime:0.001796s ]
INFO: [ app_end ] --START--
INFO: Run Behavior\ShowPageTrace [ RunTime:0.001113s ]
INFO: [ app_end ] --END-- [ RunTime:0.002263s ]

[ 2017-03-01T09:58:24+08:00 ] 127.0.0.1 /
INFO: [ app_begin ] --START--
INFO: Run Behavior\ReadHtmlCache [ RunTime:0.000973s ]
INFO: [ app_begin ] --END-- [ RunTime:0.002512s ]
INFO: [ view_parse ] --START--
INFO: [ template_filter ] --START--
INFO: Run Behavior\ContentReplace [ RunTime:0.000401s ]
INFO: [ template_filter ] --END-- [ RunTime:0.001587s ]
INFO: Run Behavior\ParseTemplate [ RunTime:0.041842s ]
INFO: [ view_parse ] --END-- [ RunTime:0.043279s ]
INFO: [ view_filter ] --START--
INFO: Run Behavior\WriteHtmlCache [ RunTime:0.001032s ]
INFO: [ view_filter ] --END-- [ RunTime:0.002441s ]
INFO: [ app_end ] --START--
INFO: Run Behavior\ShowPageTrace [ RunTime:0.001061s ]
INFO: [ app_end ] --END-- [ RunTime:0.002254s ]

[ 2017-03-01T10:00:34+08:00 ] 127.0.0.1 /
INFO: [ app_begin ] --START--
INFO: Run Behavior\ReadHtmlCache [ RunTime:0.000991s ]
INFO: [ app_begin ] --END-- [ RunTime:0.002470s ]
INFO: [ view_parse ] --START--
INFO: [ template_filter ] --START--
INFO: Run Behavior\ContentReplace [ RunTime:0.000502s ]
INFO: [ template_filter ] --END-- [ RunTime:0.002085s ]
INFO: Run Behavior\ParseTemplate [ RunTime:0.060782s ]
INFO: [ view_parse ] --END-- [ RunTime:0.062727s ]
INFO: [ view_filter ] --START--
INFO: Run Behavior\WriteHtmlCache [ RunTime:0.000821s ]
INFO: [ view_filter ] --END-- [ RunTime:0.001945s ]
INFO: [ app_end ] --START--
INFO: Run Behavior\ShowPageTrace [ RunTime:0.001128s ]
INFO: [ app_end ] --END-- [ RunTime:0.002189s ]

[ 2017-03-01T10:03:27+08:00 ] 127.0.0.1 /
INFO: [ app_begin ] --START--
INFO: Run Behavior\ReadHtmlCache [ RunTime:0.002547s ]
INFO: [ app_begin ] --END-- [ RunTime:0.004551s ]
INFO: [ view_parse ] --START--
INFO: [ template_filter ] --START--
INFO: Run Behavior\ContentReplace [ RunTime:0.000590s ]
INFO: [ template_filter ] --END-- [ RunTime:0.002345s ]
INFO: Run Behavior\ParseTemplate [ RunTime:0.051820s ]
INFO: [ view_parse ] --END-- [ RunTime:0.053118s ]
INFO: [ view_filter ] --START--
INFO: Run Behavior\WriteHtmlCache [ RunTime:0.000806s ]
INFO: [ view_filter ] --END-- [ RunTime:0.002024s ]
INFO: [ app_end ] --START--
INFO: Run Behavior\ShowPageTrace [ RunTime:0.001916s ]
INFO: [ app_end ] --END-- [ RunTime:0.003439s ]

[ 2017-03-01T10:04:18+08:00 ] 127.0.0.1 /
INFO: [ app_begin ] --START--
INFO: Run Behavior\ReadHtmlCache [ RunTime:0.002676s ]
INFO: [ app_begin ] --END-- [ RunTime:0.007083s ]
INFO: [ view_parse ] --START--
INFO: [ template_filter ] --START--
INFO: Run Behavior\ContentReplace [ RunTime:0.000374s ]
INFO: [ template_filter ] --END-- [ RunTime:0.001546s ]
INFO: Run Behavior\ParseTemplate [ RunTime:0.062979s ]
INFO: [ view_parse ] --END-- [ RunTime:0.065895s ]
INFO: [ view_filter ] --START--
INFO: Run Behavior\WriteHtmlCache [ RunTime:0.000761s ]
INFO: [ view_filter ] --END-- [ RunTime:0.001814s ]
INFO: [ app_end ] --START--
INFO: Run Behavior\ShowPageTrace [ RunTime:0.001029s ]
INFO: [ app_end ] --END-- [ RunTime:0.002130s ]

[ 2017-03-01T10:21:47+08:00 ] 127.0.0.1 /
INFO: [ app_begin ] --START--
INFO: Run Behavior\ReadHtmlCache [ RunTime:0.002434s ]
INFO: [ app_begin ] --END-- [ RunTime:0.005357s ]
INFO: [ view_parse ] --START--
INFO: [ template_filter ] --START--
INFO: Run Behavior\ContentReplace [ RunTime:0.000370s ]
INFO: [ template_filter ] --END-- [ RunTime:0.001456s ]
INFO: Run Behavior\ParseTemplate [ RunTime:0.046711s ]
INFO: [ view_parse ] --END-- [ RunTime:0.048292s ]
INFO: [ view_filter ] --START--
INFO: Run Behavior\WriteHtmlCache [ RunTime:0.000766s ]
INFO: [ view_filter ] --END-- [ RunTime:0.001829s ]
INFO: [ app_end ] --START--
INFO: Run Behavior\ShowPageTrace [ RunTime:0.001205s ]
INFO: [ app_end ] --END-- [ RunTime:0.002391s ]

[ 2017-03-01T10:21:54+08:00 ] 127.0.0.1 /
INFO: [ app_begin ] --START--
INFO: Run Behavior\ReadHtmlCache [ RunTime:0.001641s ]
INFO: [ app_begin ] --END-- [ RunTime:0.003800s ]
INFO: [ view_parse ] --START--
INFO: [ template_filter ] --START--
INFO: Run Behavior\ContentReplace [ RunTime:0.000473s ]
INFO: [ template_filter ] --END-- [ RunTime:0.001926s ]
INFO: Run Behavior\ParseTemplate [ RunTime:0.051657s ]
INFO: [ view_parse ] --END-- [ RunTime:0.053764s ]
INFO: [ view_filter ] --START--
INFO: Run Behavior\WriteHtmlCache [ RunTime:0.000762s ]
INFO: [ view_filter ] --END-- [ RunTime:0.001850s ]
INFO: [ app_end ] --START--
INFO: Run Behavior\ShowPageTrace [ RunTime:0.001002s ]
INFO: [ app_end ] --END-- [ RunTime:0.002077s ]

[ 2017-03-01T10:22:13+08:00 ] 127.0.0.1 /
INFO: [ app_begin ] --START--
INFO: Run Behavior\ReadHtmlCache [ RunTime:0.001616s ]
INFO: [ app_begin ] --END-- [ RunTime:0.003501s ]
INFO: [ view_parse ] --START--
INFO: [ template_filter ] --START--
INFO: Run Behavior\ContentReplace [ RunTime:0.000455s ]
INFO: [ template_filter ] --END-- [ RunTime:0.001802s ]
INFO: Run Behavior\ParseTemplate [ RunTime:0.047642s ]
INFO: [ view_parse ] --END-- [ RunTime:0.048987s ]
INFO: [ view_filter ] --START--
INFO: Run Behavior\WriteHtmlCache [ RunTime:0.000819s ]
INFO: [ view_filter ] --END-- [ RunTime:0.002384s ]
INFO: [ app_end ] --START--
INFO: Run Behavior\ShowPageTrace [ RunTime:0.001165s ]
INFO: [ app_end ] --END-- [ RunTime:0.002479s ]

[ 2017-03-01T10:22:13+08:00 ] 127.0.0.1 /
INFO: [ app_begin ] --START--
INFO: Run Behavior\ReadHtmlCache [ RunTime:0.001012s ]
INFO: [ app_begin ] --END-- [ RunTime:0.002619s ]
INFO: [ view_parse ] --START--
INFO: [ template_filter ] --START--
INFO: Run Behavior\ContentReplace [ RunTime:0.000430s ]
INFO: [ template_filter ] --END-- [ RunTime:0.001667s ]
INFO: Run Behavior\ParseTemplate [ RunTime:0.041651s ]
INFO: [ view_parse ] --END-- [ RunTime:0.042893s ]
INFO: [ view_filter ] --START--
INFO: Run Behavior\WriteHtmlCache [ RunTime:0.000769s ]
INFO: [ view_filter ] --END-- [ RunTime:0.001833s ]
INFO: [ app_end ] --START--
INFO: Run Behavior\ShowPageTrace [ RunTime:0.001041s ]
INFO: [ app_end ] --END-- [ RunTime:0.002169s ]

[ 2017-03-01T11:33:34+08:00 ] 127.0.0.1 /
INFO: [ app_begin ] --START--
INFO: Run Behavior\ReadHtmlCache [ RunTime:0.001080s ]
INFO: [ app_begin ] --END-- [ RunTime:0.002857s ]
INFO: [ view_parse ] --START--
INFO: [ template_filter ] --START--
INFO: Run Behavior\ContentReplace [ RunTime:0.000454s ]
INFO: [ template_filter ] --END-- [ RunTime:0.001826s ]
INFO: Run Behavior\ParseTemplate [ RunTime:0.093678s ]
INFO: [ view_parse ] --END-- [ RunTime:0.095225s ]
INFO: [ view_filter ] --START--
INFO: Run Behavior\WriteHtmlCache [ RunTime:0.000932s ]
INFO: [ view_filter ] --END-- [ RunTime:0.002186s ]
INFO: [ app_end ] --START--
INFO: Run Behavior\ShowPageTrace [ RunTime:0.001621s ]
INFO: [ app_end ] --END-- [ RunTime:0.003423s ]

[ 2017-03-01T11:35:27+08:00 ] 127.0.0.1 /
INFO: [ app_begin ] --START--
INFO: Run Behavior\ReadHtmlCache [ RunTime:0.002175s ]
INFO: [ app_begin ] --END-- [ RunTime:0.003880s ]
INFO: [ view_parse ] --START--
INFO: [ template_filter ] --START--
INFO: Run Behavior\ContentReplace [ RunTime:0.000397s ]
INFO: [ template_filter ] --END-- [ RunTime:0.001437s ]
INFO: Run Behavior\ParseTemplate [ RunTime:0.046280s ]
INFO: [ view_parse ] --END-- [ RunTime:0.047565s ]
INFO: [ view_filter ] --START--
INFO: Run Behavior\WriteHtmlCache [ RunTime:0.028413s ]
INFO: [ view_filter ] --END-- [ RunTime:0.029842s ]
INFO: [ app_end ] --START--
INFO: Run Behavior\ShowPageTrace [ RunTime:0.001320s ]
INFO: [ app_end ] --END-- [ RunTime:0.002709s ]

[ 2017-03-01T11:35:43+08:00 ] 127.0.0.1 /
INFO: [ app_begin ] --START--
INFO: Run Behavior\ReadHtmlCache [ RunTime:0.001138s ]
INFO: [ app_begin ] --END-- [ RunTime:0.002902s ]
INFO: [ view_parse ] --START--
INFO: [ template_filter ] --START--
INFO: Run Behavior\ContentReplace [ RunTime:0.000525s ]
INFO: [ template_filter ] --END-- [ RunTime:0.001997s ]
INFO: Run Behavior\ParseTemplate [ RunTime:0.058874s ]
INFO: [ view_parse ] --END-- [ RunTime:0.060871s ]
INFO: [ view_filter ] --START--
INFO: Run Behavior\WriteHtmlCache [ RunTime:0.000999s ]
INFO: [ view_filter ] --END-- [ RunTime:0.002435s ]
INFO: [ app_end ] --START--
INFO: Run Behavior\ShowPageTrace [ RunTime:0.001761s ]
INFO: [ app_end ] --END-- [ RunTime:0.003605s ]

[ 2017-03-01T11:35:55+08:00 ] 127.0.0.1 /
INFO: [ app_begin ] --START--
INFO: Run Behavior\ReadHtmlCache [ RunTime:0.001123s ]
INFO: [ app_begin ] --END-- [ RunTime:0.002810s ]
INFO: [ view_parse ] --START--
INFO: [ template_filter ] --START--
INFO: Run Behavior\ContentReplace [ RunTime:0.000372s ]
INFO: [ template_filter ] --END-- [ RunTime:0.001483s ]
INFO: Run Behavior\ParseTemplate [ RunTime:0.042768s ]
INFO: [ view_parse ] --END-- [ RunTime:0.044042s ]
INFO: [ view_filter ] --START--
INFO: Run Behavior\WriteHtmlCache [ RunTime:0.000689s ]
INFO: [ view_filter ] --END-- [ RunTime:0.001712s ]
INFO: [ app_end ] --START--
INFO: Run Behavior\ShowPageTrace [ RunTime:0.000982s ]
INFO: [ app_end ] --END-- [ RunTime:0.002129s ]

[ 2017-03-01T11:36:09+08:00 ] 127.0.0.1 /
INFO: [ app_begin ] --START--
INFO: Run Behavior\ReadHtmlCache [ RunTime:0.000934s ]
INFO: [ app_begin ] --END-- [ RunTime:0.002326s ]
INFO: [ view_parse ] --START--
INFO: [ template_filter ] --START--
INFO: Run Behavior\ContentReplace [ RunTime:0.000429s ]
INFO: [ template_filter ] --END-- [ RunTime:0.002017s ]
INFO: Run Behavior\ParseTemplate [ RunTime:0.044925s ]
INFO: [ view_parse ] --END-- [ RunTime:0.046070s ]
INFO: [ view_filter ] --START--
INFO: Run Behavior\WriteHtmlCache [ RunTime:0.000747s ]
INFO: [ view_filter ] --END-- [ RunTime:0.001867s ]
INFO: [ app_end ] --START--
INFO: Run Behavior\ShowPageTrace [ RunTime:0.001013s ]
INFO: [ app_end ] --END-- [ RunTime:0.002102s ]

[ 2017-03-01T11:36:33+08:00 ] 127.0.0.1 /
INFO: [ app_begin ] --START--
INFO: Run Behavior\ReadHtmlCache [ RunTime:0.000955s ]
INFO: [ app_begin ] --END-- [ RunTime:0.002433s ]
INFO: [ view_parse ] --START--
INFO: [ template_filter ] --START--
INFO: Run Behavior\ContentReplace [ RunTime:0.000599s ]
INFO: [ template_filter ] --END-- [ RunTime:0.002031s ]
INFO: Run Behavior\ParseTemplate [ RunTime:0.062340s ]
INFO: [ view_parse ] --END-- [ RunTime:0.065426s ]
INFO: [ view_filter ] --START--
INFO: Run Behavior\WriteHtmlCache [ RunTime:0.001030s ]
INFO: [ view_filter ] --END-- [ RunTime:0.002458s ]
INFO: [ app_end ] --START--
INFO: Run Behavior\ShowPageTrace [ RunTime:0.001216s ]
INFO: [ app_end ] --END-- [ RunTime:0.002562s ]

[ 2017-03-01T11:46:16+08:00 ] 127.0.0.1 /
INFO: [ app_begin ] --START--
INFO: Run Behavior\ReadHtmlCache [ RunTime:0.013913s ]
INFO: [ app_begin ] --END-- [ RunTime:0.062063s ]
INFO: [ view_parse ] --START--
INFO: [ template_filter ] --START--
INFO: Run Behavior\ContentReplace [ RunTime:0.000502s ]
INFO: [ template_filter ] --END-- [ RunTime:0.001899s ]
INFO: Run Behavior\ParseTemplate [ RunTime:0.094926s ]
INFO: [ view_parse ] --END-- [ RunTime:0.096717s ]
INFO: [ view_filter ] --START--
INFO: Run Behavior\WriteHtmlCache [ RunTime:0.002142s ]
INFO: [ view_filter ] --END-- [ RunTime:0.003557s ]
INFO: [ app_end ] --START--
INFO: Run Behavior\ShowPageTrace [ RunTime:0.006906s ]
INFO: [ app_end ] --END-- [ RunTime:0.008231s ]

[ 2017-03-01T11:48:25+08:00 ] 127.0.0.1 /
INFO: [ app_begin ] --START--
INFO: Run Behavior\ReadHtmlCache [ RunTime:0.001876s ]
INFO: [ app_begin ] --END-- [ RunTime:0.004805s ]
INFO: [ view_parse ] --START--
INFO: [ template_filter ] --START--
INFO: Run Behavior\ContentReplace [ RunTime:0.001621s ]
INFO: [ template_filter ] --END-- [ RunTime:0.003401s ]
INFO: Run Behavior\ParseTemplate [ RunTime:0.073390s ]
INFO: [ view_parse ] --END-- [ RunTime:0.075094s ]
INFO: [ view_filter ] --START--
INFO: Run Behavior\WriteHtmlCache [ RunTime:0.000939s ]
INFO: [ view_filter ] --END-- [ RunTime:0.002233s ]
INFO: [ app_end ] --START--
INFO: Run Behavior\ShowPageTrace [ RunTime:0.002457s ]
INFO: [ app_end ] --END-- [ RunTime:0.004188s ]

[ 2017-03-01T11:48:34+08:00 ] 127.0.0.1 /
INFO: [ app_begin ] --START--
INFO: Run Behavior\ReadHtmlCache [ RunTime:0.001722s ]
INFO: [ app_begin ] --END-- [ RunTime:0.004886s ]
INFO: [ view_parse ] --START--
INFO: [ template_filter ] --START--
INFO: Run Behavior\ContentReplace [ RunTime:0.000385s ]
INFO: [ template_filter ] --END-- [ RunTime:0.001458s ]
INFO: Run Behavior\ParseTemplate [ RunTime:0.048445s ]
INFO: [ view_parse ] --END-- [ RunTime:0.049975s ]
INFO: [ view_filter ] --START--
INFO: Run Behavior\WriteHtmlCache [ RunTime:0.000696s ]
INFO: [ view_filter ] --END-- [ RunTime:0.001799s ]
INFO: [ app_end ] --START--
INFO: Run Behavior\ShowPageTrace [ RunTime:0.001046s ]
INFO: [ app_end ] --END-- [ RunTime:0.002133s ]

[ 2017-03-01T11:48:49+08:00 ] 127.0.0.1 /
INFO: [ app_begin ] --START--
INFO: Run Behavior\ReadHtmlCache [ RunTime:0.001997s ]
INFO: [ app_begin ] --END-- [ RunTime:0.004231s ]
INFO: [ view_parse ] --START--
INFO: [ template_filter ] --START--
INFO: Run Behavior\ContentReplace [ RunTime:0.000633s ]
INFO: [ template_filter ] --END-- [ RunTime:0.002422s ]
INFO: Run Behavior\ParseTemplate [ RunTime:0.076345s ]
INFO: [ view_parse ] --END-- [ RunTime:0.078992s ]
INFO: [ view_filter ] --START--
INFO: Run Behavior\WriteHtmlCache [ RunTime:0.001098s ]
INFO: [ view_filter ] --END-- [ RunTime:0.002859s ]
INFO: [ app_end ] --START--
INFO: Run Behavior\ShowPageTrace [ RunTime:0.001609s ]
INFO: [ app_end ] --END-- [ RunTime:0.003392s ]

[ 2017-03-01T11:49:01+08:00 ] 127.0.0.1 /
INFO: [ app_begin ] --START--
INFO: Run Behavior\ReadHtmlCache [ RunTime:0.000956s ]
INFO: [ app_begin ] --END-- [ RunTime:0.002332s ]
INFO: [ view_parse ] --START--
INFO: [ template_filter ] --START--
INFO: Run Behavior\ContentReplace [ RunTime:0.000375s ]
INFO: [ template_filter ] --END-- [ RunTime:0.001459s ]
INFO: Run Behavior\ParseTemplate [ RunTime:0.054509s ]
INFO: [ view_parse ] --END-- [ RunTime:0.056438s ]
INFO: [ view_filter ] --START--
INFO: Run Behavior\WriteHtmlCache [ RunTime:0.000848s ]
INFO: [ view_filter ] --END-- [ RunTime:0.001926s ]
INFO: [ app_end ] --START--
INFO: Run Behavior\ShowPageTrace [ RunTime:0.001056s ]
INFO: [ app_end ] --END-- [ RunTime:0.002307s ]

[ 2017-03-01T11:49:47+08:00 ] 127.0.0.1 /
INFO: [ app_begin ] --START--
INFO: Run Behavior\ReadHtmlCache [ RunTime:0.000980s ]
INFO: [ app_begin ] --END-- [ RunTime:0.002425s ]
INFO: [ view_parse ] --START--
INFO: [ template_filter ] --START--
INFO: Run Behavior\ContentReplace [ RunTime:0.000427s ]
INFO: [ template_filter ] --END-- [ RunTime:0.001467s ]
INFO: Run Behavior\ParseTemplate [ RunTime:0.045727s ]
INFO: [ view_parse ] --END-- [ RunTime:0.046982s ]
INFO: [ view_filter ] --START--
INFO: Run Behavior\WriteHtmlCache [ RunTime:0.000709s ]
INFO: [ view_filter ] --END-- [ RunTime:0.001824s ]
INFO: [ app_end ] --START--
INFO: Run Behavior\ShowPageTrace [ RunTime:0.001728s ]
INFO: [ app_end ] --END-- [ RunTime:0.003406s ]

[ 2017-03-01T11:49:55+08:00 ] 127.0.0.1 /
INFO: [ app_begin ] --START--
INFO: Run Behavior\ReadHtmlCache [ RunTime:0.000956s ]
INFO: [ app_begin ] --END-- [ RunTime:0.002407s ]
INFO: [ view_parse ] --START--
INFO: [ template_filter ] --START--
INFO: Run Behavior\ContentReplace [ RunTime:0.000547s ]
INFO: [ template_filter ] --END-- [ RunTime:0.002054s ]
INFO: Run Behavior\ParseTemplate [ RunTime:0.064768s ]
INFO: [ view_parse ] --END-- [ RunTime:0.067006s ]
INFO: [ view_filter ] --START--
INFO: Run Behavior\WriteHtmlCache [ RunTime:0.001043s ]
INFO: [ view_filter ] --END-- [ RunTime:0.002494s ]
INFO: [ app_end ] --START--
INFO: Run Behavior\ShowPageTrace [ RunTime:0.001513s ]
INFO: [ app_end ] --END-- [ RunTime:0.002611s ]

[ 2017-03-01T11:50:28+08:00 ] 127.0.0.1 /
INFO: [ app_begin ] --START--
INFO: Run Behavior\ReadHtmlCache [ RunTime:0.001250s ]
INFO: [ app_begin ] --END-- [ RunTime:0.003319s ]
INFO: [ view_parse ] --START--
INFO: [ template_filter ] --START--
INFO: Run Behavior\ContentReplace [ RunTime:0.000374s ]
INFO: [ template_filter ] --END-- [ RunTime:0.001454s ]
INFO: Run Behavior\ParseTemplate [ RunTime:0.061937s ]
INFO: [ view_parse ] --END-- [ RunTime:0.064450s ]
INFO: [ view_filter ] --START--
INFO: Run Behavior\WriteHtmlCache [ RunTime:0.000761s ]
INFO: [ view_filter ] --END-- [ RunTime:0.001867s ]
INFO: [ app_end ] --START--
INFO: Run Behavior\ShowPageTrace [ RunTime:0.001416s ]
INFO: [ app_end ] --END-- [ RunTime:0.003623s ]

[ 2017-03-01T11:50:29+08:00 ] 127.0.0.1 /
INFO: [ app_begin ] --START--
INFO: Run Behavior\ReadHtmlCache [ RunTime:0.001031s ]
INFO: [ app_begin ] --END-- [ RunTime:0.002755s ]
INFO: [ view_parse ] --START--
INFO: [ template_filter ] --START--
INFO: Run Behavior\ContentReplace [ RunTime:0.000530s ]
INFO: [ template_filter ] --END-- [ RunTime:0.002020s ]
INFO: Run Behavior\ParseTemplate [ RunTime:0.064144s ]
INFO: [ view_parse ] --END-- [ RunTime:0.066908s ]
INFO: [ view_filter ] --START--
INFO: Run Behavior\WriteHtmlCache [ RunTime:0.000678s ]
INFO: [ view_filter ] --END-- [ RunTime:0.001974s ]
INFO: [ app_end ] --START--
INFO: Run Behavior\ShowPageTrace [ RunTime:0.001002s ]
INFO: [ app_end ] --END-- [ RunTime:0.002069s ]

[ 2017-03-01T11:50:30+08:00 ] 127.0.0.1 /
INFO: [ app_begin ] --START--
INFO: Run Behavior\ReadHtmlCache [ RunTime:0.001211s ]
INFO: [ app_begin ] --END-- [ RunTime:0.003011s ]
INFO: [ view_parse ] --START--
INFO: [ template_filter ] --START--
INFO: Run Behavior\ContentReplace [ RunTime:0.000664s ]
INFO: [ template_filter ] --END-- [ RunTime:0.002487s ]
INFO: Run Behavior\ParseTemplate [ RunTime:0.059502s ]
INFO: [ view_parse ] --END-- [ RunTime:0.061129s ]
INFO: [ view_filter ] --START--
INFO: Run Behavior\WriteHtmlCache [ RunTime:0.001348s ]
INFO: [ view_filter ] --END-- [ RunTime:0.002807s ]
INFO: [ app_end ] --START--
INFO: Run Behavior\ShowPageTrace [ RunTime:0.003243s ]
INFO: [ app_end ] --END-- [ RunTime:0.005512s ]

[ 2017-03-01T11:50:32+08:00 ] 127.0.0.1 /
INFO: [ app_begin ] --START--
INFO: Run Behavior\ReadHtmlCache [ RunTime:0.001433s ]
INFO: [ app_begin ] --END-- [ RunTime:0.003713s ]
INFO: [ view_parse ] --START--
INFO: [ template_filter ] --START--
INFO: Run Behavior\ContentReplace [ RunTime:0.000389s ]
INFO: [ template_filter ] --END-- [ RunTime:0.001544s ]
INFO: Run Behavior\ParseTemplate [ RunTime:0.043173s ]
INFO: [ view_parse ] --END-- [ RunTime:0.044399s ]
INFO: [ view_filter ] --START--
INFO: Run Behavior\WriteHtmlCache [ RunTime:0.001019s ]
INFO: [ view_filter ] --END-- [ RunTime:0.002320s ]
INFO: [ app_end ] --START--
INFO: Run Behavior\ShowPageTrace [ RunTime:0.000997s ]
INFO: [ app_end ] --END-- [ RunTime:0.002056s ]

[ 2017-03-01T11:50:33+08:00 ] 127.0.0.1 /
INFO: [ app_begin ] --START--
INFO: Run Behavior\ReadHtmlCache [ RunTime:0.001129s ]
INFO: [ app_begin ] --END-- [ RunTime:0.002852s ]
INFO: [ view_parse ] --START--
INFO: [ template_filter ] --START--
INFO: Run Behavior\ContentReplace [ RunTime:0.000374s ]
INFO: [ template_filter ] --END-- [ RunTime:0.001494s ]
INFO: Run Behavior\ParseTemplate [ RunTime:0.057445s ]
INFO: [ view_parse ] --END-- [ RunTime:0.059496s ]
INFO: [ view_filter ] --START--
INFO: Run Behavior\WriteHtmlCache [ RunTime:0.000716s ]
INFO: [ view_filter ] --END-- [ RunTime:0.001792s ]
INFO: [ app_end ] --START--
INFO: Run Behavior\ShowPageTrace [ RunTime:0.001255s ]
INFO: [ app_end ] --END-- [ RunTime:0.002914s ]

[ 2017-03-01T11:50:35+08:00 ] 127.0.0.1 /
INFO: [ app_begin ] --START--
INFO: Run Behavior\ReadHtmlCache [ RunTime:0.001055s ]
INFO: [ app_begin ] --END-- [ RunTime:0.002562s ]
INFO: [ view_parse ] --START--
INFO: [ template_filter ] --START--
INFO: Run Behavior\ContentReplace [ RunTime:0.000691s ]
INFO: [ template_filter ] --END-- [ RunTime:0.002527s ]
INFO: Run Behavior\ParseTemplate [ RunTime:0.067007s ]
INFO: [ view_parse ] --END-- [ RunTime:0.070387s ]
INFO: [ view_filter ] --START--
INFO: Run Behavior\WriteHtmlCache [ RunTime:0.001106s ]
INFO: [ view_filter ] --END-- [ RunTime:0.002847s ]
INFO: [ app_end ] --START--
INFO: Run Behavior\ShowPageTrace [ RunTime:0.001559s ]
INFO: [ app_end ] --END-- [ RunTime:0.003321s ]

[ 2017-03-01T11:50:44+08:00 ] 127.0.0.1 /
INFO: [ app_begin ] --START--
INFO: Run Behavior\ReadHtmlCache [ RunTime:0.001304s ]
INFO: [ app_begin ] --END-- [ RunTime:0.002986s ]
INFO: [ view_parse ] --START--
INFO: [ template_filter ] --START--
INFO: Run Behavior\ContentReplace [ RunTime:0.000437s ]
INFO: [ template_filter ] --END-- [ RunTime:0.001535s ]
INFO: Run Behavior\ParseTemplate [ RunTime:0.042412s ]
INFO: [ view_parse ] --END-- [ RunTime:0.043746s ]
INFO: [ view_filter ] --START--
INFO: Run Behavior\WriteHtmlCache [ RunTime:0.000763s ]
INFO: [ view_filter ] --END-- [ RunTime:0.001848s ]
INFO: [ app_end ] --START--
INFO: Run Behavior\ShowPageTrace [ RunTime:0.001424s ]
INFO: [ app_end ] --END-- [ RunTime:0.002812s ]

[ 2017-03-01T11:57:10+08:00 ] 127.0.0.1 /
INFO: [ app_begin ] --START--
INFO: Run Behavior\ReadHtmlCache [ RunTime:0.001169s ]
INFO: [ app_begin ] --END-- [ RunTime:0.003269s ]
INFO: [ view_parse ] --START--
INFO: [ template_filter ] --START--
INFO: Run Behavior\ContentReplace [ RunTime:0.000377s ]
INFO: [ template_filter ] --END-- [ RunTime:0.001511s ]
INFO: Run Behavior\ParseTemplate [ RunTime:0.042600s ]
INFO: [ view_parse ] --END-- [ RunTime:0.043849s ]
INFO: [ view_filter ] --START--
INFO: Run Behavior\WriteHtmlCache [ RunTime:0.000827s ]
INFO: [ view_filter ] --END-- [ RunTime:0.001959s ]
INFO: [ app_end ] --START--
INFO: Run Behavior\ShowPageTrace [ RunTime:0.001237s ]
INFO: [ app_end ] --END-- [ RunTime:0.002404s ]

[ 2017-03-01T12:03:20+08:00 ] 127.0.0.1 /
INFO: [ app_begin ] --START--
INFO: Run Behavior\ReadHtmlCache [ RunTime:0.001221s ]
INFO: [ app_begin ] --END-- [ RunTime:0.003792s ]
INFO: [ view_parse ] --START--
INFO: [ template_filter ] --START--
INFO: Run Behavior\ContentReplace [ RunTime:0.000622s ]
INFO: [ template_filter ] --END-- [ RunTime:0.002171s ]
INFO: Run Behavior\ParseTemplate [ RunTime:0.057133s ]
INFO: [ view_parse ] --END-- [ RunTime:0.060095s ]
INFO: [ view_filter ] --START--
INFO: Run Behavior\WriteHtmlCache [ RunTime:0.001036s ]
INFO: [ view_filter ] --END-- [ RunTime:0.002450s ]
INFO: [ app_end ] --START--
INFO: Run Behavior\ShowPageTrace [ RunTime:0.001512s ]
INFO: [ app_end ] --END-- [ RunTime:0.002874s ]

[ 2017-03-01T12:04:14+08:00 ] 127.0.0.1 /
INFO: [ app_begin ] --START--
INFO: Run Behavior\ReadHtmlCache [ RunTime:0.001136s ]
INFO: [ app_begin ] --END-- [ RunTime:0.002909s ]
INFO: [ view_parse ] --START--
INFO: [ template_filter ] --START--
INFO: Run Behavior\ContentReplace [ RunTime:0.000665s ]
INFO: [ template_filter ] --END-- [ RunTime:0.002395s ]
INFO: Run Behavior\ParseTemplate [ RunTime:0.048505s ]
INFO: [ view_parse ] --END-- [ RunTime:0.050107s ]
INFO: [ view_filter ] --START--
INFO: Run Behavior\WriteHtmlCache [ RunTime:0.001681s ]
INFO: [ view_filter ] --END-- [ RunTime:0.003503s ]
INFO: [ app_end ] --START--
INFO: Run Behavior\ShowPageTrace [ RunTime:0.001025s ]
INFO: [ app_end ] --END-- [ RunTime:0.002151s ]

[ 2017-03-01T12:04:36+08:00 ] 127.0.0.1 /
INFO: [ app_begin ] --START--
INFO: Run Behavior\ReadHtmlCache [ RunTime:0.001584s ]
INFO: [ app_begin ] --END-- [ RunTime:0.003597s ]
INFO: [ view_parse ] --START--
INFO: [ template_filter ] --START--
INFO: Run Behavior\ContentReplace [ RunTime:0.000404s ]
INFO: [ template_filter ] --END-- [ RunTime:0.001551s ]
INFO: Run Behavior\ParseTemplate [ RunTime:0.050181s ]
INFO: [ view_parse ] --END-- [ RunTime:0.052037s ]
INFO: [ view_filter ] --START--
INFO: Run Behavior\WriteHtmlCache [ RunTime:0.001030s ]
INFO: [ view_filter ] --END-- [ RunTime:0.002669s ]
INFO: [ app_end ] --START--
INFO: Run Behavior\ShowPageTrace [ RunTime:0.001085s ]
INFO: [ app_end ] --END-- [ RunTime:0.002225s ]

[ 2017-03-01T12:04:44+08:00 ] 127.0.0.1 /
INFO: [ app_begin ] --START--
INFO: Run Behavior\ReadHtmlCache [ RunTime:0.001120s ]
INFO: [ app_begin ] --END-- [ RunTime:0.003564s ]
INFO: [ view_parse ] --START--
INFO: [ template_filter ] --START--
INFO: Run Behavior\ContentReplace [ RunTime:0.000538s ]
INFO: [ template_filter ] --END-- [ RunTime:0.002059s ]
INFO: Run Behavior\ParseTemplate [ RunTime:0.043145s ]
INFO: [ view_parse ] --END-- [ RunTime:0.044308s ]
INFO: [ view_filter ] --START--
INFO: Run Behavior\WriteHtmlCache [ RunTime:0.000860s ]
INFO: [ view_filter ] --END-- [ RunTime:0.002222s ]
INFO: [ app_end ] --START--
INFO: Run Behavior\ShowPageTrace [ RunTime:0.001232s ]
INFO: [ app_end ] --END-- [ RunTime:0.002566s ]

[ 2017-03-01T12:05:07+08:00 ] 127.0.0.1 /
INFO: [ app_begin ] --START--
INFO: Run Behavior\ReadHtmlCache [ RunTime:0.000981s ]
INFO: [ app_begin ] --END-- [ RunTime:0.002764s ]
INFO: [ view_parse ] --START--
INFO: [ template_filter ] --START--
INFO: Run Behavior\ContentReplace [ RunTime:0.000580s ]
INFO: [ template_filter ] --END-- [ RunTime:0.001981s ]
INFO: Run Behavior\ParseTemplate [ RunTime:0.056947s ]
INFO: [ view_parse ] --END-- [ RunTime:0.058937s ]
INFO: [ view_filter ] --START--
INFO: Run Behavior\WriteHtmlCache [ RunTime:0.000769s ]
INFO: [ view_filter ] --END-- [ RunTime:0.001828s ]
INFO: [ app_end ] --START--
INFO: Run Behavior\ShowPageTrace [ RunTime:0.001095s ]
INFO: [ app_end ] --END-- [ RunTime:0.002186s ]

[ 2017-03-01T12:06:11+08:00 ] 127.0.0.1 /
INFO: [ app_begin ] --START--
INFO: Run Behavior\ReadHtmlCache [ RunTime:0.001167s ]
INFO: [ app_begin ] --END-- [ RunTime:0.003637s ]
INFO: [ view_parse ] --START--
INFO: [ template_filter ] --START--
INFO: Run Behavior\ContentReplace [ RunTime:0.000451s ]
INFO: [ template_filter ] --END-- [ RunTime:0.001734s ]
INFO: Run Behavior\ParseTemplate [ RunTime:0.049705s ]
INFO: [ view_parse ] --END-- [ RunTime:0.051396s ]
INFO: [ view_filter ] --START--
INFO: Run Behavior\WriteHtmlCache [ RunTime:0.001251s ]
INFO: [ view_filter ] --END-- [ RunTime:0.002664s ]
INFO: [ app_end ] --START--
INFO: Run Behavior\ShowPageTrace [ RunTime:0.001381s ]
INFO: [ app_end ] --END-- [ RunTime:0.002719s ]

[ 2017-03-01T12:06:13+08:00 ] 127.0.0.1 /
INFO: [ app_begin ] --START--
INFO: Run Behavior\ReadHtmlCache [ RunTime:0.000967s ]
INFO: [ app_begin ] --END-- [ RunTime:0.002554s ]
INFO: [ view_parse ] --START--
INFO: [ template_filter ] --START--
INFO: Run Behavior\ContentReplace [ RunTime:0.000419s ]
INFO: [ template_filter ] --END-- [ RunTime:0.001716s ]
INFO: Run Behavior\ParseTemplate [ RunTime:0.055859s ]
INFO: [ view_parse ] --END-- [ RunTime:0.058605s ]
INFO: [ view_filter ] --START--
INFO: Run Behavior\WriteHtmlCache [ RunTime:0.000717s ]
INFO: [ view_filter ] --END-- [ RunTime:0.002246s ]
INFO: [ app_end ] --START--
INFO: Run Behavior\ShowPageTrace [ RunTime:0.000960s ]
INFO: [ app_end ] --END-- [ RunTime:0.002043s ]

[ 2017-03-01T12:06:16+08:00 ] 127.0.0.1 /
INFO: [ app_begin ] --START--
INFO: Run Behavior\ReadHtmlCache [ RunTime:0.001144s ]
INFO: [ app_begin ] --END-- [ RunTime:0.002810s ]
INFO: [ view_parse ] --START--
INFO: [ template_filter ] --START--
INFO: Run Behavior\ContentReplace [ RunTime:0.000414s ]
INFO: [ template_filter ] --END-- [ RunTime:0.001546s ]
INFO: Run Behavior\ParseTemplate [ RunTime:0.039644s ]
INFO: [ view_parse ] --END-- [ RunTime:0.040779s ]
INFO: [ view_filter ] --START--
INFO: Run Behavior\WriteHtmlCache [ RunTime:0.000674s ]
INFO: [ view_filter ] --END-- [ RunTime:0.001745s ]
INFO: [ app_end ] --START--
INFO: Run Behavior\ShowPageTrace [ RunTime:0.001584s ]
INFO: [ app_end ] --END-- [ RunTime:0.003116s ]

[ 2017-03-01T12:06:18+08:00 ] 127.0.0.1 /
INFO: [ app_begin ] --START--
INFO: Run Behavior\ReadHtmlCache [ RunTime:0.000913s ]
INFO: [ app_begin ] --END-- [ RunTime:0.002321s ]
INFO: [ view_parse ] --START--
INFO: [ template_filter ] --START--
INFO: Run Behavior\ContentReplace [ RunTime:0.000645s ]
INFO: [ template_filter ] --END-- [ RunTime:0.002399s ]
INFO: Run Behavior\ParseTemplate [ RunTime:0.077889s ]
INFO: [ view_parse ] --END-- [ RunTime:0.080090s ]
INFO: [ view_filter ] --START--
INFO: Run Behavior\WriteHtmlCache [ RunTime:0.000705s ]
INFO: [ view_filter ] --END-- [ RunTime:0.001864s ]
INFO: [ app_end ] --START--
INFO: Run Behavior\ShowPageTrace [ RunTime:0.000989s ]
INFO: [ app_end ] --END-- [ RunTime:0.002041s ]

[ 2017-03-01T12:06:53+08:00 ] 127.0.0.1 /
INFO: [ app_begin ] --START--
INFO: Run Behavior\ReadHtmlCache [ RunTime:0.001006s ]
INFO: [ app_begin ] --END-- [ RunTime:0.002609s ]
INFO: [ view_parse ] --START--
INFO: [ template_filter ] --START--
INFO: Run Behavior\ContentReplace [ RunTime:0.000453s ]
INFO: [ template_filter ] --END-- [ RunTime:0.001496s ]
INFO: Run Behavior\ParseTemplate [ RunTime:0.041961s ]
INFO: [ view_parse ] --END-- [ RunTime:0.043129s ]
INFO: [ view_filter ] --START--
INFO: Run Behavior\WriteHtmlCache [ RunTime:0.000673s ]
INFO: [ view_filter ] --END-- [ RunTime:0.001769s ]
INFO: [ app_end ] --START--
INFO: Run Behavior\ShowPageTrace [ RunTime:0.001124s ]
INFO: [ app_end ] --END-- [ RunTime:0.002234s ]

[ 2017-03-01T12:07:09+08:00 ] 127.0.0.1 /
INFO: [ app_begin ] --START--
INFO: Run Behavior\ReadHtmlCache [ RunTime:0.001356s ]
INFO: [ app_begin ] --END-- [ RunTime:0.003626s ]
INFO: [ view_parse ] --START--
INFO: [ template_filter ] --START--
INFO: Run Behavior\ContentReplace [ RunTime:0.000494s ]
INFO: [ template_filter ] --END-- [ RunTime:0.001949s ]
INFO: Run Behavior\ParseTemplate [ RunTime:0.050458s ]
INFO: [ view_parse ] --END-- [ RunTime:0.052979s ]
INFO: [ view_filter ] --START--
INFO: Run Behavior\WriteHtmlCache [ RunTime:0.001531s ]
INFO: [ view_filter ] --END-- [ RunTime:0.003954s ]
INFO: [ app_end ] --START--
INFO: Run Behavior\ShowPageTrace [ RunTime:0.001316s ]
INFO: [ app_end ] --END-- [ RunTime:0.002731s ]

[ 2017-03-01T12:08:32+08:00 ] 127.0.0.1 /
INFO: [ app_begin ] --START--
INFO: Run Behavior\ReadHtmlCache [ RunTime:0.001547s ]
INFO: [ app_begin ] --END-- [ RunTime:0.005180s ]
INFO: [ view_parse ] --START--
INFO: [ template_filter ] --START--
INFO: Run Behavior\ContentReplace [ RunTime:0.000375s ]
INFO: [ template_filter ] --END-- [ RunTime:0.001477s ]
INFO: Run Behavior\ParseTemplate [ RunTime:0.041852s ]
INFO: [ view_parse ] --END-- [ RunTime:0.042987s ]
INFO: [ view_filter ] --START--
INFO: Run Behavior\WriteHtmlCache [ RunTime:0.000990s ]
INFO: [ view_filter ] --END-- [ RunTime:0.002093s ]
INFO: [ app_end ] --START--
INFO: Run Behavior\ShowPageTrace [ RunTime:0.001173s ]
INFO: [ app_end ] --END-- [ RunTime:0.002326s ]

[ 2017-03-01T12:08:56+08:00 ] 127.0.0.1 /
INFO: [ app_begin ] --START--
INFO: Run Behavior\ReadHtmlCache [ RunTime:0.000950s ]
INFO: [ app_begin ] --END-- [ RunTime:0.002446s ]
INFO: [ view_parse ] --START--
INFO: [ template_filter ] --START--
INFO: Run Behavior\ContentReplace [ RunTime:0.000382s ]
INFO: [ template_filter ] --END-- [ RunTime:0.001473s ]
INFO: Run Behavior\ParseTemplate [ RunTime:0.048844s ]
INFO: [ view_parse ] --END-- [ RunTime:0.050179s ]
INFO: [ view_filter ] --START--
INFO: Run Behavior\WriteHtmlCache [ RunTime:0.000811s ]
INFO: [ view_filter ] --END-- [ RunTime:0.002251s ]
INFO: [ app_end ] --START--
INFO: Run Behavior\ShowPageTrace [ RunTime:0.001420s ]
INFO: [ app_end ] --END-- [ RunTime:0.002985s ]

[ 2017-03-01T12:21:45+08:00 ] 127.0.0.1 /
INFO: [ app_begin ] --START--
INFO: Run Behavior\ReadHtmlCache [ RunTime:0.001117s ]
INFO: [ app_begin ] --END-- [ RunTime:0.002623s ]
INFO: [ view_parse ] --START--
INFO: [ template_filter ] --START--
INFO: Run Behavior\ContentReplace [ RunTime:0.000403s ]
INFO: [ template_filter ] --END-- [ RunTime:0.001467s ]
INFO: Run Behavior\ParseTemplate [ RunTime:0.040734s ]
INFO: [ view_parse ] --END-- [ RunTime:0.042598s ]
INFO: [ view_filter ] --START--
INFO: Run Behavior\WriteHtmlCache [ RunTime:0.000857s ]
INFO: [ view_filter ] --END-- [ RunTime:0.001921s ]
INFO: [ app_end ] --START--
INFO: Run Behavior\ShowPageTrace [ RunTime:0.001105s ]
INFO: [ app_end ] --END-- [ RunTime:0.002230s ]

[ 2017-03-01T12:22:29+08:00 ] 127.0.0.1 /
INFO: [ app_begin ] --START--
INFO: Run Behavior\ReadHtmlCache [ RunTime:0.001406s ]
INFO: [ app_begin ] --END-- [ RunTime:0.003484s ]
INFO: [ view_parse ] --START--
INFO: [ template_filter ] --START--
INFO: Run Behavior\ContentReplace [ RunTime:0.000763s ]
INFO: [ template_filter ] --END-- [ RunTime:0.002181s ]
INFO: Run Behavior\ParseTemplate [ RunTime:0.041380s ]
INFO: [ view_parse ] --END-- [ RunTime:0.042533s ]
INFO: [ view_filter ] --START--
INFO: Run Behavior\WriteHtmlCache [ RunTime:0.000661s ]
INFO: [ view_filter ] --END-- [ RunTime:0.001915s ]
INFO: [ app_end ] --START--
INFO: Run Behavior\ShowPageTrace [ RunTime:0.001180s ]
INFO: [ app_end ] --END-- [ RunTime:0.002349s ]

[ 2017-03-01T12:22:42+08:00 ] 127.0.0.1 /
INFO: [ app_begin ] --START--
INFO: Run Behavior\ReadHtmlCache [ RunTime:0.001594s ]
INFO: [ app_begin ] --END-- [ RunTime:0.003298s ]
INFO: [ view_parse ] --START--
INFO: [ template_filter ] --START--
INFO: Run Behavior\ContentReplace [ RunTime:0.000462s ]
INFO: [ template_filter ] --END-- [ RunTime:0.001739s ]
INFO: Run Behavior\ParseTemplate [ RunTime:0.050568s ]
INFO: [ view_parse ] --END-- [ RunTime:0.052182s ]
INFO: [ view_filter ] --START--
INFO: Run Behavior\WriteHtmlCache [ RunTime:0.000842s ]
INFO: [ view_filter ] --END-- [ RunTime:0.002112s ]
INFO: [ app_end ] --START--
INFO: Run Behavior\ShowPageTrace [ RunTime:0.001449s ]
INFO: [ app_end ] --END-- [ RunTime:0.002725s ]

[ 2017-03-01T12:23:05+08:00 ] 127.0.0.1 /
INFO: [ app_begin ] --START--
INFO: Run Behavior\ReadHtmlCache [ RunTime:0.001546s ]
INFO: [ app_begin ] --END-- [ RunTime:0.003910s ]
INFO: [ view_parse ] --START--
INFO: [ template_filter ] --START--
INFO: Run Behavior\ContentReplace [ RunTime:0.000658s ]
INFO: [ template_filter ] --END-- [ RunTime:0.002130s ]
INFO: Run Behavior\ParseTemplate [ RunTime:0.047082s ]
INFO: [ view_parse ] --END-- [ RunTime:0.048709s ]
INFO: [ view_filter ] --START--
INFO: Run Behavior\WriteHtmlCache [ RunTime:0.001261s ]
INFO: [ view_filter ] --END-- [ RunTime:0.003231s ]
INFO: [ app_end ] --START--
INFO: Run Behavior\ShowPageTrace [ RunTime:0.001529s ]
INFO: [ app_end ] --END-- [ RunTime:0.002733s ]

[ 2017-03-01T12:23:14+08:00 ] 127.0.0.1 /
INFO: [ app_begin ] --START--
INFO: Run Behavior\ReadHtmlCache [ RunTime:0.000927s ]
INFO: [ app_begin ] --END-- [ RunTime:0.002374s ]
INFO: [ view_parse ] --START--
INFO: [ template_filter ] --START--
INFO: Run Behavior\ContentReplace [ RunTime:0.000375s ]
INFO: [ template_filter ] --END-- [ RunTime:0.001525s ]
INFO: Run Behavior\ParseTemplate [ RunTime:0.043941s ]
INFO: [ view_parse ] --END-- [ RunTime:0.045504s ]
INFO: [ view_filter ] --START--
INFO: Run Behavior\WriteHtmlCache [ RunTime:0.000768s ]
INFO: [ view_filter ] --END-- [ RunTime:0.001901s ]
INFO: [ app_end ] --START--
INFO: Run Behavior\ShowPageTrace [ RunTime:0.001035s ]
INFO: [ app_end ] --END-- [ RunTime:0.002136s ]

[ 2017-03-01T12:23:25+08:00 ] 127.0.0.1 /
INFO: [ app_begin ] --START--
INFO: Run Behavior\ReadHtmlCache [ RunTime:0.001161s ]
INFO: [ app_begin ] --END-- [ RunTime:0.002876s ]
INFO: [ view_parse ] --START--
INFO: [ template_filter ] --START--
INFO: Run Behavior\ContentReplace [ RunTime:0.000607s ]
INFO: [ template_filter ] --END-- [ RunTime:0.002251s ]
INFO: Run Behavior\ParseTemplate [ RunTime:0.068559s ]
INFO: [ view_parse ] --END-- [ RunTime:0.071992s ]
INFO: [ view_filter ] --START--
INFO: Run Behavior\WriteHtmlCache [ RunTime:0.001142s ]
INFO: [ view_filter ] --END-- [ RunTime:0.002848s ]
INFO: [ app_end ] --START--
INFO: Run Behavior\ShowPageTrace [ RunTime:0.001497s ]
INFO: [ app_end ] --END-- [ RunTime:0.003170s ]

[ 2017-03-01T12:23:35+08:00 ] 127.0.0.1 /
INFO: [ app_begin ] --START--
INFO: Run Behavior\ReadHtmlCache [ RunTime:0.002335s ]
INFO: [ app_begin ] --END-- [ RunTime:0.006053s ]
INFO: [ view_parse ] --START--
INFO: [ template_filter ] --START--
INFO: Run Behavior\ContentReplace [ RunTime:0.000381s ]
INFO: [ template_filter ] --END-- [ RunTime:0.001583s ]
INFO: Run Behavior\ParseTemplate [ RunTime:0.049889s ]
INFO: [ view_parse ] --END-- [ RunTime:0.051357s ]
INFO: [ view_filter ] --START--
INFO: Run Behavior\WriteHtmlCache [ RunTime:0.000718s ]
INFO: [ view_filter ] --END-- [ RunTime:0.001827s ]
INFO: [ app_end ] --START--
INFO: Run Behavior\ShowPageTrace [ RunTime:0.001020s ]
INFO: [ app_end ] --END-- [ RunTime:0.002129s ]

[ 2017-03-01T12:23:49+08:00 ] 127.0.0.1 /
INFO: [ app_begin ] --START--
INFO: Run Behavior\ReadHtmlCache [ RunTime:0.001047s ]
INFO: [ app_begin ] --END-- [ RunTime:0.002557s ]
INFO: [ view_parse ] --START--
INFO: [ template_filter ] --START--
INFO: Run Behavior\ContentReplace [ RunTime:0.000400s ]
INFO: [ template_filter ] --END-- [ RunTime:0.001552s ]
INFO: Run Behavior\ParseTemplate [ RunTime:0.049455s ]
INFO: [ view_parse ] --END-- [ RunTime:0.050848s ]
INFO: [ view_filter ] --START--
INFO: Run Behavior\WriteHtmlCache [ RunTime:0.000853s ]
INFO: [ view_filter ] --END-- [ RunTime:0.002041s ]
INFO: [ app_end ] --START--
INFO: Run Behavior\ShowPageTrace [ RunTime:0.001148s ]
INFO: [ app_end ] --END-- [ RunTime:0.002575s ]

[ 2017-03-01T12:24:15+08:00 ] 127.0.0.1 /
INFO: [ app_begin ] --START--
INFO: Run Behavior\ReadHtmlCache [ RunTime:0.001162s ]
INFO: [ app_begin ] --END-- [ RunTime:0.002734s ]
INFO: [ view_parse ] --START--
INFO: [ template_filter ] --START--
INFO: Run Behavior\ContentReplace [ RunTime:0.000404s ]
INFO: [ template_filter ] --END-- [ RunTime:0.001447s ]
INFO: Run Behavior\ParseTemplate [ RunTime:0.042960s ]
INFO: [ view_parse ] --END-- [ RunTime:0.044132s ]
INFO: [ view_filter ] --START--
INFO: Run Behavior\WriteHtmlCache [ RunTime:0.000733s ]
INFO: [ view_filter ] --END-- [ RunTime:0.001795s ]
INFO: [ app_end ] --START--
INFO: Run Behavior\ShowPageTrace [ RunTime:0.001021s ]
INFO: [ app_end ] --END-- [ RunTime:0.002107s ]

[ 2017-03-01T13:05:34+08:00 ] 127.0.0.1 /
INFO: [ app_begin ] --START--
INFO: Run Behavior\ReadHtmlCache [ RunTime:0.001204s ]
INFO: [ app_begin ] --END-- [ RunTime:0.002892s ]
INFO: [ view_parse ] --START--
INFO: [ template_filter ] --START--
INFO: Run Behavior\ContentReplace [ RunTime:0.000398s ]
INFO: [ template_filter ] --END-- [ RunTime:0.001451s ]
INFO: Run Behavior\ParseTemplate [ RunTime:0.041831s ]
INFO: [ view_parse ] --END-- [ RunTime:0.042967s ]
INFO: [ view_filter ] --START--
INFO: Run Behavior\WriteHtmlCache [ RunTime:0.000736s ]
INFO: [ view_filter ] --END-- [ RunTime:0.001803s ]
INFO: [ app_end ] --START--
INFO: Run Behavior\ShowPageTrace [ RunTime:0.001035s ]
INFO: [ app_end ] --END-- [ RunTime:0.002621s ]

[ 2017-03-01T13:15:37+08:00 ] 127.0.0.1 /
INFO: [ app_begin ] --START--
INFO: Run Behavior\ReadHtmlCache [ RunTime:0.001614s ]
INFO: [ app_begin ] --END-- [ RunTime:0.006958s ]
INFO: [ view_parse ] --START--
INFO: [ template_filter ] --START--
INFO: Run Behavior\ContentReplace [ RunTime:0.000372s ]
INFO: [ template_filter ] --END-- [ RunTime:0.001482s ]

[ 2017-03-01T13:15:46+08:00 ] 127.0.0.1 /
INFO: [ app_begin ] --START--
INFO: Run Behavior\ReadHtmlCache [ RunTime:0.001098s ]
INFO: [ app_begin ] --END-- [ RunTime:0.002823s ]
INFO: [ view_parse ] --START--
INFO: [ template_filter ] --START--
INFO: Run Behavior\ContentReplace [ RunTime:0.000443s ]
INFO: [ template_filter ] --END-- [ RunTime:0.001886s ]

[ 2017-03-01T13:16:22+08:00 ] 127.0.0.1 /
INFO: [ app_begin ] --START--
INFO: Run Behavior\ReadHtmlCache [ RunTime:0.001120s ]
INFO: [ app_begin ] --END-- [ RunTime:0.002720s ]
INFO: [ view_parse ] --START--
INFO: [ template_filter ] --START--
INFO: Run Behavior\ContentReplace [ RunTime:0.000598s ]
INFO: [ template_filter ] --END-- [ RunTime:0.001666s ]
INFO: Run Behavior\ParseTemplate [ RunTime:0.041643s ]
INFO: [ view_parse ] --END-- [ RunTime:0.042907s ]
INFO: [ view_filter ] --START--
INFO: Run Behavior\WriteHtmlCache [ RunTime:0.000900s ]
INFO: [ view_filter ] --END-- [ RunTime:0.002026s ]
INFO: [ app_end ] --START--
INFO: Run Behavior\ShowPageTrace [ RunTime:0.001138s ]
INFO: [ app_end ] --END-- [ RunTime:0.002214s ]

[ 2017-03-01T13:16:47+08:00 ] 127.0.0.1 /
INFO: [ app_begin ] --START--
INFO: Run Behavior\ReadHtmlCache [ RunTime:0.001241s ]
INFO: [ app_begin ] --END-- [ RunTime:0.002871s ]
INFO: [ view_parse ] --START--
INFO: [ template_filter ] --START--
INFO: Run Behavior\ContentReplace [ RunTime:0.000370s ]
INFO: [ template_filter ] --END-- [ RunTime:0.001457s ]
INFO: Run Behavior\ParseTemplate [ RunTime:0.044352s ]
INFO: [ view_parse ] --END-- [ RunTime:0.045684s ]
INFO: [ view_filter ] --START--
INFO: Run Behavior\WriteHtmlCache [ RunTime:0.001033s ]
INFO: [ view_filter ] --END-- [ RunTime:0.002139s ]
INFO: [ app_end ] --START--
INFO: Run Behavior\ShowPageTrace [ RunTime:0.001019s ]
INFO: [ app_end ] --END-- [ RunTime:0.002080s ]

[ 2017-03-01T13:28:26+08:00 ] 127.0.0.1 /
INFO: [ app_begin ] --START--
INFO: Run Behavior\ReadHtmlCache [ RunTime:0.009538s ]
INFO: [ app_begin ] --END-- [ RunTime:0.012548s ]
INFO: [ view_parse ] --START--
INFO: [ template_filter ] --START--
INFO: Run Behavior\ContentReplace [ RunTime:0.000401s ]
INFO: [ template_filter ] --END-- [ RunTime:0.001601s ]
INFO: Run Behavior\ParseTemplate [ RunTime:0.104987s ]
INFO: [ view_parse ] --END-- [ RunTime:0.106647s ]
INFO: [ view_filter ] --START--
INFO: Run Behavior\WriteHtmlCache [ RunTime:0.001455s ]
INFO: [ view_filter ] --END-- [ RunTime:0.002656s ]
INFO: [ app_end ] --START--
INFO: Run Behavior\ShowPageTrace [ RunTime:0.021907s ]
INFO: [ app_end ] --END-- [ RunTime:0.023582s ]

[ 2017-03-01T13:28:54+08:00 ] 127.0.0.1 /
INFO: [ app_begin ] --START--
INFO: Run Behavior\ReadHtmlCache [ RunTime:0.002226s ]
INFO: [ app_begin ] --END-- [ RunTime:0.004572s ]
INFO: [ view_parse ] --START--
INFO: [ template_filter ] --START--
INFO: Run Behavior\ContentReplace [ RunTime:0.000732s ]
INFO: [ template_filter ] --END-- [ RunTime:0.002457s ]
INFO: Run Behavior\ParseTemplate [ RunTime:0.103251s ]
INFO: [ view_parse ] --END-- [ RunTime:0.105116s ]
INFO: [ view_filter ] --START--
INFO: Run Behavior\WriteHtmlCache [ RunTime:0.000827s ]
INFO: [ view_filter ] --END-- [ RunTime:0.001993s ]
INFO: [ app_end ] --START--
INFO: Run Behavior\ShowPageTrace [ RunTime:0.001202s ]
INFO: [ app_end ] --END-- [ RunTime:0.002868s ]

[ 2017-03-01T13:29:21+08:00 ] 127.0.0.1 /
INFO: [ app_begin ] --START--
INFO: Run Behavior\ReadHtmlCache [ RunTime:0.001309s ]
INFO: [ app_begin ] --END-- [ RunTime:0.003257s ]
INFO: [ view_parse ] --START--
INFO: [ template_filter ] --START--
INFO: Run Behavior\ContentReplace [ RunTime:0.000645s ]
INFO: [ template_filter ] --END-- [ RunTime:0.002829s ]
INFO: Run Behavior\ParseTemplate [ RunTime:0.045666s ]
INFO: [ view_parse ] --END-- [ RunTime:0.047575s ]
INFO: [ view_filter ] --START--
INFO: Run Behavior\WriteHtmlCache [ RunTime:0.000770s ]
INFO: [ view_filter ] --END-- [ RunTime:0.001882s ]
INFO: [ app_end ] --START--
INFO: Run Behavior\ShowPageTrace [ RunTime:0.001071s ]
INFO: [ app_end ] --END-- [ RunTime:0.002207s ]

[ 2017-03-01T13:29:28+08:00 ] 127.0.0.1 /admin/weixin/index
INFO: [ app_begin ] --START--
INFO: Run Behavior\ReadHtmlCache [ RunTime:0.002099s ]
INFO: [ app_begin ] --END-- [ RunTime:0.004583s ]
NOTIC: [8] A session had already been started - ignoring session_start() E:\weixin\ThinkPHP\Common\functions.php  1098 .

[ 2017-03-01T13:29:28+08:00 ] 127.0.0.1 /index.php/Admin/login/index.html
INFO: [ app_begin ] --START--
INFO: Run Behavior\ReadHtmlCache [ RunTime:0.000988s ]
INFO: [ app_begin ] --END-- [ RunTime:0.003005s ]
INFO: [ view_parse ] --START--
INFO: [ template_filter ] --START--
INFO: Run Behavior\ContentReplace [ RunTime:0.001077s ]
INFO: [ template_filter ] --END-- [ RunTime:0.004623s ]
INFO: Run Behavior\ParseTemplate [ RunTime:0.150347s ]
INFO: [ view_parse ] --END-- [ RunTime:0.152962s ]
INFO: [ view_filter ] --START--
INFO: Run Behavior\WriteHtmlCache [ RunTime:0.000715s ]
INFO: [ view_filter ] --END-- [ RunTime:0.001874s ]
INFO: [ app_end ] --START--
INFO: Run Behavior\ShowPageTrace [ RunTime:0.001260s ]
INFO: [ app_end ] --END-- [ RunTime:0.002425s ]

[ 2017-03-01T13:29:36+08:00 ] 127.0.0.1 /
INFO: [ app_begin ] --START--
INFO: Run Behavior\ReadHtmlCache [ RunTime:0.001565s ]
INFO: [ app_begin ] --END-- [ RunTime:0.003610s ]
INFO: [ view_parse ] --START--
INFO: [ template_filter ] --START--
INFO: Run Behavior\ContentReplace [ RunTime:0.000432s ]
INFO: [ template_filter ] --END-- [ RunTime:0.001683s ]
INFO: Run Behavior\ParseTemplate [ RunTime:0.047863s ]
INFO: [ view_parse ] --END-- [ RunTime:0.049186s ]
INFO: [ view_filter ] --START--
INFO: Run Behavior\WriteHtmlCache [ RunTime:0.000795s ]
INFO: [ view_filter ] --END-- [ RunTime:0.002072s ]
INFO: [ app_end ] --START--
INFO: Run Behavior\ShowPageTrace [ RunTime:0.001196s ]
INFO: [ app_end ] --END-- [ RunTime:0.002728s ]

[ 2017-03-01T13:32:03+08:00 ] 127.0.0.1 /
INFO: [ app_begin ] --START--
INFO: Run Behavior\ReadHtmlCache [ RunTime:0.001464s ]
INFO: [ app_begin ] --END-- [ RunTime:0.005229s ]
INFO: [ view_parse ] --START--
INFO: [ template_filter ] --START--
INFO: Run Behavior\ContentReplace [ RunTime:0.000919s ]
INFO: [ template_filter ] --END-- [ RunTime:0.002770s ]
INFO: Run Behavior\ParseTemplate [ RunTime:0.050892s ]
INFO: [ view_parse ] --END-- [ RunTime:0.052973s ]
INFO: [ view_filter ] --START--
INFO: Run Behavior\WriteHtmlCache [ RunTime:0.000959s ]
INFO: [ view_filter ] --END-- [ RunTime:0.002353s ]
INFO: [ app_end ] --START--
INFO: Run Behavior\ShowPageTrace [ RunTime:0.001103s ]
INFO: [ app_end ] --END-- [ RunTime:0.002540s ]

[ 2017-03-01T13:51:53+08:00 ] 127.0.0.1 /
INFO: [ app_begin ] --START--
INFO: Run Behavior\ReadHtmlCache [ RunTime:0.001175s ]
INFO: [ app_begin ] --END-- [ RunTime:0.003196s ]
INFO: [ view_parse ] --START--
INFO: [ template_filter ] --START--
INFO: Run Behavior\ContentReplace [ RunTime:0.000429s ]
INFO: [ template_filter ] --END-- [ RunTime:0.001524s ]
INFO: Run Behavior\ParseTemplate [ RunTime:0.046952s ]
INFO: [ view_parse ] --END-- [ RunTime:0.048115s ]
INFO: [ view_filter ] --START--
INFO: Run Behavior\WriteHtmlCache [ RunTime:0.000828s ]
INFO: [ view_filter ] --END-- [ RunTime:0.001900s ]
INFO: [ app_end ] --START--
INFO: Run Behavior\ShowPageTrace [ RunTime:0.001381s ]
INFO: [ app_end ] --END-- [ RunTime:0.002511s ]

[ 2017-03-01T14:16:10+08:00 ] 127.0.0.1 /
INFO: [ app_begin ] --START--
INFO: Run Behavior\ReadHtmlCache [ RunTime:0.001261s ]
INFO: [ app_begin ] --END-- [ RunTime:0.003085s ]
INFO: [ view_parse ] --START--
INFO: [ template_filter ] --START--
INFO: Run Behavior\ContentReplace [ RunTime:0.000718s ]
INFO: [ template_filter ] --END-- [ RunTime:0.002696s ]
INFO: Run Behavior\ParseTemplate [ RunTime:0.046760s ]
INFO: [ view_parse ] --END-- [ RunTime:0.048286s ]
INFO: [ view_filter ] --START--
INFO: Run Behavior\WriteHtmlCache [ RunTime:0.001127s ]
INFO: [ view_filter ] --END-- [ RunTime:0.002414s ]
INFO: [ app_end ] --START--
INFO: Run Behavior\ShowPageTrace [ RunTime:0.001135s ]
INFO: [ app_end ] --END-- [ RunTime:0.002238s ]

[ 2017-03-01T14:16:38+08:00 ] 127.0.0.1 /?
INFO: [ app_begin ] --START--
INFO: Run Behavior\ReadHtmlCache [ RunTime:0.001197s ]
INFO: [ app_begin ] --END-- [ RunTime:0.002922s ]
INFO: [ view_parse ] --START--
INFO: [ template_filter ] --START--
INFO: Run Behavior\ContentReplace [ RunTime:0.000438s ]
INFO: [ template_filter ] --END-- [ RunTime:0.001735s ]
INFO: Run Behavior\ParseTemplate [ RunTime:0.049586s ]
INFO: [ view_parse ] --END-- [ RunTime:0.050807s ]
INFO: [ view_filter ] --START--
INFO: Run Behavior\WriteHtmlCache [ RunTime:0.000809s ]
INFO: [ view_filter ] --END-- [ RunTime:0.001937s ]
INFO: [ app_end ] --START--
INFO: Run Behavior\ShowPageTrace [ RunTime:0.001513s ]
INFO: [ app_end ] --END-- [ RunTime:0.002845s ]

[ 2017-03-01T14:32:30+08:00 ] 127.0.0.1 /?
INFO: [ app_begin ] --START--
INFO: Run Behavior\ReadHtmlCache [ RunTime:0.001173s ]
INFO: [ app_begin ] --END-- [ RunTime:0.002904s ]
INFO: [ view_parse ] --START--
INFO: [ template_filter ] --START--
INFO: Run Behavior\ContentReplace [ RunTime:0.000420s ]
INFO: [ template_filter ] --END-- [ RunTime:0.001536s ]
INFO: Run Behavior\ParseTemplate [ RunTime:0.055584s ]
INFO: [ view_parse ] --END-- [ RunTime:0.057096s ]
INFO: [ view_filter ] --START--
INFO: Run Behavior\WriteHtmlCache [ RunTime:0.001242s ]
INFO: [ view_filter ] --END-- [ RunTime:0.003217s ]
INFO: [ app_end ] --START--
INFO: Run Behavior\ShowPageTrace [ RunTime:0.001245s ]
INFO: [ app_end ] --END-- [ RunTime:0.002512s ]

[ 2017-03-01T14:37:31+08:00 ] 127.0.0.1 /?
INFO: [ app_begin ] --START--
INFO: Run Behavior\ReadHtmlCache [ RunTime:0.002201s ]
INFO: [ app_begin ] --END-- [ RunTime:0.027606s ]
INFO: [ view_parse ] --START--
INFO: [ template_filter ] --START--
INFO: Run Behavior\ContentReplace [ RunTime:0.000426s ]
INFO: [ template_filter ] --END-- [ RunTime:0.001812s ]
INFO: Run Behavior\ParseTemplate [ RunTime:0.048955s ]
INFO: [ view_parse ] --END-- [ RunTime:0.050216s ]
INFO: [ view_filter ] --START--
INFO: Run Behavior\WriteHtmlCache [ RunTime:0.001130s ]
INFO: [ view_filter ] --END-- [ RunTime:0.004261s ]
INFO: [ app_end ] --START--
INFO: Run Behavior\ShowPageTrace [ RunTime:0.001794s ]
INFO: [ app_end ] --END-- [ RunTime:0.003203s ]

[ 2017-03-01T14:37:37+08:00 ] 127.0.0.1 /?
INFO: [ app_begin ] --START--
INFO: Run Behavior\ReadHtmlCache [ RunTime:0.000994s ]
INFO: [ app_begin ] --END-- [ RunTime:0.002963s ]
INFO: [ view_parse ] --START--
INFO: [ template_filter ] --START--
INFO: Run Behavior\ContentReplace [ RunTime:0.000857s ]
INFO: [ template_filter ] --END-- [ RunTime:0.002834s ]
INFO: Run Behavior\ParseTemplate [ RunTime:0.059344s ]
INFO: [ view_parse ] --END-- [ RunTime:0.060649s ]
INFO: [ view_filter ] --START--
INFO: Run Behavior\WriteHtmlCache [ RunTime:0.001497s ]
INFO: [ view_filter ] --END-- [ RunTime:0.003107s ]
INFO: [ app_end ] --START--
INFO: Run Behavior\ShowPageTrace [ RunTime:0.006923s ]
INFO: [ app_end ] --END-- [ RunTime:0.009076s ]

[ 2017-03-01T14:38:33+08:00 ] 127.0.0.1 /?
INFO: [ app_begin ] --START--
INFO: Run Behavior\ReadHtmlCache [ RunTime:0.002764s ]
INFO: [ app_begin ] --END-- [ RunTime:0.005022s ]
INFO: [ view_parse ] --START--
INFO: [ template_filter ] --START--
INFO: Run Behavior\ContentReplace [ RunTime:0.000382s ]
INFO: [ template_filter ] --END-- [ RunTime:0.001972s ]
INFO: Run Behavior\ParseTemplate [ RunTime:0.058254s ]
INFO: [ view_parse ] --END-- [ RunTime:0.059849s ]
INFO: [ view_filter ] --START--
INFO: Run Behavior\WriteHtmlCache [ RunTime:0.000887s ]
INFO: [ view_filter ] --END-- [ RunTime:0.002224s ]
INFO: [ app_end ] --START--
INFO: Run Behavior\ShowPageTrace [ RunTime:0.001384s ]
INFO: [ app_end ] --END-- [ RunTime:0.003486s ]

[ 2017-03-01T14:38:34+08:00 ] 127.0.0.1 /?
INFO: [ app_begin ] --START--
INFO: Run Behavior\ReadHtmlCache [ RunTime:0.001033s ]
INFO: [ app_begin ] --END-- [ RunTime:0.002647s ]
INFO: [ view_parse ] --START--
INFO: [ template_filter ] --START--
INFO: Run Behavior\ContentReplace [ RunTime:0.000415s ]
INFO: [ template_filter ] --END-- [ RunTime:0.001540s ]
INFO: Run Behavior\ParseTemplate [ RunTime:0.048644s ]
INFO: [ view_parse ] --END-- [ RunTime:0.049884s ]
INFO: [ view_filter ] --START--
INFO: Run Behavior\WriteHtmlCache [ RunTime:0.000795s ]
INFO: [ view_filter ] --END-- [ RunTime:0.001999s ]
INFO: [ app_end ] --START--
INFO: Run Behavior\ShowPageTrace [ RunTime:0.001055s ]
INFO: [ app_end ] --END-- [ RunTime:0.002205s ]

[ 2017-03-01T14:39:04+08:00 ] 127.0.0.1 /?
INFO: [ app_begin ] --START--
INFO: Run Behavior\ReadHtmlCache [ RunTime:0.001335s ]
INFO: [ app_begin ] --END-- [ RunTime:0.003939s ]
INFO: [ view_parse ] --START--
INFO: [ template_filter ] --START--
INFO: Run Behavior\ContentReplace [ RunTime:0.000851s ]
INFO: [ template_filter ] --END-- [ RunTime:0.002478s ]
INFO: Run Behavior\ParseTemplate [ RunTime:0.050550s ]
INFO: [ view_parse ] --END-- [ RunTime:0.053003s ]
INFO: [ view_filter ] --START--
INFO: Run Behavior\WriteHtmlCache [ RunTime:0.001302s ]
INFO: [ view_filter ] --END-- [ RunTime:0.003373s ]
INFO: [ app_end ] --START--
INFO: Run Behavior\ShowPageTrace [ RunTime:0.001072s ]
INFO: [ app_end ] --END-- [ RunTime:0.002276s ]

[ 2017-03-01T14:39:06+08:00 ] 127.0.0.1 /?
INFO: [ app_begin ] --START--
INFO: Run Behavior\ReadHtmlCache [ RunTime:0.001177s ]
INFO: [ app_begin ] --END-- [ RunTime:0.002794s ]
INFO: [ view_parse ] --START--
INFO: [ template_filter ] --START--
INFO: Run Behavior\ContentReplace [ RunTime:0.000422s ]
INFO: [ template_filter ] --END-- [ RunTime:0.001589s ]
INFO: Run Behavior\ParseTemplate [ RunTime:0.047283s ]
INFO: [ view_parse ] --END-- [ RunTime:0.048971s ]
INFO: [ view_filter ] --START--
INFO: Run Behavior\WriteHtmlCache [ RunTime:0.000776s ]
INFO: [ view_filter ] --END-- [ RunTime:0.001956s ]
INFO: [ app_end ] --START--
INFO: Run Behavior\ShowPageTrace [ RunTime:0.001119s ]
INFO: [ app_end ] --END-- [ RunTime:0.002235s ]

[ 2017-03-01T14:39:06+08:00 ] 127.0.0.1 /?
INFO: [ app_begin ] --START--
INFO: Run Behavior\ReadHtmlCache [ RunTime:0.000952s ]
INFO: [ app_begin ] --END-- [ RunTime:0.002464s ]
INFO: [ view_parse ] --START--
INFO: [ template_filter ] --START--
INFO: Run Behavior\ContentReplace [ RunTime:0.000905s ]
INFO: [ template_filter ] --END-- [ RunTime:0.003893s ]
INFO: Run Behavior\ParseTemplate [ RunTime:0.047317s ]
INFO: [ view_parse ] --END-- [ RunTime:0.049085s ]
INFO: [ view_filter ] --START--
INFO: Run Behavior\WriteHtmlCache [ RunTime:0.000898s ]
INFO: [ view_filter ] --END-- [ RunTime:0.002683s ]
INFO: [ app_end ] --START--
INFO: Run Behavior\ShowPageTrace [ RunTime:0.001193s ]
INFO: [ app_end ] --END-- [ RunTime:0.002327s ]

[ 2017-03-01T14:39:08+08:00 ] 127.0.0.1 /?
INFO: [ app_begin ] --START--
INFO: Run Behavior\ReadHtmlCache [ RunTime:0.000968s ]
INFO: [ app_begin ] --END-- [ RunTime:0.002541s ]
INFO: [ view_parse ] --START--
INFO: [ template_filter ] --START--
INFO: Run Behavior\ContentReplace [ RunTime:0.000591s ]
INFO: [ template_filter ] --END-- [ RunTime:0.002360s ]
INFO: Run Behavior\ParseTemplate [ RunTime:0.047203s ]
INFO: [ view_parse ] --END-- [ RunTime:0.048457s ]
INFO: [ view_filter ] --START--
INFO: Run Behavior\WriteHtmlCache [ RunTime:0.000755s ]
INFO: [ view_filter ] --END-- [ RunTime:0.002404s ]
INFO: [ app_end ] --START--
INFO: Run Behavior\ShowPageTrace [ RunTime:0.001001s ]
INFO: [ app_end ] --END-- [ RunTime:0.002135s ]

[ 2017-03-01T15:25:01+08:00 ] 127.0.0.1 /?
INFO: [ app_begin ] --START--
INFO: Run Behavior\ReadHtmlCache [ RunTime:0.016621s ]
INFO: [ app_begin ] --END-- [ RunTime:0.019096s ]
INFO: [ view_parse ] --START--
INFO: [ template_filter ] --START--
INFO: Run Behavior\ContentReplace [ RunTime:0.000410s ]
INFO: [ template_filter ] --END-- [ RunTime:0.001611s ]
INFO: Run Behavior\ParseTemplate [ RunTime:0.086359s ]
INFO: [ view_parse ] --END-- [ RunTime:0.088222s ]
INFO: [ view_filter ] --START--
INFO: Run Behavior\WriteHtmlCache [ RunTime:0.002230s ]
INFO: [ view_filter ] --END-- [ RunTime:0.004228s ]
INFO: [ app_end ] --START--
INFO: Run Behavior\ShowPageTrace [ RunTime:0.031636s ]
INFO: [ app_end ] --END-- [ RunTime:0.032939s ]

[ 2017-03-01T15:25:05+08:00 ] 127.0.0.1 /?
INFO: [ app_begin ] --START--
INFO: Run Behavior\ReadHtmlCache [ RunTime:0.000946s ]
INFO: [ app_begin ] --END-- [ RunTime:0.002460s ]
INFO: [ view_parse ] --START--
INFO: [ template_filter ] --START--
INFO: Run Behavior\ContentReplace [ RunTime:0.000438s ]
INFO: [ template_filter ] --END-- [ RunTime:0.001687s ]
INFO: Run Behavior\ParseTemplate [ RunTime:0.042898s ]
INFO: [ view_parse ] --END-- [ RunTime:0.044028s ]
INFO: [ view_filter ] --START--
INFO: Run Behavior\WriteHtmlCache [ RunTime:0.000684s ]
INFO: [ view_filter ] --END-- [ RunTime:0.001810s ]
INFO: [ app_end ] --START--
INFO: Run Behavior\ShowPageTrace [ RunTime:0.002177s ]
INFO: [ app_end ] --END-- [ RunTime:0.006341s ]

[ 2017-03-01T15:25:06+08:00 ] 127.0.0.1 /?
INFO: [ app_begin ] --START--
INFO: Run Behavior\ReadHtmlCache [ RunTime:0.001195s ]
INFO: [ app_begin ] --END-- [ RunTime:0.002719s ]
INFO: [ view_parse ] --START--
INFO: [ template_filter ] --START--
INFO: Run Behavior\ContentReplace [ RunTime:0.000400s ]
INFO: [ template_filter ] --END-- [ RunTime:0.001532s ]
INFO: Run Behavior\ParseTemplate [ RunTime:0.044734s ]
INFO: [ view_parse ] --END-- [ RunTime:0.046263s ]
INFO: [ view_filter ] --START--
INFO: Run Behavior\WriteHtmlCache [ RunTime:0.001208s ]
INFO: [ view_filter ] --END-- [ RunTime:0.002893s ]
INFO: [ app_end ] --START--
INFO: Run Behavior\ShowPageTrace [ RunTime:0.001262s ]
INFO: [ app_end ] --END-- [ RunTime:0.002831s ]

[ 2017-03-01T15:58:15+08:00 ] 127.0.0.1 /?
INFO: [ app_begin ] --START--
INFO: Run Behavior\ReadHtmlCache [ RunTime:0.010690s ]
INFO: [ app_begin ] --END-- [ RunTime:0.013279s ]
INFO: [ view_parse ] --START--
INFO: [ template_filter ] --START--
INFO: Run Behavior\ContentReplace [ RunTime:0.000477s ]
INFO: [ template_filter ] --END-- [ RunTime:0.001708s ]
INFO: Run Behavior\ParseTemplate [ RunTime:0.112740s ]
INFO: [ view_parse ] --END-- [ RunTime:0.114091s ]
INFO: [ view_filter ] --START--
INFO: Run Behavior\WriteHtmlCache [ RunTime:0.009423s ]
INFO: [ view_filter ] --END-- [ RunTime:0.010802s ]
INFO: [ app_end ] --START--
INFO: Run Behavior\ShowPageTrace [ RunTime:0.006579s ]
INFO: [ app_end ] --END-- [ RunTime:0.007831s ]

[ 2017-03-01T15:59:48+08:00 ] 127.0.0.1 /?
INFO: [ app_begin ] --START--
INFO: Run Behavior\ReadHtmlCache [ RunTime:0.001378s ]
INFO: [ app_begin ] --END-- [ RunTime:0.003698s ]
INFO: [ view_parse ] --START--
INFO: [ template_filter ] --START--
INFO: Run Behavior\ContentReplace [ RunTime:0.001589s ]
INFO: [ template_filter ] --END-- [ RunTime:0.004295s ]
INFO: Run Behavior\ParseTemplate [ RunTime:0.048742s ]
INFO: [ view_parse ] --END-- [ RunTime:0.049971s ]
INFO: [ view_filter ] --START--
INFO: Run Behavior\WriteHtmlCache [ RunTime:0.001208s ]
INFO: [ view_filter ] --END-- [ RunTime:0.002693s ]
INFO: [ app_end ] --START--
INFO: Run Behavior\ShowPageTrace [ RunTime:0.001551s ]
INFO: [ app_end ] --END-- [ RunTime:0.003127s ]

[ 2017-03-01T18:00:37+08:00 ] 127.0.0.1 /?
INFO: [ app_begin ] --START--
INFO: Run Behavior\ReadHtmlCache [ RunTime:0.010215s ]
INFO: [ app_begin ] --END-- [ RunTime:0.012632s ]
INFO: [ view_parse ] --START--
INFO: [ template_filter ] --START--
INFO: Run Behavior\ContentReplace [ RunTime:0.000728s ]
INFO: [ template_filter ] --END-- [ RunTime:0.002923s ]
INFO: Run Behavior\ParseTemplate [ RunTime:0.106210s ]
INFO: [ view_parse ] --END-- [ RunTime:0.107510s ]
INFO: [ view_filter ] --START--
INFO: Run Behavior\WriteHtmlCache [ RunTime:0.001264s ]
INFO: [ view_filter ] --END-- [ RunTime:0.002682s ]
INFO: [ app_end ] --START--
INFO: Run Behavior\ShowPageTrace [ RunTime:0.038526s ]
INFO: [ app_end ] --END-- [ RunTime:0.040031s ]

