[ 2017-02-17T13:39:18+08:00 ] 127.0.0.1 /admin/weixin/login
INFO: [ app_begin ] --START--
INFO: Run Behavior\ReadHtmlCache [ RunTime:0.002207s ]
INFO: [ app_begin ] --END-- [ RunTime:0.029300s ]
ERR: 模板不存在:./Apps/Admin/View/Weixin/login.html

[ 2017-02-17T13:40:10+08:00 ] 127.0.0.1 /admin/weixin/index
INFO: [ app_begin ] --START--
INFO: Run Behavior\ReadHtmlCache [ RunTime:0.001038s ]
INFO: [ app_begin ] --END-- [ RunTime:0.004021s ]
ERR: 模板不存在:./Apps/Admin/View/Weixin/index.html

[ 2017-02-17T13:46:15+08:00 ] 127.0.0.1 /admin/weixin/index
INFO: [ app_begin ] --START--
INFO: Run Behavior\ReadHtmlCache [ RunTime:0.001142s ]
INFO: [ app_begin ] --END-- [ RunTime:0.002760s ]
INFO: [ view_parse ] --START--
INFO: [ template_filter ] --START--
INFO: Run Behavior\ContentReplace [ RunTime:0.000374s ]
INFO: [ template_filter ] --END-- [ RunTime:0.001488s ]
INFO: Run Behavior\ParseTemplate [ RunTime:0.086953s ]
INFO: [ view_parse ] --END-- [ RunTime:0.089075s ]
INFO: [ view_filter ] --START--
INFO: Run Behavior\WriteHtmlCache [ RunTime:0.001621s ]
INFO: [ view_filter ] --END-- [ RunTime:0.003311s ]
INFO: [ app_end ] --START--
INFO: Run Behavior\ShowPageTrace [ RunTime:0.001492s ]
INFO: [ app_end ] --END-- [ RunTime:0.002745s ]

[ 2017-02-17T13:46:22+08:00 ] 127.0.0.1 /admin/weixin/login
INFO: [ app_begin ] --START--
INFO: Run Behavior\ReadHtmlCache [ RunTime:0.000967s ]
INFO: [ app_begin ] --END-- [ RunTime:0.002464s ]
INFO: [ view_parse ] --START--
INFO: [ template_filter ] --START--
INFO: Run Behavior\ContentReplace [ RunTime:0.000494s ]
INFO: [ template_filter ] --END-- [ RunTime:0.002240s ]
INFO: Run Behavior\ParseTemplate [ RunTime:0.033115s ]
INFO: [ view_parse ] --END-- [ RunTime:0.035804s ]
INFO: [ view_filter ] --START--
INFO: Run Behavior\WriteHtmlCache [ RunTime:0.001136s ]
INFO: [ view_filter ] --END-- [ RunTime:0.002634s ]
INFO: [ app_end ] --START--
INFO: Run Behavior\ShowPageTrace [ RunTime:0.001494s ]
INFO: [ app_end ] --END-- [ RunTime:0.003183s ]

[ 2017-02-17T13:48:05+08:00 ] 127.0.0.1 /admin/weixin/login
INFO: [ app_begin ] --START--
INFO: Run Behavior\ReadHtmlCache [ RunTime:0.001995s ]
INFO: [ app_begin ] --END-- [ RunTime:0.004549s ]
INFO: [ view_parse ] --START--
INFO: [ template_filter ] --START--
INFO: Run Behavior\ContentReplace [ RunTime:0.000412s ]
INFO: [ template_filter ] --END-- [ RunTime:0.001537s ]
INFO: Run Behavior\ParseTemplate [ RunTime:0.022317s ]
INFO: [ view_parse ] --END-- [ RunTime:0.023602s ]
INFO: [ view_filter ] --START--
INFO: Run Behavior\WriteHtmlCache [ RunTime:0.000821s ]
INFO: [ view_filter ] --END-- [ RunTime:0.002856s ]
INFO: [ app_end ] --START--
INFO: Run Behavior\ShowPageTrace [ RunTime:0.001053s ]
INFO: [ app_end ] --END-- [ RunTime:0.002277s ]

[ 2017-02-17T13:48:07+08:00 ] 127.0.0.1 /admin/weixin/login
INFO: [ app_begin ] --START--
INFO: Run Behavior\ReadHtmlCache [ RunTime:0.002502s ]
INFO: [ app_begin ] --END-- [ RunTime:0.005379s ]
INFO: [ view_parse ] --START--
INFO: [ template_filter ] --START--
INFO: Run Behavior\ContentReplace [ RunTime:0.000776s ]
INFO: [ template_filter ] --END-- [ RunTime:0.003529s ]
INFO: Run Behavior\ParseTemplate [ RunTime:0.049511s ]
INFO: [ view_parse ] --END-- [ RunTime:0.051578s ]
INFO: [ view_filter ] --START--
INFO: Run Behavior\WriteHtmlCache [ RunTime:0.001340s ]
INFO: [ view_filter ] --END-- [ RunTime:0.015098s ]
INFO: [ app_end ] --START--
INFO: Run Behavior\ShowPageTrace [ RunTime:0.003680s ]
INFO: [ app_end ] --END-- [ RunTime:0.009527s ]

[ 2017-02-17T13:48:38+08:00 ] 127.0.0.1 /admin/weixin/login
INFO: [ app_begin ] --START--
INFO: Run Behavior\ReadHtmlCache [ RunTime:0.001533s ]
INFO: [ app_begin ] --END-- [ RunTime:0.003160s ]
INFO: [ view_parse ] --START--
INFO: [ template_filter ] --START--
INFO: Run Behavior\ContentReplace [ RunTime:0.000855s ]
INFO: [ template_filter ] --END-- [ RunTime:0.002549s ]
INFO: Run Behavior\ParseTemplate [ RunTime:0.021204s ]
INFO: [ view_parse ] --END-- [ RunTime:0.022408s ]
INFO: [ view_filter ] --START--
INFO: Run Behavior\WriteHtmlCache [ RunTime:0.001701s ]
INFO: [ view_filter ] --END-- [ RunTime:0.003947s ]
INFO: [ app_end ] --START--
INFO: Run Behavior\ShowPageTrace [ RunTime:0.001215s ]
INFO: [ app_end ] --END-- [ RunTime:0.002395s ]

[ 2017-02-17T13:48:39+08:00 ] 127.0.0.1 /admin/weixin/login
INFO: [ app_begin ] --START--
INFO: Run Behavior\ReadHtmlCache [ RunTime:0.001060s ]
INFO: [ app_begin ] --END-- [ RunTime:0.002728s ]
INFO: [ view_parse ] --START--
INFO: [ template_filter ] --START--
INFO: Run Behavior\ContentReplace [ RunTime:0.000452s ]
INFO: [ template_filter ] --END-- [ RunTime:0.001769s ]
INFO: Run Behavior\ParseTemplate [ RunTime:0.020361s ]
INFO: [ view_parse ] --END-- [ RunTime:0.021690s ]
INFO: [ view_filter ] --START--
INFO: Run Behavior\WriteHtmlCache [ RunTime:0.000752s ]
INFO: [ view_filter ] --END-- [ RunTime:0.002002s ]
INFO: [ app_end ] --START--
INFO: Run Behavior\ShowPageTrace [ RunTime:0.001211s ]
INFO: [ app_end ] --END-- [ RunTime:0.003274s ]

[ 2017-02-17T13:51:26+08:00 ] 127.0.0.1 /admin/weixin/login
INFO: [ app_begin ] --START--
INFO: Run Behavior\ReadHtmlCache [ RunTime:0.001663s ]
INFO: [ app_begin ] --END-- [ RunTime:0.004439s ]
INFO: [ view_parse ] --START--
INFO: [ template_filter ] --START--
INFO: Run Behavior\ContentReplace [ RunTime:0.000405s ]
INFO: [ template_filter ] --END-- [ RunTime:0.001705s ]
INFO: Run Behavior\ParseTemplate [ RunTime:0.020746s ]
INFO: [ view_parse ] --END-- [ RunTime:0.021971s ]
INFO: [ view_filter ] --START--
INFO: Run Behavior\WriteHtmlCache [ RunTime:0.001099s ]
INFO: [ view_filter ] --END-- [ RunTime:0.002656s ]
INFO: [ app_end ] --START--
INFO: Run Behavior\ShowPageTrace [ RunTime:0.001283s ]
INFO: [ app_end ] --END-- [ RunTime:0.002578s ]

[ 2017-02-17T13:51:51+08:00 ] 127.0.0.1 /admin/weixin/login
INFO: [ app_begin ] --START--
INFO: Run Behavior\ReadHtmlCache [ RunTime:0.001742s ]
INFO: [ app_begin ] --END-- [ RunTime:0.003799s ]
INFO: [ view_parse ] --START--
INFO: [ template_filter ] --START--
INFO: Run Behavior\ContentReplace [ RunTime:0.000390s ]
INFO: [ template_filter ] --END-- [ RunTime:0.001531s ]
INFO: Run Behavior\ParseTemplate [ RunTime:0.018936s ]
INFO: [ view_parse ] --END-- [ RunTime:0.020381s ]
INFO: [ view_filter ] --START--
INFO: Run Behavior\WriteHtmlCache [ RunTime:0.001179s ]
INFO: [ view_filter ] --END-- [ RunTime:0.003857s ]
INFO: [ app_end ] --START--
INFO: Run Behavior\ShowPageTrace [ RunTime:0.001326s ]
INFO: [ app_end ] --END-- [ RunTime:0.003463s ]

[ 2017-02-17T13:51:53+08:00 ] 127.0.0.1 /admin/weixin/login
INFO: [ app_begin ] --START--
INFO: Run Behavior\ReadHtmlCache [ RunTime:0.001145s ]
INFO: [ app_begin ] --END-- [ RunTime:0.002889s ]
INFO: [ view_parse ] --START--
INFO: [ template_filter ] --START--
INFO: Run Behavior\ContentReplace [ RunTime:0.000379s ]
INFO: [ template_filter ] --END-- [ RunTime:0.001487s ]
INFO: Run Behavior\ParseTemplate [ RunTime:0.017137s ]
INFO: [ view_parse ] --END-- [ RunTime:0.018424s ]
INFO: [ view_filter ] --START--
INFO: Run Behavior\WriteHtmlCache [ RunTime:0.000661s ]
INFO: [ view_filter ] --END-- [ RunTime:0.001836s ]
INFO: [ app_end ] --START--
INFO: Run Behavior\ShowPageTrace [ RunTime:0.001724s ]
INFO: [ app_end ] --END-- [ RunTime:0.003188s ]

[ 2017-02-17T13:52:34+08:00 ] 127.0.0.1 /admin/weixin/login
INFO: [ app_begin ] --START--
INFO: Run Behavior\ReadHtmlCache [ RunTime:0.001831s ]
INFO: [ app_begin ] --END-- [ RunTime:0.003781s ]
INFO: [ view_parse ] --START--
INFO: [ template_filter ] --START--
INFO: Run Behavior\ContentReplace [ RunTime:0.000390s ]
INFO: [ template_filter ] --END-- [ RunTime:0.001545s ]
INFO: Run Behavior\ParseTemplate [ RunTime:0.016692s ]
INFO: [ view_parse ] --END-- [ RunTime:0.018111s ]
INFO: [ view_filter ] --START--
INFO: Run Behavior\WriteHtmlCache [ RunTime:0.000982s ]
INFO: [ view_filter ] --END-- [ RunTime:0.002548s ]
INFO: [ app_end ] --START--
INFO: Run Behavior\ShowPageTrace [ RunTime:0.001428s ]
INFO: [ app_end ] --END-- [ RunTime:0.003206s ]

[ 2017-02-17T13:52:36+08:00 ] 127.0.0.1 /admin/weixin/login
INFO: [ app_begin ] --START--
INFO: Run Behavior\ReadHtmlCache [ RunTime:0.001052s ]
INFO: [ app_begin ] --END-- [ RunTime:0.003091s ]
INFO: [ view_parse ] --START--
INFO: [ template_filter ] --START--
INFO: Run Behavior\ContentReplace [ RunTime:0.000429s ]
INFO: [ template_filter ] --END-- [ RunTime:0.001797s ]
INFO: Run Behavior\ParseTemplate [ RunTime:0.025899s ]
INFO: [ view_parse ] --END-- [ RunTime:0.028092s ]
INFO: [ view_filter ] --START--
INFO: Run Behavior\WriteHtmlCache [ RunTime:0.001236s ]
INFO: [ view_filter ] --END-- [ RunTime:0.003290s ]
INFO: [ app_end ] --START--
INFO: Run Behavior\ShowPageTrace [ RunTime:0.001640s ]
INFO: [ app_end ] --END-- [ RunTime:0.003808s ]

[ 2017-02-17T13:52:38+08:00 ] 127.0.0.1 /admin/weixin/login
INFO: [ app_begin ] --START--
INFO: Run Behavior\ReadHtmlCache [ RunTime:0.000996s ]
INFO: [ app_begin ] --END-- [ RunTime:0.002967s ]
INFO: [ view_parse ] --START--
INFO: [ template_filter ] --START--
INFO: Run Behavior\ContentReplace [ RunTime:0.000705s ]
INFO: [ template_filter ] --END-- [ RunTime:0.001970s ]
INFO: Run Behavior\ParseTemplate [ RunTime:0.024642s ]
INFO: [ view_parse ] --END-- [ RunTime:0.025844s ]
INFO: [ view_filter ] --START--
INFO: Run Behavior\WriteHtmlCache [ RunTime:0.001088s ]
INFO: [ view_filter ] --END-- [ RunTime:0.003070s ]
INFO: [ app_end ] --START--
INFO: Run Behavior\ShowPageTrace [ RunTime:0.001099s ]
INFO: [ app_end ] --END-- [ RunTime:0.002726s ]

[ 2017-02-17T13:52:51+08:00 ] 127.0.0.1 /admin/weixin/login
INFO: [ app_begin ] --START--
INFO: Run Behavior\ReadHtmlCache [ RunTime:0.001002s ]
INFO: [ app_begin ] --END-- [ RunTime:0.002490s ]
INFO: [ view_parse ] --START--
INFO: [ template_filter ] --START--
INFO: Run Behavior\ContentReplace [ RunTime:0.000449s ]
INFO: [ template_filter ] --END-- [ RunTime:0.001968s ]
INFO: Run Behavior\ParseTemplate [ RunTime:0.020636s ]
INFO: [ view_parse ] --END-- [ RunTime:0.021866s ]
INFO: [ view_filter ] --START--
INFO: Run Behavior\WriteHtmlCache [ RunTime:0.000665s ]
INFO: [ view_filter ] --END-- [ RunTime:0.001913s ]
INFO: [ app_end ] --START--
INFO: Run Behavior\ShowPageTrace [ RunTime:0.001072s ]
INFO: [ app_end ] --END-- [ RunTime:0.002430s ]

[ 2017-02-17T13:53:57+08:00 ] 127.0.0.1 /admin/weixin/login
INFO: [ app_begin ] --START--
INFO: Run Behavior\ReadHtmlCache [ RunTime:0.001057s ]
INFO: [ app_begin ] --END-- [ RunTime:0.002636s ]
INFO: [ view_parse ] --START--
INFO: [ template_filter ] --START--
INFO: Run Behavior\ContentReplace [ RunTime:0.000443s ]
INFO: [ template_filter ] --END-- [ RunTime:0.001667s ]
INFO: Run Behavior\ParseTemplate [ RunTime:0.035340s ]
INFO: [ view_parse ] --END-- [ RunTime:0.036670s ]
INFO: [ view_filter ] --START--
INFO: Run Behavior\WriteHtmlCache [ RunTime:0.006063s ]
INFO: [ view_filter ] --END-- [ RunTime:0.007871s ]
INFO: [ app_end ] --START--
INFO: Run Behavior\ShowPageTrace [ RunTime:0.001481s ]
INFO: [ app_end ] --END-- [ RunTime:0.002925s ]

[ 2017-02-17T13:54:27+08:00 ] 127.0.0.1 /admin/weixin/login
INFO: [ app_begin ] --START--
INFO: Run Behavior\ReadHtmlCache [ RunTime:0.000944s ]
INFO: [ app_begin ] --END-- [ RunTime:0.002433s ]
INFO: [ view_parse ] --START--
INFO: [ template_filter ] --START--
INFO: Run Behavior\ContentReplace [ RunTime:0.000898s ]
INFO: [ template_filter ] --END-- [ RunTime:0.002785s ]
INFO: Run Behavior\ParseTemplate [ RunTime:0.020173s ]
INFO: [ view_parse ] --END-- [ RunTime:0.024616s ]
INFO: [ view_filter ] --START--
INFO: Run Behavior\WriteHtmlCache [ RunTime:0.000725s ]
INFO: [ view_filter ] --END-- [ RunTime:0.001864s ]
INFO: [ app_end ] --START--
INFO: Run Behavior\ShowPageTrace [ RunTime:0.000970s ]
INFO: [ app_end ] --END-- [ RunTime:0.002148s ]

[ 2017-02-17T13:54:28+08:00 ] 127.0.0.1 /admin/weixin/login
INFO: [ app_begin ] --START--
INFO: Run Behavior\ReadHtmlCache [ RunTime:0.001082s ]
INFO: [ app_begin ] --END-- [ RunTime:0.003183s ]
INFO: [ view_parse ] --START--
INFO: [ template_filter ] --START--
INFO: Run Behavior\ContentReplace [ RunTime:0.001078s ]
INFO: [ template_filter ] --END-- [ RunTime:0.004034s ]
INFO: Run Behavior\ParseTemplate [ RunTime:0.023450s ]
INFO: [ view_parse ] --END-- [ RunTime:0.024811s ]
INFO: [ view_filter ] --START--
INFO: Run Behavior\WriteHtmlCache [ RunTime:0.002071s ]
INFO: [ view_filter ] --END-- [ RunTime:0.003831s ]
INFO: [ app_end ] --START--
INFO: Run Behavior\ShowPageTrace [ RunTime:0.001314s ]
INFO: [ app_end ] --END-- [ RunTime:0.002766s ]

[ 2017-02-17T13:55:19+08:00 ] 127.0.0.1 /admin/weixin/login
INFO: [ app_begin ] --START--
INFO: Run Behavior\ReadHtmlCache [ RunTime:0.002990s ]
INFO: [ app_begin ] --END-- [ RunTime:0.004817s ]
INFO: [ view_parse ] --START--
INFO: [ template_filter ] --START--
INFO: Run Behavior\ContentReplace [ RunTime:0.000682s ]
INFO: [ template_filter ] --END-- [ RunTime:0.003000s ]
INFO: Run Behavior\ParseTemplate [ RunTime:0.021064s ]
INFO: [ view_parse ] --END-- [ RunTime:0.022864s ]
INFO: [ view_filter ] --START--
INFO: Run Behavior\WriteHtmlCache [ RunTime:0.000717s ]
INFO: [ view_filter ] --END-- [ RunTime:0.002001s ]
INFO: [ app_end ] --START--
INFO: Run Behavior\ShowPageTrace [ RunTime:0.000979s ]
INFO: [ app_end ] --END-- [ RunTime:0.002086s ]

[ 2017-02-17T13:55:20+08:00 ] 127.0.0.1 /admin/weixin/login
INFO: [ app_begin ] --START--
INFO: Run Behavior\ReadHtmlCache [ RunTime:0.000925s ]
INFO: [ app_begin ] --END-- [ RunTime:0.002413s ]
INFO: [ view_parse ] --START--
INFO: [ template_filter ] --START--
INFO: Run Behavior\ContentReplace [ RunTime:0.000456s ]
INFO: [ template_filter ] --END-- [ RunTime:0.001674s ]
INFO: Run Behavior\ParseTemplate [ RunTime:0.019999s ]
INFO: [ view_parse ] --END-- [ RunTime:0.021432s ]
INFO: [ view_filter ] --START--
INFO: Run Behavior\WriteHtmlCache [ RunTime:0.000898s ]
INFO: [ view_filter ] --END-- [ RunTime:0.003153s ]
INFO: [ app_end ] --START--
INFO: Run Behavior\ShowPageTrace [ RunTime:0.001121s ]
INFO: [ app_end ] --END-- [ RunTime:0.002323s ]

[ 2017-02-17T13:55:44+08:00 ] 127.0.0.1 /admin/weixin/login
INFO: [ app_begin ] --START--
INFO: Run Behavior\ReadHtmlCache [ RunTime:0.000959s ]
INFO: [ app_begin ] --END-- [ RunTime:0.002465s ]
INFO: [ view_parse ] --START--
INFO: [ template_filter ] --START--
INFO: Run Behavior\ContentReplace [ RunTime:0.000898s ]
INFO: [ template_filter ] --END-- [ RunTime:0.002550s ]
INFO: Run Behavior\ParseTemplate [ RunTime:0.017028s ]
INFO: [ view_parse ] --END-- [ RunTime:0.018286s ]
INFO: [ view_filter ] --START--
INFO: Run Behavior\WriteHtmlCache [ RunTime:0.000791s ]
INFO: [ view_filter ] --END-- [ RunTime:0.001970s ]
INFO: [ app_end ] --START--
INFO: Run Behavior\ShowPageTrace [ RunTime:0.001019s ]
INFO: [ app_end ] --END-- [ RunTime:0.002106s ]

[ 2017-02-17T13:56:10+08:00 ] 127.0.0.1 /admin/weixin/login
INFO: [ app_begin ] --START--
INFO: Run Behavior\ReadHtmlCache [ RunTime:0.001536s ]
INFO: [ app_begin ] --END-- [ RunTime:0.003318s ]
INFO: [ view_parse ] --START--
INFO: [ template_filter ] --START--
INFO: Run Behavior\ContentReplace [ RunTime:0.000414s ]
INFO: [ template_filter ] --END-- [ RunTime:0.001833s ]
INFO: Run Behavior\ParseTemplate [ RunTime:0.021865s ]
INFO: [ view_parse ] --END-- [ RunTime:0.023225s ]
INFO: [ view_filter ] --START--
INFO: Run Behavior\WriteHtmlCache [ RunTime:0.000858s ]
INFO: [ view_filter ] --END-- [ RunTime:0.001957s ]
INFO: [ app_end ] --START--
INFO: Run Behavior\ShowPageTrace [ RunTime:0.001697s ]
INFO: [ app_end ] --END-- [ RunTime:0.003070s ]

[ 2017-02-17T14:10:21+08:00 ] 127.0.0.1 /admin/weixin/login
INFO: [ app_begin ] --START--
INFO: Run Behavior\ReadHtmlCache [ RunTime:0.001947s ]
INFO: [ app_begin ] --END-- [ RunTime:0.004963s ]

[ 2017-02-17T14:10:54+08:00 ] 127.0.0.1 /admin/weixin/login
INFO: [ app_begin ] --START--
INFO: Run Behavior\ReadHtmlCache [ RunTime:0.001466s ]
INFO: [ app_begin ] --END-- [ RunTime:0.004231s ]
INFO: [ view_parse ] --START--
INFO: [ template_filter ] --START--
INFO: Run Behavior\ContentReplace [ RunTime:0.000452s ]
INFO: [ template_filter ] --END-- [ RunTime:0.001932s ]
INFO: Run Behavior\ParseTemplate [ RunTime:0.104159s ]
INFO: [ view_parse ] --END-- [ RunTime:0.105812s ]
INFO: [ view_filter ] --START--
INFO: Run Behavior\WriteHtmlCache [ RunTime:0.008109s ]
INFO: [ view_filter ] --END-- [ RunTime:0.009273s ]
INFO: [ app_end ] --START--
INFO: Run Behavior\ShowPageTrace [ RunTime:0.003151s ]
INFO: [ app_end ] --END-- [ RunTime:0.004354s ]

[ 2017-02-17T14:11:14+08:00 ] 127.0.0.1 /admin/weixin/login
INFO: [ app_begin ] --START--
INFO: Run Behavior\ReadHtmlCache [ RunTime:0.001849s ]
INFO: [ app_begin ] --END-- [ RunTime:0.005408s ]

[ 2017-02-17T14:11:35+08:00 ] 127.0.0.1 /admin/weixin/login
INFO: [ app_begin ] --START--
INFO: Run Behavior\ReadHtmlCache [ RunTime:0.000925s ]
INFO: [ app_begin ] --END-- [ RunTime:0.002676s ]
INFO: [ view_parse ] --START--
INFO: [ template_filter ] --START--
INFO: Run Behavior\ContentReplace [ RunTime:0.000402s ]
INFO: [ template_filter ] --END-- [ RunTime:0.001700s ]
INFO: Run Behavior\ParseTemplate [ RunTime:0.020777s ]
INFO: [ view_parse ] --END-- [ RunTime:0.021985s ]
INFO: [ view_filter ] --START--
INFO: Run Behavior\WriteHtmlCache [ RunTime:0.000761s ]
INFO: [ view_filter ] --END-- [ RunTime:0.001895s ]
INFO: [ app_end ] --START--
INFO: Run Behavior\ShowPageTrace [ RunTime:0.001115s ]
INFO: [ app_end ] --END-- [ RunTime:0.002433s ]

[ 2017-02-17T14:11:48+08:00 ] 127.0.0.1 /admin/weixin/login
INFO: [ app_begin ] --START--
INFO: Run Behavior\ReadHtmlCache [ RunTime:0.000906s ]
INFO: [ app_begin ] --END-- [ RunTime:0.002538s ]
INFO: [ view_parse ] --START--
INFO: [ template_filter ] --START--
INFO: Run Behavior\ContentReplace [ RunTime:0.000404s ]
INFO: [ template_filter ] --END-- [ RunTime:0.001528s ]
INFO: Run Behavior\ParseTemplate [ RunTime:0.017870s ]
INFO: [ view_parse ] --END-- [ RunTime:0.019559s ]
INFO: [ view_filter ] --START--
INFO: Run Behavior\WriteHtmlCache [ RunTime:0.000835s ]
INFO: [ view_filter ] --END-- [ RunTime:0.002029s ]
INFO: [ app_end ] --START--
INFO: Run Behavior\ShowPageTrace [ RunTime:0.001429s ]
INFO: [ app_end ] --END-- [ RunTime:0.002544s ]

[ 2017-02-17T14:11:49+08:00 ] 127.0.0.1 /admin/weixin/login
INFO: [ app_begin ] --START--
INFO: Run Behavior\ReadHtmlCache [ RunTime:0.000942s ]
INFO: [ app_begin ] --END-- [ RunTime:0.002676s ]
INFO: [ view_parse ] --START--
INFO: [ template_filter ] --START--
INFO: Run Behavior\ContentReplace [ RunTime:0.000781s ]
INFO: [ template_filter ] --END-- [ RunTime:0.002816s ]
INFO: Run Behavior\ParseTemplate [ RunTime:0.022420s ]
INFO: [ view_parse ] --END-- [ RunTime:0.024385s ]
INFO: [ view_filter ] --START--
INFO: Run Behavior\WriteHtmlCache [ RunTime:0.000874s ]
INFO: [ view_filter ] --END-- [ RunTime:0.002001s ]
INFO: [ app_end ] --START--
INFO: Run Behavior\ShowPageTrace [ RunTime:0.001174s ]
INFO: [ app_end ] --END-- [ RunTime:0.002354s ]

[ 2017-02-17T14:12:37+08:00 ] 127.0.0.1 /admin/weixin/login
INFO: [ app_begin ] --START--
INFO: Run Behavior\ReadHtmlCache [ RunTime:0.001388s ]
INFO: [ app_begin ] --END-- [ RunTime:0.003676s ]
INFO: [ view_parse ] --START--
INFO: [ template_filter ] --START--
INFO: Run Behavior\ContentReplace [ RunTime:0.000707s ]
INFO: [ template_filter ] --END-- [ RunTime:0.002111s ]
INFO: Run Behavior\ParseTemplate [ RunTime:0.019450s ]
INFO: [ view_parse ] --END-- [ RunTime:0.021406s ]
INFO: [ view_filter ] --START--
INFO: Run Behavior\WriteHtmlCache [ RunTime:0.000799s ]
INFO: [ view_filter ] --END-- [ RunTime:0.001903s ]
INFO: [ app_end ] --START--
INFO: Run Behavior\ShowPageTrace [ RunTime:0.001011s ]
INFO: [ app_end ] --END-- [ RunTime:0.002605s ]

[ 2017-02-17T14:12:38+08:00 ] 127.0.0.1 /admin/weixin/login
INFO: [ app_begin ] --START--
INFO: Run Behavior\ReadHtmlCache [ RunTime:0.001518s ]
INFO: [ app_begin ] --END-- [ RunTime:0.003972s ]
INFO: [ view_parse ] --START--
INFO: [ template_filter ] --START--
INFO: Run Behavior\ContentReplace [ RunTime:0.000407s ]
INFO: [ template_filter ] --END-- [ RunTime:0.001586s ]
INFO: Run Behavior\ParseTemplate [ RunTime:0.017134s ]
INFO: [ view_parse ] --END-- [ RunTime:0.018467s ]
INFO: [ view_filter ] --START--
INFO: Run Behavior\WriteHtmlCache [ RunTime:0.000845s ]
INFO: [ view_filter ] --END-- [ RunTime:0.002028s ]
INFO: [ app_end ] --START--
INFO: Run Behavior\ShowPageTrace [ RunTime:0.001304s ]
INFO: [ app_end ] --END-- [ RunTime:0.002407s ]

[ 2017-02-17T14:12:38+08:00 ] 127.0.0.1 /admin/weixin/login
INFO: [ app_begin ] --START--
INFO: Run Behavior\ReadHtmlCache [ RunTime:0.001175s ]
INFO: [ app_begin ] --END-- [ RunTime:0.002613s ]
INFO: [ view_parse ] --START--
INFO: [ template_filter ] --START--
INFO: Run Behavior\ContentReplace [ RunTime:0.000475s ]
INFO: [ template_filter ] --END-- [ RunTime:0.002045s ]
INFO: Run Behavior\ParseTemplate [ RunTime:0.019002s ]
INFO: [ view_parse ] --END-- [ RunTime:0.020777s ]
INFO: [ view_filter ] --START--
INFO: Run Behavior\WriteHtmlCache [ RunTime:0.000764s ]
INFO: [ view_filter ] --END-- [ RunTime:0.001899s ]
INFO: [ app_end ] --START--
INFO: Run Behavior\ShowPageTrace [ RunTime:0.001128s ]
INFO: [ app_end ] --END-- [ RunTime:0.002606s ]

[ 2017-02-17T14:12:38+08:00 ] 127.0.0.1 /admin/weixin/login
INFO: [ app_begin ] --START--
INFO: Run Behavior\ReadHtmlCache [ RunTime:0.001120s ]
INFO: [ app_begin ] --END-- [ RunTime:0.002987s ]
INFO: [ view_parse ] --START--
INFO: [ template_filter ] --START--
INFO: Run Behavior\ContentReplace [ RunTime:0.000542s ]
INFO: [ template_filter ] --END-- [ RunTime:0.001706s ]
INFO: Run Behavior\ParseTemplate [ RunTime:0.017727s ]
INFO: [ view_parse ] --END-- [ RunTime:0.019266s ]
INFO: [ view_filter ] --START--
INFO: Run Behavior\WriteHtmlCache [ RunTime:0.000790s ]
INFO: [ view_filter ] --END-- [ RunTime:0.002265s ]
INFO: [ app_end ] --START--
INFO: Run Behavior\ShowPageTrace [ RunTime:0.001450s ]
INFO: [ app_end ] --END-- [ RunTime:0.002835s ]

[ 2017-02-17T14:13:49+08:00 ] 127.0.0.1 /admin/weixin/login
INFO: [ app_begin ] --START--
INFO: Run Behavior\ReadHtmlCache [ RunTime:0.001197s ]
INFO: [ app_begin ] --END-- [ RunTime:0.004676s ]
INFO: [ view_parse ] --START--
INFO: [ template_filter ] --START--
INFO: Run Behavior\ContentReplace [ RunTime:0.000432s ]
INFO: [ template_filter ] --END-- [ RunTime:0.001521s ]
INFO: Run Behavior\ParseTemplate [ RunTime:0.020020s ]
INFO: [ view_parse ] --END-- [ RunTime:0.021330s ]
INFO: [ view_filter ] --START--
INFO: Run Behavior\WriteHtmlCache [ RunTime:0.001063s ]
INFO: [ view_filter ] --END-- [ RunTime:0.005058s ]
INFO: [ app_end ] --START--
INFO: Run Behavior\ShowPageTrace [ RunTime:0.001209s ]
INFO: [ app_end ] --END-- [ RunTime:0.002514s ]

[ 2017-02-17T14:14:03+08:00 ] 127.0.0.1 /admin/weixin/login
INFO: [ app_begin ] --START--
INFO: Run Behavior\ReadHtmlCache [ RunTime:0.001273s ]
INFO: [ app_begin ] --END-- [ RunTime:0.005830s ]
INFO: [ view_parse ] --START--
INFO: [ template_filter ] --START--
INFO: Run Behavior\ContentReplace [ RunTime:0.000407s ]
INFO: [ template_filter ] --END-- [ RunTime:0.001565s ]
INFO: Run Behavior\ParseTemplate [ RunTime:0.020167s ]
INFO: [ view_parse ] --END-- [ RunTime:0.021517s ]
INFO: [ view_filter ] --START--
INFO: Run Behavior\WriteHtmlCache [ RunTime:0.000768s ]
INFO: [ view_filter ] --END-- [ RunTime:0.002040s ]
INFO: [ app_end ] --START--
INFO: Run Behavior\ShowPageTrace [ RunTime:0.000990s ]
INFO: [ app_end ] --END-- [ RunTime:0.002121s ]

[ 2017-02-17T14:14:29+08:00 ] 127.0.0.1 /admin/weixin/login
INFO: [ app_begin ] --START--
INFO: Run Behavior\ReadHtmlCache [ RunTime:0.000968s ]
INFO: [ app_begin ] --END-- [ RunTime:0.002429s ]
INFO: [ view_parse ] --START--
INFO: [ template_filter ] --START--
INFO: Run Behavior\ContentReplace [ RunTime:0.000394s ]
INFO: [ template_filter ] --END-- [ RunTime:0.001552s ]
INFO: Run Behavior\ParseTemplate [ RunTime:0.018163s ]
INFO: [ view_parse ] --END-- [ RunTime:0.019917s ]
INFO: [ view_filter ] --START--
INFO: Run Behavior\WriteHtmlCache [ RunTime:0.000837s ]
INFO: [ view_filter ] --END-- [ RunTime:0.002585s ]
INFO: [ app_end ] --START--
INFO: Run Behavior\ShowPageTrace [ RunTime:0.001034s ]
INFO: [ app_end ] --END-- [ RunTime:0.002134s ]

[ 2017-02-17T14:14:32+08:00 ] 127.0.0.1 /admin/weixin/method=post?username=&password=&denglu.x=59&denglu.y=12
INFO: [ app_begin ] --START--
INFO: Run Behavior\ReadHtmlCache [ RunTime:0.001268s ]
INFO: [ app_begin ] --END-- [ RunTime:0.003016s ]
ERR: 非法操作:method=post

[ 2017-02-17T14:15:46+08:00 ] 127.0.0.1 /admin/weixin/login
INFO: [ app_begin ] --START--
INFO: Run Behavior\ReadHtmlCache [ RunTime:0.001256s ]
INFO: [ app_begin ] --END-- [ RunTime:0.003900s ]
INFO: [ view_parse ] --START--
INFO: [ template_filter ] --START--
INFO: Run Behavior\ContentReplace [ RunTime:0.000409s ]
INFO: [ template_filter ] --END-- [ RunTime:0.001772s ]
INFO: Run Behavior\ParseTemplate [ RunTime:0.022628s ]
INFO: [ view_parse ] --END-- [ RunTime:0.024156s ]
INFO: [ view_filter ] --START--
INFO: Run Behavior\WriteHtmlCache [ RunTime:0.001966s ]
INFO: [ view_filter ] --END-- [ RunTime:0.003943s ]
INFO: [ app_end ] --START--
INFO: Run Behavior\ShowPageTrace [ RunTime:0.001087s ]
INFO: [ app_end ] --END-- [ RunTime:0.002177s ]

[ 2017-02-17T14:16:46+08:00 ] 127.0.0.1 /admin/weixin/method=post?username=&password=&denglu.x=21&denglu.y=7
INFO: [ app_begin ] --START--
INFO: Run Behavior\ReadHtmlCache [ RunTime:0.001019s ]
INFO: [ app_begin ] --END-- [ RunTime:0.002785s ]
ERR: 非法操作:method=post

[ 2017-02-17T14:17:19+08:00 ] 127.0.0.1 /admin/weixin/method=post?username=&password=&denglu.x=21&denglu.y=7
INFO: [ app_begin ] --START--
INFO: Run Behavior\ReadHtmlCache [ RunTime:0.001020s ]
INFO: [ app_begin ] --END-- [ RunTime:0.002613s ]
ERR: 非法操作:method=post

[ 2017-02-17T14:18:48+08:00 ] 127.0.0.1 /admin/weixin/login
INFO: [ app_begin ] --START--
INFO: Run Behavior\ReadHtmlCache [ RunTime:0.001180s ]
INFO: [ app_begin ] --END-- [ RunTime:0.002799s ]
INFO: [ view_parse ] --START--
INFO: [ template_filter ] --START--
INFO: Run Behavior\ContentReplace [ RunTime:0.000416s ]
INFO: [ template_filter ] --END-- [ RunTime:0.004362s ]
INFO: Run Behavior\ParseTemplate [ RunTime:0.026252s ]
INFO: [ view_parse ] --END-- [ RunTime:0.027476s ]
INFO: [ view_filter ] --START--
INFO: Run Behavior\WriteHtmlCache [ RunTime:0.000776s ]
INFO: [ view_filter ] --END-- [ RunTime:0.002160s ]
INFO: [ app_end ] --START--
INFO: Run Behavior\ShowPageTrace [ RunTime:0.002079s ]
INFO: [ app_end ] --END-- [ RunTime:0.003791s ]

[ 2017-02-17T14:18:50+08:00 ] 127.0.0.1 /admin/weixin/login
INFO: [ app_begin ] --START--
INFO: Run Behavior\ReadHtmlCache [ RunTime:0.000877s ]
INFO: [ app_begin ] --END-- [ RunTime:0.002510s ]
INFO: [ view_parse ] --START--
INFO: [ template_filter ] --START--
INFO: Run Behavior\ContentReplace [ RunTime:0.000484s ]
INFO: [ template_filter ] --END-- [ RunTime:0.001740s ]
INFO: Run Behavior\ParseTemplate [ RunTime:0.018138s ]
INFO: [ view_parse ] --END-- [ RunTime:0.019597s ]
INFO: [ view_filter ] --START--
INFO: Run Behavior\WriteHtmlCache [ RunTime:0.001378s ]
INFO: [ view_filter ] --END-- [ RunTime:0.003403s ]
INFO: [ app_end ] --START--
INFO: Run Behavior\ShowPageTrace [ RunTime:0.001380s ]
INFO: [ app_end ] --END-- [ RunTime:0.002658s ]

[ 2017-02-17T14:18:51+08:00 ] 127.0.0.1 /admin/weixin/login
INFO: [ app_begin ] --START--
INFO: Run Behavior\ReadHtmlCache [ RunTime:0.000954s ]
INFO: [ app_begin ] --END-- [ RunTime:0.002649s ]
INFO: [ view_parse ] --START--
INFO: [ template_filter ] --START--
INFO: Run Behavior\ContentReplace [ RunTime:0.000423s ]
INFO: [ template_filter ] --END-- [ RunTime:0.001678s ]
INFO: Run Behavior\ParseTemplate [ RunTime:0.018567s ]
INFO: [ view_parse ] --END-- [ RunTime:0.019708s ]
INFO: [ view_filter ] --START--
INFO: Run Behavior\WriteHtmlCache [ RunTime:0.001043s ]
INFO: [ view_filter ] --END-- [ RunTime:0.002232s ]
INFO: [ app_end ] --START--
INFO: Run Behavior\ShowPageTrace [ RunTime:0.001013s ]
INFO: [ app_end ] --END-- [ RunTime:0.002166s ]

[ 2017-02-17T14:18:52+08:00 ] 127.0.0.1 /admin/weixin/login
INFO: [ app_begin ] --START--
INFO: Run Behavior\ReadHtmlCache [ RunTime:0.000871s ]
INFO: [ app_begin ] --END-- [ RunTime:0.002376s ]
INFO: [ view_parse ] --START--
INFO: [ template_filter ] --START--
INFO: Run Behavior\ContentReplace [ RunTime:0.000404s ]
INFO: [ template_filter ] --END-- [ RunTime:0.001471s ]
INFO: Run Behavior\ParseTemplate [ RunTime:0.016947s ]
INFO: [ view_parse ] --END-- [ RunTime:0.018620s ]
INFO: [ view_filter ] --START--
INFO: Run Behavior\WriteHtmlCache [ RunTime:0.000869s ]
INFO: [ view_filter ] --END-- [ RunTime:0.002058s ]
INFO: [ app_end ] --START--
INFO: Run Behavior\ShowPageTrace [ RunTime:0.001323s ]
INFO: [ app_end ] --END-- [ RunTime:0.002898s ]

[ 2017-02-17T14:18:52+08:00 ] 127.0.0.1 /admin/weixin/login
INFO: [ app_begin ] --START--
INFO: Run Behavior\ReadHtmlCache [ RunTime:0.001921s ]
INFO: [ app_begin ] --END-- [ RunTime:0.004866s ]
INFO: [ view_parse ] --START--
INFO: [ template_filter ] --START--
INFO: Run Behavior\ContentReplace [ RunTime:0.000517s ]
INFO: [ template_filter ] --END-- [ RunTime:0.001850s ]
INFO: Run Behavior\ParseTemplate [ RunTime:0.029981s ]
INFO: [ view_parse ] --END-- [ RunTime:0.033043s ]
INFO: [ view_filter ] --START--
INFO: Run Behavior\WriteHtmlCache [ RunTime:0.000793s ]
INFO: [ view_filter ] --END-- [ RunTime:0.001936s ]
INFO: [ app_end ] --START--
INFO: Run Behavior\ShowPageTrace [ RunTime:0.003387s ]
INFO: [ app_end ] --END-- [ RunTime:0.005917s ]

[ 2017-02-17T14:20:22+08:00 ] 127.0.0.1 /admin/weixin/login
INFO: [ app_begin ] --START--
INFO: Run Behavior\ReadHtmlCache [ RunTime:0.000909s ]
INFO: [ app_begin ] --END-- [ RunTime:0.002605s ]
INFO: [ view_parse ] --START--
INFO: [ template_filter ] --START--
INFO: Run Behavior\ContentReplace [ RunTime:0.000847s ]
INFO: [ template_filter ] --END-- [ RunTime:0.002276s ]
INFO: Run Behavior\ParseTemplate [ RunTime:0.020808s ]
INFO: [ view_parse ] --END-- [ RunTime:0.021962s ]
INFO: [ view_filter ] --START--
INFO: Run Behavior\WriteHtmlCache [ RunTime:0.000879s ]
INFO: [ view_filter ] --END-- [ RunTime:0.002406s ]
INFO: [ app_end ] --START--
INFO: Run Behavior\ShowPageTrace [ RunTime:0.001112s ]
INFO: [ app_end ] --END-- [ RunTime:0.002378s ]

[ 2017-02-17T14:21:44+08:00 ] 127.0.0.1 /admin/weixin/login
INFO: [ app_begin ] --START--
INFO: Run Behavior\ReadHtmlCache [ RunTime:0.001050s ]
INFO: [ app_begin ] --END-- [ RunTime:0.002851s ]
INFO: [ view_parse ] --START--
INFO: [ template_filter ] --START--
INFO: Run Behavior\ContentReplace [ RunTime:0.000411s ]
INFO: [ template_filter ] --END-- [ RunTime:0.001561s ]
INFO: Run Behavior\ParseTemplate [ RunTime:0.024492s ]
INFO: [ view_parse ] --END-- [ RunTime:0.025678s ]
INFO: [ view_filter ] --START--
INFO: Run Behavior\WriteHtmlCache [ RunTime:0.000825s ]
INFO: [ view_filter ] --END-- [ RunTime:0.002374s ]
INFO: [ app_end ] --START--
INFO: Run Behavior\ShowPageTrace [ RunTime:0.001156s ]
INFO: [ app_end ] --END-- [ RunTime:0.002314s ]

[ 2017-02-17T14:22:19+08:00 ] 127.0.0.1 /admin/weixin/login
INFO: [ app_begin ] --START--
INFO: Run Behavior\ReadHtmlCache [ RunTime:0.001382s ]
INFO: [ app_begin ] --END-- [ RunTime:0.004860s ]
INFO: [ view_parse ] --START--
INFO: [ template_filter ] --START--
INFO: Run Behavior\ContentReplace [ RunTime:0.000415s ]
INFO: [ template_filter ] --END-- [ RunTime:0.001556s ]
INFO: Run Behavior\ParseTemplate [ RunTime:0.020351s ]
INFO: [ view_parse ] --END-- [ RunTime:0.022160s ]
INFO: [ view_filter ] --START--
INFO: Run Behavior\WriteHtmlCache [ RunTime:0.002506s ]
INFO: [ view_filter ] --END-- [ RunTime:0.004207s ]
INFO: [ app_end ] --START--
INFO: Run Behavior\ShowPageTrace [ RunTime:0.001760s ]
INFO: [ app_end ] --END-- [ RunTime:0.003630s ]

[ 2017-02-17T14:22:53+08:00 ] 127.0.0.1 /admin/weixin/login
INFO: [ app_begin ] --START--
INFO: Run Behavior\ReadHtmlCache [ RunTime:0.001274s ]
INFO: [ app_begin ] --END-- [ RunTime:0.002816s ]
INFO: [ view_parse ] --START--
INFO: [ template_filter ] --START--
INFO: Run Behavior\ContentReplace [ RunTime:0.000467s ]
INFO: [ template_filter ] --END-- [ RunTime:0.001757s ]
INFO: Run Behavior\ParseTemplate [ RunTime:0.018884s ]
INFO: [ view_parse ] --END-- [ RunTime:0.020379s ]
INFO: [ view_filter ] --START--
INFO: Run Behavior\WriteHtmlCache [ RunTime:0.001367s ]
INFO: [ view_filter ] --END-- [ RunTime:0.003609s ]
INFO: [ app_end ] --START--
INFO: Run Behavior\ShowPageTrace [ RunTime:0.003186s ]
INFO: [ app_end ] --END-- [ RunTime:0.005178s ]

[ 2017-02-17T14:23:00+08:00 ] 127.0.0.1 /admin/weixin/login
INFO: [ app_begin ] --START--
INFO: Run Behavior\ReadHtmlCache [ RunTime:0.000937s ]
INFO: [ app_begin ] --END-- [ RunTime:0.002557s ]
INFO: [ view_parse ] --START--
INFO: [ template_filter ] --START--
INFO: Run Behavior\ContentReplace [ RunTime:0.000385s ]
INFO: [ template_filter ] --END-- [ RunTime:0.001524s ]
INFO: Run Behavior\ParseTemplate [ RunTime:0.017076s ]
INFO: [ view_parse ] --END-- [ RunTime:0.018202s ]
INFO: [ view_filter ] --START--
INFO: Run Behavior\WriteHtmlCache [ RunTime:0.000689s ]
INFO: [ view_filter ] --END-- [ RunTime:0.001829s ]
INFO: [ app_end ] --START--
INFO: Run Behavior\ShowPageTrace [ RunTime:0.001076s ]
INFO: [ app_end ] --END-- [ RunTime:0.002221s ]

[ 2017-02-17T14:23:25+08:00 ] 127.0.0.1 /admin/weixin/login
INFO: [ app_begin ] --START--
INFO: Run Behavior\ReadHtmlCache [ RunTime:0.000848s ]
INFO: [ app_begin ] --END-- [ RunTime:0.002407s ]
INFO: [ view_parse ] --START--
INFO: [ template_filter ] --START--
INFO: Run Behavior\ContentReplace [ RunTime:0.000748s ]
INFO: [ template_filter ] --END-- [ RunTime:0.003615s ]
INFO: Run Behavior\ParseTemplate [ RunTime:0.018918s ]
INFO: [ view_parse ] --END-- [ RunTime:0.020056s ]
INFO: [ view_filter ] --START--
INFO: Run Behavior\WriteHtmlCache [ RunTime:0.000681s ]
INFO: [ view_filter ] --END-- [ RunTime:0.001929s ]
INFO: [ app_end ] --START--
INFO: Run Behavior\ShowPageTrace [ RunTime:0.001024s ]
INFO: [ app_end ] --END-- [ RunTime:0.002215s ]

[ 2017-02-17T14:23:26+08:00 ] 127.0.0.1 /admin/weixin/login
INFO: [ app_begin ] --START--
INFO: Run Behavior\ReadHtmlCache [ RunTime:0.000937s ]
INFO: [ app_begin ] --END-- [ RunTime:0.002656s ]
INFO: [ view_parse ] --START--
INFO: [ template_filter ] --START--
INFO: Run Behavior\ContentReplace [ RunTime:0.000701s ]
INFO: [ template_filter ] --END-- [ RunTime:0.002569s ]
INFO: Run Behavior\ParseTemplate [ RunTime:0.020752s ]
INFO: [ view_parse ] --END-- [ RunTime:0.022157s ]
INFO: [ view_filter ] --START--
INFO: Run Behavior\WriteHtmlCache [ RunTime:0.002005s ]
INFO: [ view_filter ] --END-- [ RunTime:0.004025s ]
INFO: [ app_end ] --START--
INFO: Run Behavior\ShowPageTrace [ RunTime:0.001219s ]
INFO: [ app_end ] --END-- [ RunTime:0.002329s ]

[ 2017-02-17T14:23:26+08:00 ] 127.0.0.1 /admin/weixin/login
INFO: [ app_begin ] --START--
INFO: Run Behavior\ReadHtmlCache [ RunTime:0.000915s ]
INFO: [ app_begin ] --END-- [ RunTime:0.002681s ]
INFO: [ view_parse ] --START--
INFO: [ template_filter ] --START--
INFO: Run Behavior\ContentReplace [ RunTime:0.000713s ]
INFO: [ template_filter ] --END-- [ RunTime:0.002352s ]
INFO: Run Behavior\ParseTemplate [ RunTime:0.022544s ]
INFO: [ view_parse ] --END-- [ RunTime:0.023769s ]
INFO: [ view_filter ] --START--
INFO: Run Behavior\WriteHtmlCache [ RunTime:0.002573s ]
INFO: [ view_filter ] --END-- [ RunTime:0.006911s ]
INFO: [ app_end ] --START--
INFO: Run Behavior\ShowPageTrace [ RunTime:0.001630s ]
INFO: [ app_end ] --END-- [ RunTime:0.003392s ]

[ 2017-02-17T14:23:27+08:00 ] 127.0.0.1 /admin/weixin/login
INFO: [ app_begin ] --START--
INFO: Run Behavior\ReadHtmlCache [ RunTime:0.001789s ]
INFO: [ app_begin ] --END-- [ RunTime:0.004328s ]
INFO: [ view_parse ] --START--
INFO: [ template_filter ] --START--
INFO: Run Behavior\ContentReplace [ RunTime:0.000418s ]
INFO: [ template_filter ] --END-- [ RunTime:0.001574s ]
INFO: Run Behavior\ParseTemplate [ RunTime:0.021475s ]
INFO: [ view_parse ] --END-- [ RunTime:0.022655s ]
INFO: [ view_filter ] --START--
INFO: Run Behavior\WriteHtmlCache [ RunTime:0.000793s ]
INFO: [ view_filter ] --END-- [ RunTime:0.001962s ]
INFO: [ app_end ] --START--
INFO: Run Behavior\ShowPageTrace [ RunTime:0.003283s ]
INFO: [ app_end ] --END-- [ RunTime:0.005643s ]

[ 2017-02-17T14:23:28+08:00 ] 127.0.0.1 /admin/weixin/login
INFO: [ app_begin ] --START--
INFO: Run Behavior\ReadHtmlCache [ RunTime:0.001173s ]
INFO: [ app_begin ] --END-- [ RunTime:0.004322s ]
INFO: [ view_parse ] --START--
INFO: [ template_filter ] --START--
INFO: Run Behavior\ContentReplace [ RunTime:0.000526s ]
INFO: [ template_filter ] --END-- [ RunTime:0.001701s ]
INFO: Run Behavior\ParseTemplate [ RunTime:0.020300s ]
INFO: [ view_parse ] --END-- [ RunTime:0.021934s ]
INFO: [ view_filter ] --START--
INFO: Run Behavior\WriteHtmlCache [ RunTime:0.000834s ]
INFO: [ view_filter ] --END-- [ RunTime:0.002074s ]
INFO: [ app_end ] --START--
INFO: Run Behavior\ShowPageTrace [ RunTime:0.000981s ]
INFO: [ app_end ] --END-- [ RunTime:0.002095s ]

[ 2017-02-17T14:23:28+08:00 ] 127.0.0.1 /admin/weixin/login
INFO: [ app_begin ] --START--
INFO: Run Behavior\ReadHtmlCache [ RunTime:0.001453s ]
INFO: [ app_begin ] --END-- [ RunTime:0.003693s ]
INFO: [ view_parse ] --START--
INFO: [ template_filter ] --START--
INFO: Run Behavior\ContentReplace [ RunTime:0.000406s ]
INFO: [ template_filter ] --END-- [ RunTime:0.001543s ]
INFO: Run Behavior\ParseTemplate [ RunTime:0.020224s ]
INFO: [ view_parse ] --END-- [ RunTime:0.021442s ]
INFO: [ view_filter ] --START--
INFO: Run Behavior\WriteHtmlCache [ RunTime:0.001362s ]
INFO: [ view_filter ] --END-- [ RunTime:0.003694s ]
INFO: [ app_end ] --START--
INFO: Run Behavior\ShowPageTrace [ RunTime:0.001889s ]
INFO: [ app_end ] --END-- [ RunTime:0.003120s ]

[ 2017-02-17T14:23:28+08:00 ] 127.0.0.1 /admin/weixin/login
INFO: [ app_begin ] --START--
INFO: Run Behavior\ReadHtmlCache [ RunTime:0.001739s ]
INFO: [ app_begin ] --END-- [ RunTime:0.005021s ]
INFO: [ view_parse ] --START--
INFO: [ template_filter ] --START--
INFO: Run Behavior\ContentReplace [ RunTime:0.000427s ]
INFO: [ template_filter ] --END-- [ RunTime:0.001611s ]
INFO: Run Behavior\ParseTemplate [ RunTime:0.028295s ]
INFO: [ view_parse ] --END-- [ RunTime:0.031985s ]
INFO: [ view_filter ] --START--
INFO: Run Behavior\WriteHtmlCache [ RunTime:0.001227s ]
INFO: [ view_filter ] --END-- [ RunTime:0.004679s ]
INFO: [ app_end ] --START--
INFO: Run Behavior\ShowPageTrace [ RunTime:0.001690s ]
INFO: [ app_end ] --END-- [ RunTime:0.003248s ]

[ 2017-02-17T14:23:30+08:00 ] 127.0.0.1 /admin/weixin/login
INFO: [ app_begin ] --START--
INFO: Run Behavior\ReadHtmlCache [ RunTime:0.002182s ]
INFO: [ app_begin ] --END-- [ RunTime:0.005392s ]
INFO: [ view_parse ] --START--
INFO: [ template_filter ] --START--
INFO: Run Behavior\ContentReplace [ RunTime:0.000417s ]
INFO: [ template_filter ] --END-- [ RunTime:0.001572s ]
INFO: Run Behavior\ParseTemplate [ RunTime:0.021708s ]
INFO: [ view_parse ] --END-- [ RunTime:0.023021s ]
INFO: [ view_filter ] --START--
INFO: Run Behavior\WriteHtmlCache [ RunTime:0.001571s ]
INFO: [ view_filter ] --END-- [ RunTime:0.008184s ]
INFO: [ app_end ] --START--
INFO: Run Behavior\ShowPageTrace [ RunTime:0.001070s ]
INFO: [ app_end ] --END-- [ RunTime:0.002283s ]

[ 2017-02-17T14:23:30+08:00 ] 127.0.0.1 /admin/weixin/login
INFO: [ app_begin ] --START--
INFO: Run Behavior\ReadHtmlCache [ RunTime:0.001780s ]
INFO: [ app_begin ] --END-- [ RunTime:0.004397s ]
INFO: [ view_parse ] --START--
INFO: [ template_filter ] --START--
INFO: Run Behavior\ContentReplace [ RunTime:0.000438s ]
INFO: [ template_filter ] --END-- [ RunTime:0.001663s ]
INFO: Run Behavior\ParseTemplate [ RunTime:0.020367s ]
INFO: [ view_parse ] --END-- [ RunTime:0.027272s ]
INFO: [ view_filter ] --START--
INFO: Run Behavior\WriteHtmlCache [ RunTime:0.001175s ]
INFO: [ view_filter ] --END-- [ RunTime:0.002897s ]
INFO: [ app_end ] --START--
INFO: Run Behavior\ShowPageTrace [ RunTime:0.003248s ]
INFO: [ app_end ] --END-- [ RunTime:0.005813s ]

[ 2017-02-17T14:23:30+08:00 ] 127.0.0.1 /admin/weixin/login
INFO: [ app_begin ] --START--
INFO: Run Behavior\ReadHtmlCache [ RunTime:0.000960s ]
INFO: [ app_begin ] --END-- [ RunTime:0.002471s ]
INFO: [ view_parse ] --START--
INFO: [ template_filter ] --START--
INFO: Run Behavior\ContentReplace [ RunTime:0.000585s ]
INFO: [ template_filter ] --END-- [ RunTime:0.003139s ]
INFO: Run Behavior\ParseTemplate [ RunTime:0.022126s ]
INFO: [ view_parse ] --END-- [ RunTime:0.023935s ]
INFO: [ view_filter ] --START--
INFO: Run Behavior\WriteHtmlCache [ RunTime:0.001161s ]
INFO: [ view_filter ] --END-- [ RunTime:0.002737s ]
INFO: [ app_end ] --START--
INFO: Run Behavior\ShowPageTrace [ RunTime:0.001214s ]
INFO: [ app_end ] --END-- [ RunTime:0.002562s ]

[ 2017-02-17T14:23:31+08:00 ] 127.0.0.1 /admin/weixin/login
INFO: [ app_begin ] --START--
INFO: Run Behavior\ReadHtmlCache [ RunTime:0.000864s ]
INFO: [ app_begin ] --END-- [ RunTime:0.002333s ]
INFO: [ view_parse ] --START--
INFO: [ template_filter ] --START--
INFO: Run Behavior\ContentReplace [ RunTime:0.000410s ]
INFO: [ template_filter ] --END-- [ RunTime:0.001552s ]
INFO: Run Behavior\ParseTemplate [ RunTime:0.083799s ]
INFO: [ view_parse ] --END-- [ RunTime:0.085610s ]
INFO: [ view_filter ] --START--
INFO: Run Behavior\WriteHtmlCache [ RunTime:0.001242s ]
INFO: [ view_filter ] --END-- [ RunTime:0.003205s ]
INFO: [ app_end ] --START--
INFO: Run Behavior\ShowPageTrace [ RunTime:0.001897s ]
INFO: [ app_end ] --END-- [ RunTime:0.003487s ]

[ 2017-02-17T14:23:32+08:00 ] 127.0.0.1 /admin/weixin/login
INFO: [ app_begin ] --START--
INFO: Run Behavior\ReadHtmlCache [ RunTime:0.000934s ]
INFO: [ app_begin ] --END-- [ RunTime:0.002543s ]
INFO: [ view_parse ] --START--
INFO: [ template_filter ] --START--
INFO: Run Behavior\ContentReplace [ RunTime:0.000480s ]
INFO: [ template_filter ] --END-- [ RunTime:0.002437s ]
INFO: Run Behavior\ParseTemplate [ RunTime:0.024856s ]
INFO: [ view_parse ] --END-- [ RunTime:0.026380s ]
INFO: [ view_filter ] --START--
INFO: Run Behavior\WriteHtmlCache [ RunTime:0.000740s ]
INFO: [ view_filter ] --END-- [ RunTime:0.002291s ]
INFO: [ app_end ] --START--
INFO: Run Behavior\ShowPageTrace [ RunTime:0.001159s ]
INFO: [ app_end ] --END-- [ RunTime:0.002284s ]

[ 2017-02-17T14:23:32+08:00 ] 127.0.0.1 /admin/weixin/login
INFO: [ app_begin ] --START--
INFO: Run Behavior\ReadHtmlCache [ RunTime:0.000899s ]
INFO: [ app_begin ] --END-- [ RunTime:0.002488s ]
INFO: [ view_parse ] --START--
INFO: [ template_filter ] --START--
INFO: Run Behavior\ContentReplace [ RunTime:0.000425s ]
INFO: [ template_filter ] --END-- [ RunTime:0.001559s ]
INFO: Run Behavior\ParseTemplate [ RunTime:0.017882s ]
INFO: [ view_parse ] --END-- [ RunTime:0.019053s ]
INFO: [ view_filter ] --START--
INFO: Run Behavior\WriteHtmlCache [ RunTime:0.000716s ]
INFO: [ view_filter ] --END-- [ RunTime:0.001869s ]
INFO: [ app_end ] --START--
INFO: Run Behavior\ShowPageTrace [ RunTime:0.001576s ]
INFO: [ app_end ] --END-- [ RunTime:0.003114s ]

[ 2017-02-17T14:23:40+08:00 ] 127.0.0.1 /admin/weixin/login
INFO: [ app_begin ] --START--
INFO: Run Behavior\ReadHtmlCache [ RunTime:0.000974s ]
INFO: [ app_begin ] --END-- [ RunTime:0.002851s ]
INFO: [ view_parse ] --START--
INFO: [ template_filter ] --START--
INFO: Run Behavior\ContentReplace [ RunTime:0.000422s ]
INFO: [ template_filter ] --END-- [ RunTime:0.001567s ]
INFO: Run Behavior\ParseTemplate [ RunTime:0.017614s ]
INFO: [ view_parse ] --END-- [ RunTime:0.018804s ]
INFO: [ view_filter ] --START--
INFO: Run Behavior\WriteHtmlCache [ RunTime:0.000975s ]
INFO: [ view_filter ] --END-- [ RunTime:0.002395s ]
INFO: [ app_end ] --START--
INFO: Run Behavior\ShowPageTrace [ RunTime:0.001918s ]
INFO: [ app_end ] --END-- [ RunTime:0.003146s ]

[ 2017-02-17T14:23:42+08:00 ] 127.0.0.1 /admin/weixin/login
INFO: [ app_begin ] --START--
INFO: Run Behavior\ReadHtmlCache [ RunTime:0.004355s ]
INFO: [ app_begin ] --END-- [ RunTime:0.006782s ]
INFO: [ view_parse ] --START--
INFO: [ template_filter ] --START--
INFO: Run Behavior\ContentReplace [ RunTime:0.000559s ]
INFO: [ template_filter ] --END-- [ RunTime:0.001818s ]
INFO: Run Behavior\ParseTemplate [ RunTime:0.024926s ]
INFO: [ view_parse ] --END-- [ RunTime:0.027095s ]
INFO: [ view_filter ] --START--
INFO: Run Behavior\WriteHtmlCache [ RunTime:0.001247s ]
INFO: [ view_filter ] --END-- [ RunTime:0.003431s ]
INFO: [ app_end ] --START--
INFO: Run Behavior\ShowPageTrace [ RunTime:0.004561s ]
INFO: [ app_end ] --END-- [ RunTime:0.005854s ]

[ 2017-02-17T14:23:58+08:00 ] 127.0.0.1 /admin/weixin/login
INFO: [ app_begin ] --START--
INFO: Run Behavior\ReadHtmlCache [ RunTime:0.001901s ]
INFO: [ app_begin ] --END-- [ RunTime:0.004613s ]
INFO: [ view_parse ] --START--
INFO: [ template_filter ] --START--
INFO: Run Behavior\ContentReplace [ RunTime:0.000418s ]
INFO: [ template_filter ] --END-- [ RunTime:0.001589s ]
INFO: Run Behavior\ParseTemplate [ RunTime:0.023312s ]
INFO: [ view_parse ] --END-- [ RunTime:0.024878s ]
INFO: [ view_filter ] --START--
INFO: Run Behavior\WriteHtmlCache [ RunTime:0.001830s ]
INFO: [ view_filter ] --END-- [ RunTime:0.003347s ]
INFO: [ app_end ] --START--
INFO: Run Behavior\ShowPageTrace [ RunTime:0.006612s ]
INFO: [ app_end ] --END-- [ RunTime:0.008141s ]

[ 2017-02-17T14:24:52+08:00 ] 127.0.0.1 /admin/weixin/login
INFO: [ app_begin ] --START--
INFO: Run Behavior\ReadHtmlCache [ RunTime:0.001153s ]
INFO: [ app_begin ] --END-- [ RunTime:0.005027s ]
INFO: [ view_parse ] --START--
INFO: [ template_filter ] --START--
INFO: Run Behavior\ContentReplace [ RunTime:0.000632s ]
INFO: [ template_filter ] --END-- [ RunTime:0.001832s ]
INFO: Run Behavior\ParseTemplate [ RunTime:0.022988s ]
INFO: [ view_parse ] --END-- [ RunTime:0.024296s ]
INFO: [ view_filter ] --START--
INFO: Run Behavior\WriteHtmlCache [ RunTime:0.000720s ]
INFO: [ view_filter ] --END-- [ RunTime:0.001814s ]
INFO: [ app_end ] --START--
INFO: Run Behavior\ShowPageTrace [ RunTime:0.002407s ]
INFO: [ app_end ] --END-- [ RunTime:0.005897s ]

[ 2017-02-17T14:25:19+08:00 ] 127.0.0.1 /admin/weixin/login
INFO: [ app_begin ] --START--
INFO: Run Behavior\ReadHtmlCache [ RunTime:0.000997s ]
INFO: [ app_begin ] --END-- [ RunTime:0.002971s ]
INFO: [ view_parse ] --START--
INFO: [ template_filter ] --START--
INFO: Run Behavior\ContentReplace [ RunTime:0.000442s ]
INFO: [ template_filter ] --END-- [ RunTime:0.001640s ]
INFO: Run Behavior\ParseTemplate [ RunTime:0.021224s ]
INFO: [ view_parse ] --END-- [ RunTime:0.022663s ]
INFO: [ view_filter ] --START--
INFO: Run Behavior\WriteHtmlCache [ RunTime:0.000781s ]
INFO: [ view_filter ] --END-- [ RunTime:0.002295s ]
INFO: [ app_end ] --START--
INFO: Run Behavior\ShowPageTrace [ RunTime:0.001222s ]
INFO: [ app_end ] --END-- [ RunTime:0.002912s ]

[ 2017-02-17T14:26:54+08:00 ] 127.0.0.1 /admin/weixin/login
INFO: [ app_begin ] --START--
INFO: Run Behavior\ReadHtmlCache [ RunTime:0.001009s ]
INFO: [ app_begin ] --END-- [ RunTime:0.002679s ]
INFO: [ view_parse ] --START--
INFO: [ template_filter ] --START--
INFO: Run Behavior\ContentReplace [ RunTime:0.000444s ]
INFO: [ template_filter ] --END-- [ RunTime:0.001693s ]
INFO: Run Behavior\ParseTemplate [ RunTime:0.022299s ]
INFO: [ view_parse ] --END-- [ RunTime:0.024800s ]
INFO: [ view_filter ] --START--
INFO: Run Behavior\WriteHtmlCache [ RunTime:0.001039s ]
INFO: [ view_filter ] --END-- [ RunTime:0.002220s ]
INFO: [ app_end ] --START--
INFO: Run Behavior\ShowPageTrace [ RunTime:0.001084s ]
INFO: [ app_end ] --END-- [ RunTime:0.002214s ]

[ 2017-02-17T14:27:17+08:00 ] 127.0.0.1 /admin/weixin/login
INFO: [ app_begin ] --START--
INFO: Run Behavior\ReadHtmlCache [ RunTime:0.001169s ]
INFO: [ app_begin ] --END-- [ RunTime:0.003444s ]
INFO: [ view_parse ] --START--
INFO: [ template_filter ] --START--
INFO: Run Behavior\ContentReplace [ RunTime:0.000412s ]
INFO: [ template_filter ] --END-- [ RunTime:0.001630s ]
INFO: Run Behavior\ParseTemplate [ RunTime:0.023279s ]
INFO: [ view_parse ] --END-- [ RunTime:0.025206s ]
INFO: [ view_filter ] --START--
INFO: Run Behavior\WriteHtmlCache [ RunTime:0.000833s ]
INFO: [ view_filter ] --END-- [ RunTime:0.002367s ]
INFO: [ app_end ] --START--
INFO: Run Behavior\ShowPageTrace [ RunTime:0.001211s ]
INFO: [ app_end ] --END-- [ RunTime:0.002398s ]

[ 2017-02-17T14:27:32+08:00 ] 127.0.0.1 /admin/weixin/login
INFO: [ app_begin ] --START--
INFO: Run Behavior\ReadHtmlCache [ RunTime:0.001836s ]
INFO: [ app_begin ] --END-- [ RunTime:0.004058s ]
INFO: [ view_parse ] --START--
INFO: [ template_filter ] --START--
INFO: Run Behavior\ContentReplace [ RunTime:0.000406s ]
INFO: [ template_filter ] --END-- [ RunTime:0.001556s ]
INFO: Run Behavior\ParseTemplate [ RunTime:0.020682s ]
INFO: [ view_parse ] --END-- [ RunTime:0.021843s ]
INFO: [ view_filter ] --START--
INFO: Run Behavior\WriteHtmlCache [ RunTime:0.000709s ]
INFO: [ view_filter ] --END-- [ RunTime:0.001911s ]
INFO: [ app_end ] --START--
INFO: Run Behavior\ShowPageTrace [ RunTime:0.001791s ]
INFO: [ app_end ] --END-- [ RunTime:0.003628s ]

[ 2017-02-17T14:27:38+08:00 ] 127.0.0.1 /admin/weixin/login
INFO: [ app_begin ] --START--
INFO: Run Behavior\ReadHtmlCache [ RunTime:0.001107s ]
INFO: [ app_begin ] --END-- [ RunTime:0.002695s ]
INFO: [ view_parse ] --START--
INFO: [ template_filter ] --START--
INFO: Run Behavior\ContentReplace [ RunTime:0.000421s ]
INFO: [ template_filter ] --END-- [ RunTime:0.001875s ]
INFO: Run Behavior\ParseTemplate [ RunTime:0.021960s ]
INFO: [ view_parse ] --END-- [ RunTime:0.023126s ]
INFO: [ view_filter ] --START--
INFO: Run Behavior\WriteHtmlCache [ RunTime:0.000774s ]
INFO: [ view_filter ] --END-- [ RunTime:0.001923s ]
INFO: [ app_end ] --START--
INFO: Run Behavior\ShowPageTrace [ RunTime:0.001243s ]
INFO: [ app_end ] --END-- [ RunTime:0.003092s ]

[ 2017-02-17T14:29:02+08:00 ] 127.0.0.1 /admin/weixin/login
INFO: [ app_begin ] --START--
INFO: Run Behavior\ReadHtmlCache [ RunTime:0.002459s ]
INFO: [ app_begin ] --END-- [ RunTime:0.006217s ]
INFO: [ view_parse ] --START--
INFO: [ template_filter ] --START--
INFO: Run Behavior\ContentReplace [ RunTime:0.000646s ]
INFO: [ template_filter ] --END-- [ RunTime:0.002172s ]
INFO: Run Behavior\ParseTemplate [ RunTime:0.024784s ]
INFO: [ view_parse ] --END-- [ RunTime:0.025894s ]
INFO: [ view_filter ] --START--
INFO: Run Behavior\WriteHtmlCache [ RunTime:0.000767s ]
INFO: [ view_filter ] --END-- [ RunTime:0.002109s ]
INFO: [ app_end ] --START--
INFO: Run Behavior\ShowPageTrace [ RunTime:0.001224s ]
INFO: [ app_end ] --END-- [ RunTime:0.002417s ]

[ 2017-02-17T14:59:08+08:00 ] 127.0.0.1 /admin/weixin/login
INFO: [ app_begin ] --START--
INFO: Run Behavior\ReadHtmlCache [ RunTime:0.001928s ]
INFO: [ app_begin ] --END-- [ RunTime:0.004560s ]
INFO: [ view_parse ] --START--
INFO: [ template_filter ] --START--
INFO: Run Behavior\ContentReplace [ RunTime:0.000410s ]
INFO: [ template_filter ] --END-- [ RunTime:0.001626s ]
INFO: Run Behavior\ParseTemplate [ RunTime:0.020969s ]
INFO: [ view_parse ] --END-- [ RunTime:0.022592s ]
INFO: [ view_filter ] --START--
INFO: Run Behavior\WriteHtmlCache [ RunTime:0.001275s ]
INFO: [ view_filter ] --END-- [ RunTime:0.003322s ]
INFO: [ app_end ] --START--
INFO: Run Behavior\ShowPageTrace [ RunTime:0.001440s ]
INFO: [ app_end ] --END-- [ RunTime:0.003251s ]

[ 2017-02-17T14:59:11+08:00 ] 127.0.0.1 /admin/weixin/login
INFO: [ app_begin ] --START--
INFO: Run Behavior\ReadHtmlCache [ RunTime:0.000890s ]
INFO: [ app_begin ] --END-- [ RunTime:0.002407s ]
INFO: [ view_parse ] --START--
INFO: [ template_filter ] --START--
INFO: Run Behavior\ContentReplace [ RunTime:0.000418s ]
INFO: [ template_filter ] --END-- [ RunTime:0.001561s ]
INFO: Run Behavior\ParseTemplate [ RunTime:0.024871s ]
INFO: [ view_parse ] --END-- [ RunTime:0.026020s ]
INFO: [ view_filter ] --START--
INFO: Run Behavior\WriteHtmlCache [ RunTime:0.001081s ]
INFO: [ view_filter ] --END-- [ RunTime:0.002746s ]
INFO: [ app_end ] --START--
INFO: Run Behavior\ShowPageTrace [ RunTime:0.001581s ]
INFO: [ app_end ] --END-- [ RunTime:0.003349s ]

[ 2017-02-17T15:05:35+08:00 ] 127.0.0.1 /admin/weixin/login
INFO: [ app_begin ] --START--
INFO: Run Behavior\ReadHtmlCache [ RunTime:0.001762s ]
INFO: [ app_begin ] --END-- [ RunTime:0.004175s ]
INFO: [ view_parse ] --START--
INFO: [ template_filter ] --START--
INFO: Run Behavior\ContentReplace [ RunTime:0.000409s ]
INFO: [ template_filter ] --END-- [ RunTime:0.002077s ]
INFO: Run Behavior\ParseTemplate [ RunTime:0.030606s ]
INFO: [ view_parse ] --END-- [ RunTime:0.032663s ]
INFO: [ view_filter ] --START--
INFO: Run Behavior\WriteHtmlCache [ RunTime:0.001183s ]
INFO: [ view_filter ] --END-- [ RunTime:0.002791s ]
INFO: [ app_end ] --START--
INFO: Run Behavior\ShowPageTrace [ RunTime:0.001099s ]
INFO: [ app_end ] --END-- [ RunTime:0.002203s ]

[ 2017-02-17T15:05:37+08:00 ] 127.0.0.1 /admin/weixin/login
INFO: [ app_begin ] --START--
INFO: Run Behavior\ReadHtmlCache [ RunTime:0.000862s ]
INFO: [ app_begin ] --END-- [ RunTime:0.002423s ]
INFO: [ view_parse ] --START--
INFO: [ template_filter ] --START--
INFO: Run Behavior\ContentReplace [ RunTime:0.000419s ]
INFO: [ template_filter ] --END-- [ RunTime:0.001546s ]
INFO: Run Behavior\ParseTemplate [ RunTime:0.020772s ]
INFO: [ view_parse ] --END-- [ RunTime:0.022193s ]
INFO: [ view_filter ] --START--
INFO: Run Behavior\WriteHtmlCache [ RunTime:0.002389s ]
INFO: [ view_filter ] --END-- [ RunTime:0.004462s ]
INFO: [ app_end ] --START--
INFO: Run Behavior\ShowPageTrace [ RunTime:0.001501s ]
INFO: [ app_end ] --END-- [ RunTime:0.002914s ]

[ 2017-02-17T15:06:15+08:00 ] 127.0.0.1 /admin/weixin/login
INFO: [ app_begin ] --START--
INFO: Run Behavior\ReadHtmlCache [ RunTime:0.001393s ]
INFO: [ app_begin ] --END-- [ RunTime:0.003481s ]
INFO: [ view_parse ] --START--
INFO: [ template_filter ] --START--
INFO: Run Behavior\ContentReplace [ RunTime:0.001073s ]
INFO: [ template_filter ] --END-- [ RunTime:0.003164s ]
INFO: Run Behavior\ParseTemplate [ RunTime:0.021753s ]
INFO: [ view_parse ] --END-- [ RunTime:0.023982s ]
INFO: [ view_filter ] --START--
INFO: Run Behavior\WriteHtmlCache [ RunTime:0.002179s ]
INFO: [ view_filter ] --END-- [ RunTime:0.005636s ]
INFO: [ app_end ] --START--
INFO: Run Behavior\ShowPageTrace [ RunTime:0.001111s ]
INFO: [ app_end ] --END-- [ RunTime:0.002228s ]

[ 2017-02-17T15:06:16+08:00 ] 127.0.0.1 /admin/weixin/login
INFO: [ app_begin ] --START--
INFO: Run Behavior\ReadHtmlCache [ RunTime:0.000957s ]
INFO: [ app_begin ] --END-- [ RunTime:0.003157s ]
INFO: [ view_parse ] --START--
INFO: [ template_filter ] --START--
INFO: Run Behavior\ContentReplace [ RunTime:0.000414s ]
INFO: [ template_filter ] --END-- [ RunTime:0.001526s ]
INFO: Run Behavior\ParseTemplate [ RunTime:0.019754s ]
INFO: [ view_parse ] --END-- [ RunTime:0.021167s ]
INFO: [ view_filter ] --START--
INFO: Run Behavior\WriteHtmlCache [ RunTime:0.000723s ]
INFO: [ view_filter ] --END-- [ RunTime:0.001876s ]
INFO: [ app_end ] --START--
INFO: Run Behavior\ShowPageTrace [ RunTime:0.000964s ]
INFO: [ app_end ] --END-- [ RunTime:0.002036s ]

[ 2017-02-17T15:06:16+08:00 ] 127.0.0.1 /admin/weixin/login
INFO: [ app_begin ] --START--
INFO: Run Behavior\ReadHtmlCache [ RunTime:0.001381s ]
INFO: [ app_begin ] --END-- [ RunTime:0.004053s ]
INFO: [ view_parse ] --START--
INFO: [ template_filter ] --START--
INFO: Run Behavior\ContentReplace [ RunTime:0.000413s ]
INFO: [ template_filter ] --END-- [ RunTime:0.001545s ]
INFO: Run Behavior\ParseTemplate [ RunTime:0.022026s ]
INFO: [ view_parse ] --END-- [ RunTime:0.023729s ]
INFO: [ view_filter ] --START--
INFO: Run Behavior\WriteHtmlCache [ RunTime:0.000889s ]
INFO: [ view_filter ] --END-- [ RunTime:0.002119s ]
INFO: [ app_end ] --START--
INFO: Run Behavior\ShowPageTrace [ RunTime:0.001083s ]
INFO: [ app_end ] --END-- [ RunTime:0.002152s ]

[ 2017-02-17T15:06:17+08:00 ] 127.0.0.1 /admin/weixin/login
INFO: [ app_begin ] --START--
INFO: Run Behavior\ReadHtmlCache [ RunTime:0.001655s ]
INFO: [ app_begin ] --END-- [ RunTime:0.004404s ]
INFO: [ view_parse ] --START--
INFO: [ template_filter ] --START--
INFO: Run Behavior\ContentReplace [ RunTime:0.001093s ]
INFO: [ template_filter ] --END-- [ RunTime:0.004004s ]
INFO: Run Behavior\ParseTemplate [ RunTime:0.037348s ]
INFO: [ view_parse ] --END-- [ RunTime:0.039129s ]
INFO: [ view_filter ] --START--
INFO: Run Behavior\WriteHtmlCache [ RunTime:0.000769s ]
INFO: [ view_filter ] --END-- [ RunTime:0.001935s ]
INFO: [ app_end ] --START--
INFO: Run Behavior\ShowPageTrace [ RunTime:0.001968s ]
INFO: [ app_end ] --END-- [ RunTime:0.004838s ]

[ 2017-02-17T15:06:18+08:00 ] 127.0.0.1 /admin/weixin/login
INFO: [ app_begin ] --START--
INFO: Run Behavior\ReadHtmlCache [ RunTime:0.000904s ]
INFO: [ app_begin ] --END-- [ RunTime:0.002713s ]
INFO: [ view_parse ] --START--
INFO: [ template_filter ] --START--
INFO: Run Behavior\ContentReplace [ RunTime:0.000684s ]
INFO: [ template_filter ] --END-- [ RunTime:0.002664s ]
INFO: Run Behavior\ParseTemplate [ RunTime:0.022811s ]
INFO: [ view_parse ] --END-- [ RunTime:0.024559s ]
INFO: [ view_filter ] --START--
INFO: Run Behavior\WriteHtmlCache [ RunTime:0.004149s ]
INFO: [ view_filter ] --END-- [ RunTime:0.009295s ]
INFO: [ app_end ] --START--
INFO: Run Behavior\ShowPageTrace [ RunTime:0.001155s ]
INFO: [ app_end ] --END-- [ RunTime:0.002349s ]

[ 2017-02-17T15:06:18+08:00 ] 127.0.0.1 /admin/weixin/login
INFO: [ app_begin ] --START--
INFO: Run Behavior\ReadHtmlCache [ RunTime:0.001909s ]
INFO: [ app_begin ] --END-- [ RunTime:0.005150s ]
INFO: [ view_parse ] --START--
INFO: [ template_filter ] --START--
INFO: Run Behavior\ContentReplace [ RunTime:0.003818s ]
INFO: [ template_filter ] --END-- [ RunTime:0.006818s ]
INFO: Run Behavior\ParseTemplate [ RunTime:0.041238s ]
INFO: [ view_parse ] --END-- [ RunTime:0.044535s ]
INFO: [ view_filter ] --START--
INFO: Run Behavior\WriteHtmlCache [ RunTime:0.001648s ]
INFO: [ view_filter ] --END-- [ RunTime:0.003714s ]
INFO: [ app_end ] --START--
INFO: Run Behavior\ShowPageTrace [ RunTime:0.002718s ]
INFO: [ app_end ] --END-- [ RunTime:0.006161s ]

[ 2017-02-17T15:06:19+08:00 ] 127.0.0.1 /admin/weixin/login
INFO: [ app_begin ] --START--
INFO: Run Behavior\ReadHtmlCache [ RunTime:0.001771s ]
INFO: [ app_begin ] --END-- [ RunTime:0.006185s ]
INFO: [ view_parse ] --START--
INFO: [ template_filter ] --START--
INFO: Run Behavior\ContentReplace [ RunTime:0.000768s ]
INFO: [ template_filter ] --END-- [ RunTime:0.002702s ]
INFO: Run Behavior\ParseTemplate [ RunTime:0.025045s ]
INFO: [ view_parse ] --END-- [ RunTime:0.027143s ]
INFO: [ view_filter ] --START--
INFO: Run Behavior\WriteHtmlCache [ RunTime:0.000777s ]
INFO: [ view_filter ] --END-- [ RunTime:0.002207s ]
INFO: [ app_end ] --START--
INFO: Run Behavior\ShowPageTrace [ RunTime:0.000995s ]
INFO: [ app_end ] --END-- [ RunTime:0.002157s ]

[ 2017-02-17T15:06:19+08:00 ] 127.0.0.1 /admin/weixin/login
INFO: [ app_begin ] --START--
INFO: Run Behavior\ReadHtmlCache [ RunTime:0.000861s ]
INFO: [ app_begin ] --END-- [ RunTime:0.002347s ]
INFO: [ view_parse ] --START--
INFO: [ template_filter ] --START--
INFO: Run Behavior\ContentReplace [ RunTime:0.000385s ]
INFO: [ template_filter ] --END-- [ RunTime:0.001620s ]
INFO: Run Behavior\ParseTemplate [ RunTime:0.019950s ]
INFO: [ view_parse ] --END-- [ RunTime:0.021341s ]
INFO: [ view_filter ] --START--
INFO: Run Behavior\WriteHtmlCache [ RunTime:0.001126s ]
INFO: [ view_filter ] --END-- [ RunTime:0.004232s ]
INFO: [ app_end ] --START--
INFO: Run Behavior\ShowPageTrace [ RunTime:0.001725s ]
INFO: [ app_end ] --END-- [ RunTime:0.003220s ]

[ 2017-02-17T15:06:48+08:00 ] 127.0.0.1 /admin/weixin/login
INFO: [ app_begin ] --START--
INFO: Run Behavior\ReadHtmlCache [ RunTime:0.000911s ]
INFO: [ app_begin ] --END-- [ RunTime:0.003039s ]
INFO: [ view_parse ] --START--
INFO: [ template_filter ] --START--
INFO: Run Behavior\ContentReplace [ RunTime:0.000593s ]
INFO: [ template_filter ] --END-- [ RunTime:0.002446s ]
INFO: Run Behavior\ParseTemplate [ RunTime:0.022438s ]
INFO: [ view_parse ] --END-- [ RunTime:0.023733s ]
INFO: [ view_filter ] --START--
INFO: Run Behavior\WriteHtmlCache [ RunTime:0.002381s ]
INFO: [ view_filter ] --END-- [ RunTime:0.004419s ]
INFO: [ app_end ] --START--
INFO: Run Behavior\ShowPageTrace [ RunTime:0.001408s ]
INFO: [ app_end ] --END-- [ RunTime:0.003010s ]

[ 2017-02-17T15:06:48+08:00 ] 127.0.0.1 /admin/weixin/login
INFO: [ app_begin ] --START--
INFO: Run Behavior\ReadHtmlCache [ RunTime:0.000905s ]
INFO: [ app_begin ] --END-- [ RunTime:0.002624s ]
INFO: [ view_parse ] --START--
INFO: [ template_filter ] --START--
INFO: Run Behavior\ContentReplace [ RunTime:0.000588s ]
INFO: [ template_filter ] --END-- [ RunTime:0.002017s ]
INFO: Run Behavior\ParseTemplate [ RunTime:0.024907s ]
INFO: [ view_parse ] --END-- [ RunTime:0.026402s ]
INFO: [ view_filter ] --START--
INFO: Run Behavior\WriteHtmlCache [ RunTime:0.007389s ]
INFO: [ view_filter ] --END-- [ RunTime:0.010941s ]
INFO: [ app_end ] --START--
INFO: Run Behavior\ShowPageTrace [ RunTime:0.001174s ]
INFO: [ app_end ] --END-- [ RunTime:0.002322s ]

[ 2017-02-17T15:06:49+08:00 ] 127.0.0.1 /admin/weixin/login
INFO: [ app_begin ] --START--
INFO: Run Behavior\ReadHtmlCache [ RunTime:0.001313s ]
INFO: [ app_begin ] --END-- [ RunTime:0.003011s ]
INFO: [ view_parse ] --START--
INFO: [ template_filter ] --START--
INFO: Run Behavior\ContentReplace [ RunTime:0.000423s ]
INFO: [ template_filter ] --END-- [ RunTime:0.002082s ]
INFO: Run Behavior\ParseTemplate [ RunTime:0.019634s ]
INFO: [ view_parse ] --END-- [ RunTime:0.020715s ]
INFO: [ view_filter ] --START--
INFO: Run Behavior\WriteHtmlCache [ RunTime:0.000662s ]
INFO: [ view_filter ] --END-- [ RunTime:0.001768s ]
INFO: [ app_end ] --START--
INFO: Run Behavior\ShowPageTrace [ RunTime:0.002029s ]
INFO: [ app_end ] --END-- [ RunTime:0.004009s ]

[ 2017-02-17T15:06:49+08:00 ] 127.0.0.1 /admin/weixin/login
INFO: [ app_begin ] --START--
INFO: Run Behavior\ReadHtmlCache [ RunTime:0.003191s ]
INFO: [ app_begin ] --END-- [ RunTime:0.005835s ]
INFO: [ view_parse ] --START--
INFO: [ template_filter ] --START--
INFO: Run Behavior\ContentReplace [ RunTime:0.000839s ]
INFO: [ template_filter ] --END-- [ RunTime:0.004236s ]
INFO: Run Behavior\ParseTemplate [ RunTime:0.032307s ]
INFO: [ view_parse ] --END-- [ RunTime:0.034339s ]
INFO: [ view_filter ] --START--
INFO: Run Behavior\WriteHtmlCache [ RunTime:0.001347s ]
INFO: [ view_filter ] --END-- [ RunTime:0.002971s ]
INFO: [ app_end ] --START--
INFO: Run Behavior\ShowPageTrace [ RunTime:0.001827s ]
INFO: [ app_end ] --END-- [ RunTime:0.003078s ]

[ 2017-02-17T15:06:50+08:00 ] 127.0.0.1 /admin/weixin/login
INFO: [ app_begin ] --START--
INFO: Run Behavior\ReadHtmlCache [ RunTime:0.001563s ]
INFO: [ app_begin ] --END-- [ RunTime:0.005693s ]
INFO: [ view_parse ] --START--
INFO: [ template_filter ] --START--
INFO: Run Behavior\ContentReplace [ RunTime:0.000631s ]
INFO: [ template_filter ] --END-- [ RunTime:0.002170s ]
INFO: Run Behavior\ParseTemplate [ RunTime:0.031582s ]
INFO: [ view_parse ] --END-- [ RunTime:0.032925s ]
INFO: [ view_filter ] --START--
INFO: Run Behavior\WriteHtmlCache [ RunTime:0.000758s ]
INFO: [ view_filter ] --END-- [ RunTime:0.002012s ]
INFO: [ app_end ] --START--
INFO: Run Behavior\ShowPageTrace [ RunTime:0.002740s ]
INFO: [ app_end ] --END-- [ RunTime:0.004878s ]

[ 2017-02-17T15:06:50+08:00 ] 127.0.0.1 /admin/weixin/login
INFO: [ app_begin ] --START--
INFO: Run Behavior\ReadHtmlCache [ RunTime:0.001059s ]
INFO: [ app_begin ] --END-- [ RunTime:0.003181s ]
INFO: [ view_parse ] --START--
INFO: [ template_filter ] --START--
INFO: Run Behavior\ContentReplace [ RunTime:0.000744s ]
INFO: [ template_filter ] --END-- [ RunTime:0.003188s ]
INFO: Run Behavior\ParseTemplate [ RunTime:0.021567s ]
INFO: [ view_parse ] --END-- [ RunTime:0.023067s ]
INFO: [ view_filter ] --START--
INFO: Run Behavior\WriteHtmlCache [ RunTime:0.000995s ]
INFO: [ view_filter ] --END-- [ RunTime:0.002179s ]
INFO: [ app_end ] --START--
INFO: Run Behavior\ShowPageTrace [ RunTime:0.001444s ]
INFO: [ app_end ] --END-- [ RunTime:0.002894s ]

[ 2017-02-17T15:06:51+08:00 ] 127.0.0.1 /admin/weixin/login
INFO: [ app_begin ] --START--
INFO: Run Behavior\ReadHtmlCache [ RunTime:0.001175s ]
INFO: [ app_begin ] --END-- [ RunTime:0.003648s ]
INFO: [ view_parse ] --START--
INFO: [ template_filter ] --START--
INFO: Run Behavior\ContentReplace [ RunTime:0.000384s ]
INFO: [ template_filter ] --END-- [ RunTime:0.001719s ]
INFO: Run Behavior\ParseTemplate [ RunTime:0.019166s ]
INFO: [ view_parse ] --END-- [ RunTime:0.020839s ]
INFO: [ view_filter ] --START--
INFO: Run Behavior\WriteHtmlCache [ RunTime:0.000685s ]
INFO: [ view_filter ] --END-- [ RunTime:0.001845s ]
INFO: [ app_end ] --START--
INFO: Run Behavior\ShowPageTrace [ RunTime:0.001174s ]
INFO: [ app_end ] --END-- [ RunTime:0.002707s ]

[ 2017-02-17T15:06:54+08:00 ] 127.0.0.1 /admin/weixin/login
INFO: [ app_begin ] --START--
INFO: Run Behavior\ReadHtmlCache [ RunTime:0.000855s ]
INFO: [ app_begin ] --END-- [ RunTime:0.002375s ]
INFO: [ view_parse ] --START--
INFO: [ template_filter ] --START--
INFO: Run Behavior\ContentReplace [ RunTime:0.000793s ]
INFO: [ template_filter ] --END-- [ RunTime:0.002234s ]
INFO: Run Behavior\ParseTemplate [ RunTime:0.025786s ]
INFO: [ view_parse ] --END-- [ RunTime:0.029206s ]
INFO: [ view_filter ] --START--
INFO: Run Behavior\WriteHtmlCache [ RunTime:0.000997s ]
INFO: [ view_filter ] --END-- [ RunTime:0.002296s ]
INFO: [ app_end ] --START--
INFO: Run Behavior\ShowPageTrace [ RunTime:0.001096s ]
INFO: [ app_end ] --END-- [ RunTime:0.002488s ]

[ 2017-02-17T15:06:54+08:00 ] 127.0.0.1 /admin/weixin/login
INFO: [ app_begin ] --START--
INFO: Run Behavior\ReadHtmlCache [ RunTime:0.001270s ]
INFO: [ app_begin ] --END-- [ RunTime:0.004252s ]
INFO: [ view_parse ] --START--
INFO: [ template_filter ] --START--
INFO: Run Behavior\ContentReplace [ RunTime:0.000415s ]
INFO: [ template_filter ] --END-- [ RunTime:0.001584s ]
INFO: Run Behavior\ParseTemplate [ RunTime:0.027725s ]
INFO: [ view_parse ] --END-- [ RunTime:0.029103s ]
INFO: [ view_filter ] --START--
INFO: Run Behavior\WriteHtmlCache [ RunTime:0.001207s ]
INFO: [ view_filter ] --END-- [ RunTime:0.003554s ]
INFO: [ app_end ] --START--
INFO: Run Behavior\ShowPageTrace [ RunTime:0.002829s ]
INFO: [ app_end ] --END-- [ RunTime:0.004210s ]

[ 2017-02-17T15:06:55+08:00 ] 127.0.0.1 /admin/weixin/login
INFO: [ app_begin ] --START--
INFO: Run Behavior\ReadHtmlCache [ RunTime:0.000856s ]
INFO: [ app_begin ] --END-- [ RunTime:0.002337s ]
INFO: [ view_parse ] --START--
INFO: [ template_filter ] --START--
INFO: Run Behavior\ContentReplace [ RunTime:0.000413s ]
INFO: [ template_filter ] --END-- [ RunTime:0.001532s ]
INFO: Run Behavior\ParseTemplate [ RunTime:0.026262s ]
INFO: [ view_parse ] --END-- [ RunTime:0.028839s ]
INFO: [ view_filter ] --START--
INFO: Run Behavior\WriteHtmlCache [ RunTime:0.004109s ]
INFO: [ view_filter ] --END-- [ RunTime:0.005999s ]
INFO: [ app_end ] --START--
INFO: Run Behavior\ShowPageTrace [ RunTime:0.001578s ]
INFO: [ app_end ] --END-- [ RunTime:0.003645s ]

[ 2017-02-17T15:07:51+08:00 ] 127.0.0.1 /admin/weixin/login
INFO: [ app_begin ] --START--
INFO: Run Behavior\ReadHtmlCache [ RunTime:0.001713s ]
INFO: [ app_begin ] --END-- [ RunTime:0.004346s ]
INFO: [ view_parse ] --START--
INFO: [ template_filter ] --START--
INFO: Run Behavior\ContentReplace [ RunTime:0.000716s ]
INFO: [ template_filter ] --END-- [ RunTime:0.002281s ]
INFO: Run Behavior\ParseTemplate [ RunTime:0.022296s ]
INFO: [ view_parse ] --END-- [ RunTime:0.024043s ]
INFO: [ view_filter ] --START--
INFO: Run Behavior\WriteHtmlCache [ RunTime:0.000850s ]
INFO: [ view_filter ] --END-- [ RunTime:0.002595s ]
INFO: [ app_end ] --START--
INFO: Run Behavior\ShowPageTrace [ RunTime:0.001173s ]
INFO: [ app_end ] --END-- [ RunTime:0.002364s ]

[ 2017-02-17T15:07:54+08:00 ] 127.0.0.1 /admin/weixin/login
INFO: [ app_begin ] --START--
INFO: Run Behavior\ReadHtmlCache [ RunTime:0.000933s ]
INFO: [ app_begin ] --END-- [ RunTime:0.002557s ]
INFO: [ view_parse ] --START--
INFO: [ template_filter ] --START--
INFO: Run Behavior\ContentReplace [ RunTime:0.000676s ]
INFO: [ template_filter ] --END-- [ RunTime:0.002517s ]
INFO: Run Behavior\ParseTemplate [ RunTime:0.037433s ]
INFO: [ view_parse ] --END-- [ RunTime:0.039324s ]
INFO: [ view_filter ] --START--
INFO: Run Behavior\WriteHtmlCache [ RunTime:0.001212s ]
INFO: [ view_filter ] --END-- [ RunTime:0.003549s ]
INFO: [ app_end ] --START--
INFO: Run Behavior\ShowPageTrace [ RunTime:0.002510s ]
INFO: [ app_end ] --END-- [ RunTime:0.004396s ]

[ 2017-02-17T15:07:56+08:00 ] 127.0.0.1 /admin/weixin/login
INFO: [ app_begin ] --START--
INFO: Run Behavior\ReadHtmlCache [ RunTime:0.001664s ]
INFO: [ app_begin ] --END-- [ RunTime:0.004449s ]
INFO: [ view_parse ] --START--
INFO: [ template_filter ] --START--
INFO: Run Behavior\ContentReplace [ RunTime:0.000803s ]
INFO: [ template_filter ] --END-- [ RunTime:0.004231s ]
INFO: Run Behavior\ParseTemplate [ RunTime:0.040466s ]
INFO: [ view_parse ] --END-- [ RunTime:0.043004s ]
INFO: [ view_filter ] --START--
INFO: Run Behavior\WriteHtmlCache [ RunTime:0.001484s ]
INFO: [ view_filter ] --END-- [ RunTime:0.003569s ]
INFO: [ app_end ] --START--
INFO: Run Behavior\ShowPageTrace [ RunTime:0.001976s ]
INFO: [ app_end ] --END-- [ RunTime:0.007552s ]

[ 2017-02-17T15:07:56+08:00 ] 127.0.0.1 /admin/weixin/login
INFO: [ app_begin ] --START--
INFO: Run Behavior\ReadHtmlCache [ RunTime:0.001802s ]
INFO: [ app_begin ] --END-- [ RunTime:0.006759s ]
INFO: [ view_parse ] --START--
INFO: [ template_filter ] --START--
INFO: Run Behavior\ContentReplace [ RunTime:0.000452s ]
INFO: [ template_filter ] --END-- [ RunTime:0.002142s ]
INFO: Run Behavior\ParseTemplate [ RunTime:0.033364s ]
INFO: [ view_parse ] --END-- [ RunTime:0.035278s ]
INFO: [ view_filter ] --START--
INFO: Run Behavior\WriteHtmlCache [ RunTime:0.001178s ]
INFO: [ view_filter ] --END-- [ RunTime:0.003223s ]
INFO: [ app_end ] --START--
INFO: Run Behavior\ShowPageTrace [ RunTime:0.002593s ]
INFO: [ app_end ] --END-- [ RunTime:0.005172s ]

[ 2017-02-17T15:07:57+08:00 ] 127.0.0.1 /admin/weixin/login
INFO: [ app_begin ] --START--
INFO: Run Behavior\ReadHtmlCache [ RunTime:0.002808s ]
INFO: [ app_begin ] --END-- [ RunTime:0.006489s ]
INFO: [ view_parse ] --START--
INFO: [ template_filter ] --START--
INFO: Run Behavior\ContentReplace [ RunTime:0.000549s ]
INFO: [ template_filter ] --END-- [ RunTime:0.002125s ]
INFO: Run Behavior\ParseTemplate [ RunTime:0.020886s ]
INFO: [ view_parse ] --END-- [ RunTime:0.022549s ]
INFO: [ view_filter ] --START--
INFO: Run Behavior\WriteHtmlCache [ RunTime:0.001365s ]
INFO: [ view_filter ] --END-- [ RunTime:0.003864s ]
INFO: [ app_end ] --START--
INFO: Run Behavior\ShowPageTrace [ RunTime:0.001310s ]
INFO: [ app_end ] --END-- [ RunTime:0.002888s ]

[ 2017-02-17T15:08:08+08:00 ] 127.0.0.1 /admin/weixin/login
INFO: [ app_begin ] --START--
INFO: Run Behavior\ReadHtmlCache [ RunTime:0.001683s ]
INFO: [ app_begin ] --END-- [ RunTime:0.005539s ]
INFO: [ view_parse ] --START--
INFO: [ template_filter ] --START--
INFO: Run Behavior\ContentReplace [ RunTime:0.000535s ]
INFO: [ template_filter ] --END-- [ RunTime:0.002165s ]
INFO: Run Behavior\ParseTemplate [ RunTime:0.021674s ]
INFO: [ view_parse ] --END-- [ RunTime:0.022854s ]
INFO: [ view_filter ] --START--
INFO: Run Behavior\WriteHtmlCache [ RunTime:0.000726s ]
INFO: [ view_filter ] --END-- [ RunTime:0.001882s ]
INFO: [ app_end ] --START--
INFO: Run Behavior\ShowPageTrace [ RunTime:0.002204s ]
INFO: [ app_end ] --END-- [ RunTime:0.004120s ]

[ 2017-02-17T15:09:30+08:00 ] 127.0.0.1 /admin/weixin/login
INFO: [ app_begin ] --START--
INFO: Run Behavior\ReadHtmlCache [ RunTime:0.001076s ]
INFO: [ app_begin ] --END-- [ RunTime:0.003365s ]
INFO: [ view_parse ] --START--
INFO: [ template_filter ] --START--
INFO: Run Behavior\ContentReplace [ RunTime:0.000653s ]
INFO: [ template_filter ] --END-- [ RunTime:0.004499s ]
INFO: Run Behavior\ParseTemplate [ RunTime:0.026327s ]
INFO: [ view_parse ] --END-- [ RunTime:0.027865s ]
INFO: [ view_filter ] --START--
INFO: Run Behavior\WriteHtmlCache [ RunTime:0.000749s ]
INFO: [ view_filter ] --END-- [ RunTime:0.001897s ]
INFO: [ app_end ] --START--
INFO: Run Behavior\ShowPageTrace [ RunTime:0.004850s ]
INFO: [ app_end ] --END-- [ RunTime:0.007567s ]

[ 2017-02-17T15:09:32+08:00 ] 127.0.0.1 /admin/weixin/login
INFO: [ app_begin ] --START--
INFO: Run Behavior\ReadHtmlCache [ RunTime:0.000986s ]
INFO: [ app_begin ] --END-- [ RunTime:0.002887s ]
INFO: [ view_parse ] --START--
INFO: [ template_filter ] --START--
INFO: Run Behavior\ContentReplace [ RunTime:0.000489s ]
INFO: [ template_filter ] --END-- [ RunTime:0.002296s ]
INFO: Run Behavior\ParseTemplate [ RunTime:0.024626s ]
INFO: [ view_parse ] --END-- [ RunTime:0.026608s ]
INFO: [ view_filter ] --START--
INFO: Run Behavior\WriteHtmlCache [ RunTime:0.000735s ]
INFO: [ view_filter ] --END-- [ RunTime:0.001934s ]
INFO: [ app_end ] --START--
INFO: Run Behavior\ShowPageTrace [ RunTime:0.001312s ]
INFO: [ app_end ] --END-- [ RunTime:0.002448s ]

[ 2017-02-17T15:21:00+08:00 ] 127.0.0.1 /admin/weixin/login
INFO: [ app_begin ] --START--
INFO: Run Behavior\ReadHtmlCache [ RunTime:0.001537s ]
INFO: [ app_begin ] --END-- [ RunTime:0.003509s ]
ERR: 模板不存在:./Apps/Admin/View/Weixin/login.tpl

[ 2017-02-17T15:21:30+08:00 ] 127.0.0.1 /admin/weixin/login
INFO: [ app_begin ] --START--
INFO: Run Behavior\ReadHtmlCache [ RunTime:0.001354s ]
INFO: [ app_begin ] --END-- [ RunTime:0.003221s ]
INFO: [ view_parse ] --START--
INFO: [ template_filter ] --START--
INFO: Run Behavior\ContentReplace [ RunTime:0.000633s ]
INFO: [ template_filter ] --END-- [ RunTime:0.003803s ]
INFO: Run Behavior\ParseTemplate [ RunTime:0.028338s ]
INFO: [ view_parse ] --END-- [ RunTime:0.029480s ]
INFO: [ view_filter ] --START--
INFO: Run Behavior\WriteHtmlCache [ RunTime:0.000761s ]
INFO: [ view_filter ] --END-- [ RunTime:0.001897s ]
INFO: [ app_end ] --START--
INFO: Run Behavior\ShowPageTrace [ RunTime:0.001117s ]
INFO: [ app_end ] --END-- [ RunTime:0.003040s ]

[ 2017-02-17T15:21:38+08:00 ] 127.0.0.1 /admin/weixin/login
INFO: [ app_begin ] --START--
INFO: Run Behavior\ReadHtmlCache [ RunTime:0.001496s ]
INFO: [ app_begin ] --END-- [ RunTime:0.003167s ]
INFO: [ view_parse ] --START--
INFO: [ template_filter ] --START--
INFO: Run Behavior\ContentReplace [ RunTime:0.000507s ]
INFO: [ template_filter ] --END-- [ RunTime:0.002018s ]
INFO: Run Behavior\ParseTemplate [ RunTime:0.022693s ]
INFO: [ view_parse ] --END-- [ RunTime:0.024152s ]
INFO: [ view_filter ] --START--
INFO: Run Behavior\WriteHtmlCache [ RunTime:0.001250s ]
INFO: [ view_filter ] --END-- [ RunTime:0.004210s ]
INFO: [ app_end ] --START--
INFO: Run Behavior\ShowPageTrace [ RunTime:0.001090s ]
INFO: [ app_end ] --END-- [ RunTime:0.002230s ]

[ 2017-02-17T15:21:46+08:00 ] 127.0.0.1 /admin/weixin/login
INFO: [ app_begin ] --START--
INFO: Run Behavior\ReadHtmlCache [ RunTime:0.000911s ]
INFO: [ app_begin ] --END-- [ RunTime:0.002444s ]
INFO: [ view_parse ] --START--
INFO: [ template_filter ] --START--
INFO: Run Behavior\ContentReplace [ RunTime:0.003193s ]
INFO: [ template_filter ] --END-- [ RunTime:0.006280s ]
INFO: Run Behavior\ParseTemplate [ RunTime:0.026991s ]
INFO: [ view_parse ] --END-- [ RunTime:0.028206s ]
INFO: [ view_filter ] --START--
INFO: Run Behavior\WriteHtmlCache [ RunTime:0.002618s ]
INFO: [ view_filter ] --END-- [ RunTime:0.006404s ]
INFO: [ app_end ] --START--
INFO: Run Behavior\ShowPageTrace [ RunTime:0.001662s ]
INFO: [ app_end ] --END-- [ RunTime:0.003592s ]

